CRITICAL - 2022-04-03 07:37:41 --> Undefined variable: categories
#0 C:\wamp64\www\chopesgames\app\Views\templates\header.php(52): CodeIgniter\Debug\Exceptions->errorHandler(8, 'Undefined varia...', 'C:\\wamp64\\www\\c...', 52, Array)
#1 C:\wamp64\www\chopesgames\system\View\View.php(214): include('C:\\wamp64\\www\\c...')
#2 C:\wamp64\www\chopesgames\system\View\View.php(217): CodeIgniter\View\View->CodeIgniter\View\{closure}()
#3 C:\wamp64\www\chopesgames\system\Common.php(1097): CodeIgniter\View\View->render('templates/heade...', Array, true)
#4 C:\wamp64\www\chopesgames\app\Controllers\AdministrateurSuper.php(437): view('templates/heade...', Array)
#5 C:\wamp64\www\chopesgames\app\Controllers\AdministrateurSuper.php(406): App\Controllers\AdministrateurSuper->sendEmail(31)
#6 C:\wamp64\www\chopesgames\system\CodeIgniter.php(824): App\Controllers\AdministrateurSuper->saisiNewsletter()
#7 C:\wamp64\www\chopesgames\system\CodeIgniter.php(410): CodeIgniter\CodeIgniter->runController(Object(App\Controllers\AdministrateurSuper))
#8 C:\wamp64\www\chopesgames\system\CodeIgniter.php(318): CodeIgniter\CodeIgniter->handleRequest(NULL, Object(Config\Cache), false)
#9 C:\wamp64\www\chopesgames\public\index.php(37): CodeIgniter\CodeIgniter->run()
#10 C:\wamp64\www\chopesgames\system\Commands\Server\rewrite.php(43): require_once('C:\\wamp64\\www\\c...')
#11 {main}
CRITICAL - 2022-04-03 07:38:41 --> Undefined variable: categories
#0 C:\wamp64\www\chopesgames\app\Views\templates\header.php(52): CodeIgniter\Debug\Exceptions->errorHandler(8, 'Undefined varia...', 'C:\\wamp64\\www\\c...', 52, Array)
#1 C:\wamp64\www\chopesgames\system\View\View.php(214): include('C:\\wamp64\\www\\c...')
#2 C:\wamp64\www\chopesgames\system\View\View.php(217): CodeIgniter\View\View->CodeIgniter\View\{closure}()
#3 C:\wamp64\www\chopesgames\system\Common.php(1097): CodeIgniter\View\View->render('templates/heade...', Array, true)
#4 C:\wamp64\www\chopesgames\app\Controllers\AdministrateurSuper.php(437): view('templates/heade...')
#5 C:\wamp64\www\chopesgames\app\Controllers\AdministrateurSuper.php(406): App\Controllers\AdministrateurSuper->sendEmail(32)
#6 C:\wamp64\www\chopesgames\system\CodeIgniter.php(824): App\Controllers\AdministrateurSuper->saisiNewsletter()
#7 C:\wamp64\www\chopesgames\system\CodeIgniter.php(410): CodeIgniter\CodeIgniter->runController(Object(App\Controllers\AdministrateurSuper))
#8 C:\wamp64\www\chopesgames\system\CodeIgniter.php(318): CodeIgniter\CodeIgniter->handleRequest(NULL, Object(Config\Cache), false)
#9 C:\wamp64\www\chopesgames\public\index.php(37): CodeIgniter\CodeIgniter->run()
#10 C:\wamp64\www\chopesgames\system\Commands\Server\rewrite.php(43): require_once('C:\\wamp64\\www\\c...')
#11 {main}
CRITICAL - 2022-04-03 07:39:27 --> Undefined variable: categories
#0 C:\wamp64\www\chopesgames\app\Views\templates\header.php(52): CodeIgniter\Debug\Exceptions->errorHandler(8, 'Undefined varia...', 'C:\\wamp64\\www\\c...', 52, Array)
#1 C:\wamp64\www\chopesgames\system\View\View.php(214): include('C:\\wamp64\\www\\c...')
#2 C:\wamp64\www\chopesgames\system\View\View.php(217): CodeIgniter\View\View->CodeIgniter\View\{closure}()
#3 C:\wamp64\www\chopesgames\system\Common.php(1097): CodeIgniter\View\View->render('templates/heade...', Array, true)
#4 C:\wamp64\www\chopesgames\app\Controllers\AdministrateurSuper.php(437): view('templates/heade...')
#5 C:\wamp64\www\chopesgames\app\Controllers\AdministrateurSuper.php(406): App\Controllers\AdministrateurSuper->sendEmail(33)
#6 C:\wamp64\www\chopesgames\system\CodeIgniter.php(824): App\Controllers\AdministrateurSuper->saisiNewsletter()
#7 C:\wamp64\www\chopesgames\system\CodeIgniter.php(410): CodeIgniter\CodeIgniter->runController(Object(App\Controllers\AdministrateurSuper))
#8 C:\wamp64\www\chopesgames\system\CodeIgniter.php(318): CodeIgniter\CodeIgniter->handleRequest(NULL, Object(Config\Cache), false)
#9 C:\wamp64\www\chopesgames\public\index.php(37): CodeIgniter\CodeIgniter->run()
#10 C:\wamp64\www\chopesgames\system\Commands\Server\rewrite.php(43): require_once('C:\\wamp64\\www\\c...')
#11 {main}
CRITICAL - 2022-04-03 07:40:49 --> Undefined variable: categories
#0 C:\wamp64\www\chopesgames\app\Views\templates\header.php(52): CodeIgniter\Debug\Exceptions->errorHandler(8, 'Undefined varia...', 'C:\\wamp64\\www\\c...', 52, Array)
#1 C:\wamp64\www\chopesgames\system\View\View.php(214): include('C:\\wamp64\\www\\c...')
#2 C:\wamp64\www\chopesgames\system\View\View.php(217): CodeIgniter\View\View->CodeIgniter\View\{closure}()
#3 C:\wamp64\www\chopesgames\system\Common.php(1097): CodeIgniter\View\View->render('templates/heade...', Array, true)
#4 C:\wamp64\www\chopesgames\app\Controllers\AdministrateurSuper.php(437): view('templates/heade...')
#5 C:\wamp64\www\chopesgames\app\Controllers\AdministrateurSuper.php(406): App\Controllers\AdministrateurSuper->sendEmail(34)
#6 C:\wamp64\www\chopesgames\system\CodeIgniter.php(824): App\Controllers\AdministrateurSuper->saisiNewsletter()
#7 C:\wamp64\www\chopesgames\system\CodeIgniter.php(410): CodeIgniter\CodeIgniter->runController(Object(App\Controllers\AdministrateurSuper))
#8 C:\wamp64\www\chopesgames\system\CodeIgniter.php(318): CodeIgniter\CodeIgniter->handleRequest(NULL, Object(Config\Cache), false)
#9 C:\wamp64\www\chopesgames\public\index.php(37): CodeIgniter\CodeIgniter->run()
#10 C:\wamp64\www\chopesgames\system\Commands\Server\rewrite.php(43): require_once('C:\\wamp64\\www\\c...')
#11 {main}
CRITICAL - 2022-04-03 07:45:19 --> Undefined variable: categories
#0 C:\wamp64\www\chopesgames\app\Views\templates\header.php(52): CodeIgniter\Debug\Exceptions->errorHandler(8, 'Undefined varia...', 'C:\\wamp64\\www\\c...', 52, Array)
#1 C:\wamp64\www\chopesgames\system\View\View.php(214): include('C:\\wamp64\\www\\c...')
#2 C:\wamp64\www\chopesgames\system\View\View.php(217): CodeIgniter\View\View->CodeIgniter\View\{closure}()
#3 C:\wamp64\www\chopesgames\system\Common.php(1097): CodeIgniter\View\View->render('templates/heade...', Array, true)
#4 C:\wamp64\www\chopesgames\app\Controllers\AdministrateurSuper.php(436): view('templates/heade...')
#5 C:\wamp64\www\chopesgames\app\Controllers\AdministrateurSuper.php(406): App\Controllers\AdministrateurSuper->sendEmail(37)
#6 C:\wamp64\www\chopesgames\system\CodeIgniter.php(824): App\Controllers\AdministrateurSuper->saisiNewsletter()
#7 C:\wamp64\www\chopesgames\system\CodeIgniter.php(410): CodeIgniter\CodeIgniter->runController(Object(App\Controllers\AdministrateurSuper))
#8 C:\wamp64\www\chopesgames\system\CodeIgniter.php(318): CodeIgniter\CodeIgniter->handleRequest(NULL, Object(Config\Cache), false)
#9 C:\wamp64\www\chopesgames\public\index.php(37): CodeIgniter\CodeIgniter->run()
#10 C:\wamp64\www\chopesgames\system\Commands\Server\rewrite.php(43): require_once('C:\\wamp64\\www\\c...')
#11 {main}
CRITICAL - 2022-04-03 09:47:43 --> Call to undefined method App\Models\ModeleClient::retournerClientNo
#0 C:\wamp64\www\chopesgames\app\Controllers\AdministrateurEmploye.php(75): CodeIgniter\Model->__call('retournerClient...', Array)
#1 C:\wamp64\www\chopesgames\system\CodeIgniter.php(824): App\Controllers\AdministrateurEmploye->commande_traitee('74')
#2 C:\wamp64\www\chopesgames\system\CodeIgniter.php(410): CodeIgniter\CodeIgniter->runController(Object(App\Controllers\AdministrateurEmploye))
#3 C:\wamp64\www\chopesgames\system\CodeIgniter.php(318): CodeIgniter\CodeIgniter->handleRequest(NULL, Object(Config\Cache), false)
#4 C:\wamp64\www\chopesgames\public\index.php(37): CodeIgniter\CodeIgniter->run()
#5 C:\wamp64\www\chopesgames\system\Commands\Server\rewrite.php(43): require_once('C:\\wamp64\\www\\c...')
#6 {main}
CRITICAL - 2022-04-03 09:47:59 --> Call to undefined method App\Models\ModeleClient::retournerClientNo
#0 C:\wamp64\www\chopesgames\app\Controllers\AdministrateurEmploye.php(75): CodeIgniter\Model->__call('retournerClient...', Array)
#1 C:\wamp64\www\chopesgames\system\CodeIgniter.php(824): App\Controllers\AdministrateurEmploye->commande_traitee('74')
#2 C:\wamp64\www\chopesgames\system\CodeIgniter.php(410): CodeIgniter\CodeIgniter->runController(Object(App\Controllers\AdministrateurEmploye))
#3 C:\wamp64\www\chopesgames\system\CodeIgniter.php(318): CodeIgniter\CodeIgniter->handleRequest(NULL, Object(Config\Cache), false)
#4 C:\wamp64\www\chopesgames\public\index.php(37): CodeIgniter\CodeIgniter->run()
#5 C:\wamp64\www\chopesgames\system\Commands\Server\rewrite.php(43): require_once('C:\\wamp64\\www\\c...')
#6 {main}
CRITICAL - 2022-04-03 09:49:12 --> Call to undefined method App\Models\ModeleClient::retournerClientNo
#0 C:\wamp64\www\chopesgames\app\Controllers\AdministrateurEmploye.php(75): CodeIgniter\Model->__call('retournerClient...', Array)
#1 C:\wamp64\www\chopesgames\system\CodeIgniter.php(824): App\Controllers\AdministrateurEmploye->commandeTraitees('74')
#2 C:\wamp64\www\chopesgames\system\CodeIgniter.php(410): CodeIgniter\CodeIgniter->runController(Object(App\Controllers\AdministrateurEmploye))
#3 C:\wamp64\www\chopesgames\system\CodeIgniter.php(318): CodeIgniter\CodeIgniter->handleRequest(NULL, Object(Config\Cache), false)
#4 C:\wamp64\www\chopesgames\public\index.php(37): CodeIgniter\CodeIgniter->run()
#5 C:\wamp64\www\chopesgames\system\Commands\Server\rewrite.php(43): require_once('C:\\wamp64\\www\\c...')
#6 {main}
CRITICAL - 2022-04-03 09:52:00 --> Invalid file: AdministrateurEmploye/commande_traitee.php
#0 C:\wamp64\www\chopesgames\system\View\View.php(198): CodeIgniter\Exceptions\FrameworkException::forInvalidFile('AdministrateurE...')
#1 C:\wamp64\www\chopesgames\system\Common.php(1097): CodeIgniter\View\View->render('AdministrateurE...', Array, true)
#2 C:\wamp64\www\chopesgames\app\Controllers\AdministrateurEmploye.php(78): view('AdministrateurE...', Array)
#3 C:\wamp64\www\chopesgames\system\CodeIgniter.php(824): App\Controllers\AdministrateurEmploye->commandeTraitees('74')
#4 C:\wamp64\www\chopesgames\system\CodeIgniter.php(410): CodeIgniter\CodeIgniter->runController(Object(App\Controllers\AdministrateurEmploye))
#5 C:\wamp64\www\chopesgames\system\CodeIgniter.php(318): CodeIgniter\CodeIgniter->handleRequest(NULL, Object(Config\Cache), false)
#6 C:\wamp64\www\chopesgames\public\index.php(37): CodeIgniter\CodeIgniter->run()
#7 C:\wamp64\www\chopesgames\system\Commands\Server\rewrite.php(43): require_once('C:\\wamp64\\www\\c...')
#8 {main}
