CRITICAL - 2022-03-18 17:07:00 --> Call to undefined method App\Models\ModeleCategorie::retournerCategories
#0 C:\wamp64\www\chopesgames\app\Controllers\AdministrateurSuper.php(283): CodeIgniter\Model->__call('retournerCatego...', Array)
#1 C:\wamp64\www\chopesgames\system\CodeIgniter.php(824): App\Controllers\AdministrateurSuper->ajouterAdmin()
#2 C:\wamp64\www\chopesgames\system\CodeIgniter.php(410): CodeIgniter\CodeIgniter->runController(Object(App\Controllers\AdministrateurSuper))
#3 C:\wamp64\www\chopesgames\system\CodeIgniter.php(318): CodeIgniter\CodeIgniter->handleRequest(NULL, Object(Config\Cache), false)
#4 C:\wamp64\www\chopesgames\public\index.php(37): CodeIgniter\CodeIgniter->run()
#5 C:\wamp64\www\chopesgames\system\Commands\Server\rewrite.php(43): require_once('C:\\wamp64\\www\\c...')
#6 {main}
CRITICAL - 2022-03-18 17:49:17 --> Call to undefined method App\Models\ModeleCategorie::retournerCategories
#0 C:\wamp64\www\chopesgames\app\Controllers\AdministrateurSuper.php(283): CodeIgniter\Model->__call('retournerCatego...', Array)
#1 C:\wamp64\www\chopesgames\system\CodeIgniter.php(824): App\Controllers\AdministrateurSuper->ajouterAdmin()
#2 C:\wamp64\www\chopesgames\system\CodeIgniter.php(410): CodeIgniter\CodeIgniter->runController(Object(App\Controllers\AdministrateurSuper))
#3 C:\wamp64\www\chopesgames\system\CodeIgniter.php(318): CodeIgniter\CodeIgniter->handleRequest(NULL, Object(Config\Cache), false)
#4 C:\wamp64\www\chopesgames\public\index.php(37): CodeIgniter\CodeIgniter->run()
#5 C:\wamp64\www\chopesgames\system\Commands\Server\rewrite.php(43): require_once('C:\\wamp64\\www\\c...')
#6 {main}
CRITICAL - 2022-03-18 17:50:02 --> Call to undefined method App\Models\ModeleMarque::retournerMarques
#0 C:\wamp64\www\chopesgames\app\Controllers\AdministrateurSuper.php(285): CodeIgniter\Model->__call('retournerMarque...', Array)
#1 C:\wamp64\www\chopesgames\system\CodeIgniter.php(824): App\Controllers\AdministrateurSuper->ajouterAdmin()
#2 C:\wamp64\www\chopesgames\system\CodeIgniter.php(410): CodeIgniter\CodeIgniter->runController(Object(App\Controllers\AdministrateurSuper))
#3 C:\wamp64\www\chopesgames\system\CodeIgniter.php(318): CodeIgniter\CodeIgniter->handleRequest(NULL, Object(Config\Cache), false)
#4 C:\wamp64\www\chopesgames\public\index.php(37): CodeIgniter\CodeIgniter->run()
#5 C:\wamp64\www\chopesgames\system\Commands\Server\rewrite.php(43): require_once('C:\\wamp64\\www\\c...')
#6 {main}
CRITICAL - 2022-03-18 17:50:25 --> Class 'App\Controllers\ModeleAdministrateur' not found
#0 C:\wamp64\www\chopesgames\system\CodeIgniter.php(824): App\Controllers\AdministrateurSuper->ajouterAdmin()
#1 C:\wamp64\www\chopesgames\system\CodeIgniter.php(410): CodeIgniter\CodeIgniter->runController(Object(App\Controllers\AdministrateurSuper))
#2 C:\wamp64\www\chopesgames\system\CodeIgniter.php(318): CodeIgniter\CodeIgniter->handleRequest(NULL, Object(Config\Cache), false)
#3 C:\wamp64\www\chopesgames\public\index.php(37): CodeIgniter\CodeIgniter->run()
#4 C:\wamp64\www\chopesgames\system\Commands\Server\rewrite.php(43): require_once('C:\\wamp64\\www\\c...')
#5 {main}
CRITICAL - 2022-03-18 18:13:51 --> Undefined variable: categories
#0 C:\wamp64\www\chopesgames\app\Views\templates\header.php(48): CodeIgniter\Debug\Exceptions->errorHandler(8, 'Undefined varia...', 'C:\\wamp64\\www\\c...', 48, Array)
#1 C:\wamp64\www\chopesgames\system\View\View.php(214): include('C:\\wamp64\\www\\c...')
#2 C:\wamp64\www\chopesgames\system\View\View.php(217): CodeIgniter\View\View->CodeIgniter\View\{closure}()
#3 C:\wamp64\www\chopesgames\system\Common.php(1097): CodeIgniter\View\View->render('templates/heade...', Array, true)
#4 C:\wamp64\www\chopesgames\app\Controllers\AdministrateurSuper.php(265): view('templates/heade...', Array)
#5 C:\wamp64\www\chopesgames\system\CodeIgniter.php(824): App\Controllers\AdministrateurSuper->ajouterMarque()
#6 C:\wamp64\www\chopesgames\system\CodeIgniter.php(410): CodeIgniter\CodeIgniter->runController(Object(App\Controllers\AdministrateurSuper))
#7 C:\wamp64\www\chopesgames\system\CodeIgniter.php(318): CodeIgniter\CodeIgniter->handleRequest(NULL, Object(Config\Cache), false)
#8 C:\wamp64\www\chopesgames\public\index.php(37): CodeIgniter\CodeIgniter->run()
#9 C:\wamp64\www\chopesgames\system\Commands\Server\rewrite.php(43): require_once('C:\\wamp64\\www\\c...')
#10 {main}
