CRITICAL - 2022-03-28 01:55:13 --> Invalid file: welcomeMessage.php
#0 C:\wamp64\www\chopesgames\system\View\View.php(198): CodeIgniter\Exceptions\FrameworkException::forInvalidFile('welcomeMessage....')
#1 C:\wamp64\www\chopesgames\system\Common.php(1097): CodeIgniter\View\View->render('welcomeMessage', Array, true)
#2 C:\wamp64\www\chopesgames\app\Controllers\Home.php(9): view('welcomeMessage')
#3 C:\wamp64\www\chopesgames\system\CodeIgniter.php(824): App\Controllers\Home->index()
#4 C:\wamp64\www\chopesgames\system\CodeIgniter.php(410): CodeIgniter\CodeIgniter->runController(Object(App\Controllers\Home))
#5 C:\wamp64\www\chopesgames\system\CodeIgniter.php(318): CodeIgniter\CodeIgniter->handleRequest(NULL, Object(Config\Cache), false)
#6 C:\wamp64\www\chopesgames\public\index.php(37): CodeIgniter\CodeIgniter->run()
#7 {main}
ERROR - 2022-03-28 01:56:11 --> Error connecting to the database: Aucune connexion n’a pu être établie car l’ordinateur cible l’a expressément refusée.

CRITICAL - 2022-03-28 01:56:11 --> Unable to connect to the database.
Main connection [MySQLi]: Aucune connexion n’a pu être établie car l’ordinateur cible l’a expressément refusée.

#0 C:\wamp64\www\chopesgames\system\Database\BaseConnection.php(577): CodeIgniter\Database\BaseConnection->initialize()
#1 C:\wamp64\www\chopesgames\system\Database\BaseBuilder.php(1443): CodeIgniter\Database\BaseConnection->query('SELECT *\nFROM `...', Array, false)
#2 C:\wamp64\www\chopesgames\system\Model.php(183): CodeIgniter\Database\BaseBuilder->get()
#3 C:\wamp64\www\chopesgames\system\BaseModel.php(584): CodeIgniter\Model->doFindAll(0, 0)
#4 C:\wamp64\www\chopesgames\app\Models\ModeleProduit.php(27): CodeIgniter\BaseModel->findAll()
#5 C:\wamp64\www\chopesgames\app\Controllers\Visiteur.php(20): App\Models\ModeleProduit->retournerVitrine()
#6 C:\wamp64\www\chopesgames\system\CodeIgniter.php(824): App\Controllers\Visiteur->accueil()
#7 C:\wamp64\www\chopesgames\system\CodeIgniter.php(410): CodeIgniter\CodeIgniter->runController(Object(App\Controllers\Visiteur))
#8 C:\wamp64\www\chopesgames\system\CodeIgniter.php(318): CodeIgniter\CodeIgniter->handleRequest(NULL, Object(Config\Cache), false)
#9 C:\wamp64\www\chopesgames\public\index.php(37): CodeIgniter\CodeIgniter->run()
#10 C:\wamp64\www\chopesgames\system\Commands\Server\rewrite.php(43): require_once('C:\\wamp64\\www\\c...')
#11 {main}
CRITICAL - 2022-03-28 02:57:17 --> Undefined variable: titreDeLaPage
#0 C:\wamp64\www\chopesgames\app\Views\AdministrateurSuper\listeAdmin.php(2): CodeIgniter\Debug\Exceptions->errorHandler(8, 'Undefined varia...', 'C:\\wamp64\\www\\c...', 2, Array)
#1 C:\wamp64\www\chopesgames\system\View\View.php(214): include('C:\\wamp64\\www\\c...')
#2 C:\wamp64\www\chopesgames\system\View\View.php(217): CodeIgniter\View\View->CodeIgniter\View\{closure}()
#3 C:\wamp64\www\chopesgames\system\Common.php(1097): CodeIgniter\View\View->render('AdministrateurS...', Array, true)
#4 C:\wamp64\www\chopesgames\app\Controllers\AdministrateurSuper.php(329): view('AdministrateurS...')
#5 C:\wamp64\www\chopesgames\system\CodeIgniter.php(824): App\Controllers\AdministrateurSuper->listerAdmin()
#6 C:\wamp64\www\chopesgames\system\CodeIgniter.php(410): CodeIgniter\CodeIgniter->runController(Object(App\Controllers\AdministrateurSuper))
#7 C:\wamp64\www\chopesgames\system\CodeIgniter.php(318): CodeIgniter\CodeIgniter->handleRequest(NULL, Object(Config\Cache), false)
#8 C:\wamp64\www\chopesgames\public\index.php(37): CodeIgniter\CodeIgniter->run()
#9 C:\wamp64\www\chopesgames\system\Commands\Server\rewrite.php(43): require_once('C:\\wamp64\\www\\c...')
#10 {main}
CRITICAL - 2022-03-28 02:58:59 --> Undefined variable: titreDeLaPage
#0 C:\wamp64\www\chopesgames\app\Views\AdministrateurSuper\listeAdmin.php(2): CodeIgniter\Debug\Exceptions->errorHandler(8, 'Undefined varia...', 'C:\\wamp64\\www\\c...', 2, Array)
#1 C:\wamp64\www\chopesgames\system\View\View.php(214): include('C:\\wamp64\\www\\c...')
#2 C:\wamp64\www\chopesgames\system\View\View.php(217): CodeIgniter\View\View->CodeIgniter\View\{closure}()
#3 C:\wamp64\www\chopesgames\system\Common.php(1097): CodeIgniter\View\View->render('AdministrateurS...', Array, true)
#4 C:\wamp64\www\chopesgames\app\Controllers\AdministrateurSuper.php(329): view('AdministrateurS...')
#5 C:\wamp64\www\chopesgames\system\CodeIgniter.php(824): App\Controllers\AdministrateurSuper->listerAdmin()
#6 C:\wamp64\www\chopesgames\system\CodeIgniter.php(410): CodeIgniter\CodeIgniter->runController(Object(App\Controllers\AdministrateurSuper))
#7 C:\wamp64\www\chopesgames\system\CodeIgniter.php(318): CodeIgniter\CodeIgniter->handleRequest(NULL, Object(Config\Cache), false)
#8 C:\wamp64\www\chopesgames\public\index.php(37): CodeIgniter\CodeIgniter->run()
#9 C:\wamp64\www\chopesgames\system\Commands\Server\rewrite.php(43): require_once('C:\\wamp64\\www\\c...')
#10 {main}
CRITICAL - 2022-03-28 03:01:14 --> Undefined variable: admin
#0 C:\wamp64\www\chopesgames\app\Views\AdministrateurSuper\listeAdmin.php(6): CodeIgniter\Debug\Exceptions->errorHandler(8, 'Undefined varia...', 'C:\\wamp64\\www\\c...', 6, Array)
#1 C:\wamp64\www\chopesgames\system\View\View.php(214): include('C:\\wamp64\\www\\c...')
#2 C:\wamp64\www\chopesgames\system\View\View.php(217): CodeIgniter\View\View->CodeIgniter\View\{closure}()
#3 C:\wamp64\www\chopesgames\system\Common.php(1097): CodeIgniter\View\View->render('AdministrateurS...', Array, true)
#4 C:\wamp64\www\chopesgames\app\Controllers\AdministrateurSuper.php(329): view('AdministrateurS...')
#5 C:\wamp64\www\chopesgames\system\CodeIgniter.php(824): App\Controllers\AdministrateurSuper->listerAdmin()
#6 C:\wamp64\www\chopesgames\system\CodeIgniter.php(410): CodeIgniter\CodeIgniter->runController(Object(App\Controllers\AdministrateurSuper))
#7 C:\wamp64\www\chopesgames\system\CodeIgniter.php(318): CodeIgniter\CodeIgniter->handleRequest(NULL, Object(Config\Cache), false)
#8 C:\wamp64\www\chopesgames\public\index.php(37): CodeIgniter\CodeIgniter->run()
#9 C:\wamp64\www\chopesgames\system\Commands\Server\rewrite.php(43): require_once('C:\\wamp64\\www\\c...')
#10 {main}
CRITICAL - 2022-03-28 04:33:07 --> Undefined variable: titreDeLaPage
#0 C:\wamp64\www\chopesgames\app\Views\AdministrateurSuper\listeAdmin.php(2): CodeIgniter\Debug\Exceptions->errorHandler(8, 'Undefined varia...', 'C:\\wamp64\\www\\c...', 2, Array)
#1 C:\wamp64\www\chopesgames\system\View\View.php(214): include('C:\\wamp64\\www\\c...')
#2 C:\wamp64\www\chopesgames\system\View\View.php(217): CodeIgniter\View\View->CodeIgniter\View\{closure}()
#3 C:\wamp64\www\chopesgames\system\Common.php(1097): CodeIgniter\View\View->render('AdministrateurS...', Array, true)
#4 C:\wamp64\www\chopesgames\app\Controllers\AdministrateurSuper.php(329): view('AdministrateurS...')
#5 C:\wamp64\www\chopesgames\system\CodeIgniter.php(824): App\Controllers\AdministrateurSuper->listerAdmin()
#6 C:\wamp64\www\chopesgames\system\CodeIgniter.php(410): CodeIgniter\CodeIgniter->runController(Object(App\Controllers\AdministrateurSuper))
#7 C:\wamp64\www\chopesgames\system\CodeIgniter.php(318): CodeIgniter\CodeIgniter->handleRequest(NULL, Object(Config\Cache), false)
#8 C:\wamp64\www\chopesgames\public\index.php(37): CodeIgniter\CodeIgniter->run()
#9 C:\wamp64\www\chopesgames\system\Commands\Server\rewrite.php(43): require_once('C:\\wamp64\\www\\c...')
#10 {main}
CRITICAL - 2022-03-28 04:33:56 --> Undefined variable: admin
#0 C:\wamp64\www\chopesgames\app\Views\AdministrateurSuper\listeAdmin.php(4): CodeIgniter\Debug\Exceptions->errorHandler(8, 'Undefined varia...', 'C:\\wamp64\\www\\c...', 4, Array)
#1 C:\wamp64\www\chopesgames\system\View\View.php(214): include('C:\\wamp64\\www\\c...')
#2 C:\wamp64\www\chopesgames\system\View\View.php(217): CodeIgniter\View\View->CodeIgniter\View\{closure}()
#3 C:\wamp64\www\chopesgames\system\Common.php(1097): CodeIgniter\View\View->render('AdministrateurS...', Array, true)
#4 C:\wamp64\www\chopesgames\app\Controllers\AdministrateurSuper.php(329): view('AdministrateurS...')
#5 C:\wamp64\www\chopesgames\system\CodeIgniter.php(824): App\Controllers\AdministrateurSuper->listerAdmin()
#6 C:\wamp64\www\chopesgames\system\CodeIgniter.php(410): CodeIgniter\CodeIgniter->runController(Object(App\Controllers\AdministrateurSuper))
#7 C:\wamp64\www\chopesgames\system\CodeIgniter.php(318): CodeIgniter\CodeIgniter->handleRequest(NULL, Object(Config\Cache), false)
#8 C:\wamp64\www\chopesgames\public\index.php(37): CodeIgniter\CodeIgniter->run()
#9 C:\wamp64\www\chopesgames\system\Commands\Server\rewrite.php(43): require_once('C:\\wamp64\\www\\c...')
#10 {main}
CRITICAL - 2022-03-28 04:36:40 --> Undefined variable: admin
#0 C:\wamp64\www\chopesgames\app\Views\AdministrateurSuper\listeAdmin.php(4): CodeIgniter\Debug\Exceptions->errorHandler(8, 'Undefined varia...', 'C:\\wamp64\\www\\c...', 4, Array)
#1 C:\wamp64\www\chopesgames\system\View\View.php(214): include('C:\\wamp64\\www\\c...')
#2 C:\wamp64\www\chopesgames\system\View\View.php(217): CodeIgniter\View\View->CodeIgniter\View\{closure}()
#3 C:\wamp64\www\chopesgames\system\Common.php(1097): CodeIgniter\View\View->render('AdministrateurS...', Array, true)
#4 C:\wamp64\www\chopesgames\app\Controllers\AdministrateurSuper.php(329): view('AdministrateurS...')
#5 C:\wamp64\www\chopesgames\system\CodeIgniter.php(824): App\Controllers\AdministrateurSuper->listerAdmin()
#6 C:\wamp64\www\chopesgames\system\CodeIgniter.php(410): CodeIgniter\CodeIgniter->runController(Object(App\Controllers\AdministrateurSuper))
#7 C:\wamp64\www\chopesgames\system\CodeIgniter.php(318): CodeIgniter\CodeIgniter->handleRequest(NULL, Object(Config\Cache), false)
#8 C:\wamp64\www\chopesgames\public\index.php(37): CodeIgniter\CodeIgniter->run()
#9 C:\wamp64\www\chopesgames\system\Commands\Server\rewrite.php(43): require_once('C:\\wamp64\\www\\c...')
#10 {main}
CRITICAL - 2022-03-28 04:45:56 --> Too few arguments to function App\Models\ModeleAdministrateur::retournerAdministrateurID(), 0 passed in C:\wamp64\www\chopesgames\app\Controllers\AdministrateurSuper.php on line 326 and exactly 1 expected
#0 C:\wamp64\www\chopesgames\app\Controllers\AdministrateurSuper.php(326): App\Models\ModeleAdministrateur->retournerAdministrateurID()
#1 C:\wamp64\www\chopesgames\system\CodeIgniter.php(824): App\Controllers\AdministrateurSuper->listerAdmin()
#2 C:\wamp64\www\chopesgames\system\CodeIgniter.php(410): CodeIgniter\CodeIgniter->runController(Object(App\Controllers\AdministrateurSuper))
#3 C:\wamp64\www\chopesgames\system\CodeIgniter.php(318): CodeIgniter\CodeIgniter->handleRequest(NULL, Object(Config\Cache), false)
#4 C:\wamp64\www\chopesgames\public\index.php(37): CodeIgniter\CodeIgniter->run()
#5 C:\wamp64\www\chopesgames\system\Commands\Server\rewrite.php(43): require_once('C:\\wamp64\\www\\c...')
#6 {main}
CRITICAL - 2022-03-28 05:02:30 --> Undefined index: admin
#0 C:\wamp64\www\chopesgames\app\Views\AdministrateurSuper\listeAdmin.php(7): CodeIgniter\Debug\Exceptions->errorHandler(8, 'Undefined index...', 'C:\\wamp64\\www\\c...', 7, Array)
#1 C:\wamp64\www\chopesgames\system\View\View.php(214): include('C:\\wamp64\\www\\c...')
#2 C:\wamp64\www\chopesgames\system\View\View.php(217): CodeIgniter\View\View->CodeIgniter\View\{closure}()
#3 C:\wamp64\www\chopesgames\system\Common.php(1097): CodeIgniter\View\View->render('AdministrateurS...', Array, true)
#4 C:\wamp64\www\chopesgames\app\Controllers\AdministrateurSuper.php(329): view('AdministrateurS...')
#5 C:\wamp64\www\chopesgames\system\CodeIgniter.php(824): App\Controllers\AdministrateurSuper->listerAdmin()
#6 C:\wamp64\www\chopesgames\system\CodeIgniter.php(410): CodeIgniter\CodeIgniter->runController(Object(App\Controllers\AdministrateurSuper))
#7 C:\wamp64\www\chopesgames\system\CodeIgniter.php(318): CodeIgniter\CodeIgniter->handleRequest(NULL, Object(Config\Cache), false)
#8 C:\wamp64\www\chopesgames\public\index.php(37): CodeIgniter\CodeIgniter->run()
#9 C:\wamp64\www\chopesgames\system\Commands\Server\rewrite.php(43): require_once('C:\\wamp64\\www\\c...')
#10 {main}
CRITICAL - 2022-03-28 17:59:26 --> Too few arguments to function App\Controllers\AdministrateurSuper::modifierAdmin(), 0 passed in C:\wamp64\www\chopesgames\system\CodeIgniter.php on line 824 and exactly 1 expected
#0 C:\wamp64\www\chopesgames\system\CodeIgniter.php(824): App\Controllers\AdministrateurSuper->modifierAdmin()
#1 C:\wamp64\www\chopesgames\system\CodeIgniter.php(410): CodeIgniter\CodeIgniter->runController(Object(App\Controllers\AdministrateurSuper))
#2 C:\wamp64\www\chopesgames\system\CodeIgniter.php(318): CodeIgniter\CodeIgniter->handleRequest(NULL, Object(Config\Cache), false)
#3 C:\wamp64\www\chopesgames\public\index.php(37): CodeIgniter\CodeIgniter->run()
#4 C:\wamp64\www\chopesgames\system\Commands\Server\rewrite.php(43): require_once('C:\\wamp64\\www\\c...')
#5 {main}
CRITICAL - 2022-03-28 18:00:41 --> Too few arguments to function App\Controllers\AdministrateurSuper::modifierAdmin(), 0 passed in C:\wamp64\www\chopesgames\system\CodeIgniter.php on line 824 and exactly 1 expected
#0 C:\wamp64\www\chopesgames\system\CodeIgniter.php(824): App\Controllers\AdministrateurSuper->modifierAdmin()
#1 C:\wamp64\www\chopesgames\system\CodeIgniter.php(410): CodeIgniter\CodeIgniter->runController(Object(App\Controllers\AdministrateurSuper))
#2 C:\wamp64\www\chopesgames\system\CodeIgniter.php(318): CodeIgniter\CodeIgniter->handleRequest(NULL, Object(Config\Cache), false)
#3 C:\wamp64\www\chopesgames\public\index.php(37): CodeIgniter\CodeIgniter->run()
#4 C:\wamp64\www\chopesgames\system\Commands\Server\rewrite.php(43): require_once('C:\\wamp64\\www\\c...')
#5 {main}
CRITICAL - 2022-03-28 18:01:48 --> Too few arguments to function App\Controllers\AdministrateurSuper::modifierAdmin(), 0 passed in C:\wamp64\www\chopesgames\system\CodeIgniter.php on line 824 and exactly 1 expected
#0 C:\wamp64\www\chopesgames\system\CodeIgniter.php(824): App\Controllers\AdministrateurSuper->modifierAdmin()
#1 C:\wamp64\www\chopesgames\system\CodeIgniter.php(410): CodeIgniter\CodeIgniter->runController(Object(App\Controllers\AdministrateurSuper))
#2 C:\wamp64\www\chopesgames\system\CodeIgniter.php(318): CodeIgniter\CodeIgniter->handleRequest(NULL, Object(Config\Cache), false)
#3 C:\wamp64\www\chopesgames\public\index.php(37): CodeIgniter\CodeIgniter->run()
#4 C:\wamp64\www\chopesgames\system\Commands\Server\rewrite.php(43): require_once('C:\\wamp64\\www\\c...')
#5 {main}
CRITICAL - 2022-03-28 18:11:29 --> Too few arguments to function App\Controllers\AdministrateurSuper::modifierAdmin(), 0 passed in C:\wamp64\www\chopesgames\system\CodeIgniter.php on line 824 and exactly 1 expected
#0 C:\wamp64\www\chopesgames\system\CodeIgniter.php(824): App\Controllers\AdministrateurSuper->modifierAdmin()
#1 C:\wamp64\www\chopesgames\system\CodeIgniter.php(410): CodeIgniter\CodeIgniter->runController(Object(App\Controllers\AdministrateurSuper))
#2 C:\wamp64\www\chopesgames\system\CodeIgniter.php(318): CodeIgniter\CodeIgniter->handleRequest(NULL, Object(Config\Cache), false)
#3 C:\wamp64\www\chopesgames\public\index.php(37): CodeIgniter\CodeIgniter->run()
#4 C:\wamp64\www\chopesgames\system\Commands\Server\rewrite.php(43): require_once('C:\\wamp64\\www\\c...')
#5 {main}
CRITICAL - 2022-03-28 18:15:38 --> Too few arguments to function App\Controllers\AdministrateurSuper::modifierAdmin(), 0 passed in C:\wamp64\www\chopesgames\system\CodeIgniter.php on line 824 and exactly 1 expected
#0 C:\wamp64\www\chopesgames\system\CodeIgniter.php(824): App\Controllers\AdministrateurSuper->modifierAdmin()
#1 C:\wamp64\www\chopesgames\system\CodeIgniter.php(410): CodeIgniter\CodeIgniter->runController(Object(App\Controllers\AdministrateurSuper))
#2 C:\wamp64\www\chopesgames\system\CodeIgniter.php(318): CodeIgniter\CodeIgniter->handleRequest(NULL, Object(Config\Cache), false)
#3 C:\wamp64\www\chopesgames\public\index.php(37): CodeIgniter\CodeIgniter->run()
#4 C:\wamp64\www\chopesgames\system\Commands\Server\rewrite.php(43): require_once('C:\\wamp64\\www\\c...')
#5 {main}
CRITICAL - 2022-03-28 18:16:51 --> Too few arguments to function App\Controllers\AdministrateurSuper::modifierAdmin(), 0 passed in C:\wamp64\www\chopesgames\system\CodeIgniter.php on line 824 and exactly 1 expected
#0 C:\wamp64\www\chopesgames\system\CodeIgniter.php(824): App\Controllers\AdministrateurSuper->modifierAdmin()
#1 C:\wamp64\www\chopesgames\system\CodeIgniter.php(410): CodeIgniter\CodeIgniter->runController(Object(App\Controllers\AdministrateurSuper))
#2 C:\wamp64\www\chopesgames\system\CodeIgniter.php(318): CodeIgniter\CodeIgniter->handleRequest(NULL, Object(Config\Cache), false)
#3 C:\wamp64\www\chopesgames\public\index.php(37): CodeIgniter\CodeIgniter->run()
#4 C:\wamp64\www\chopesgames\system\Commands\Server\rewrite.php(43): require_once('C:\\wamp64\\www\\c...')
#5 {main}
