CRITICAL - 2022-01-06 05:40:13 --> Undefined variable: data_bis
#0 F:\COURS\DEVELOPPEMENT WEB\chopesgames\app\Controllers\Visiteur.php(310): CodeIgniter\Debug\Exceptions->errorHandler(8, 'Undefined varia...', 'F:\\COURS\\DEVELO...', 310, Array)
#1 F:\COURS\DEVELOPPEMENT WEB\chopesgames\system\CodeIgniter.php(824): App\Controllers\Visiteur->supprimerCompte()
#2 F:\COURS\DEVELOPPEMENT WEB\chopesgames\system\CodeIgniter.php(410): CodeIgniter\CodeIgniter->runController(Object(App\Controllers\Visiteur))
#3 F:\COURS\DEVELOPPEMENT WEB\chopesgames\system\CodeIgniter.php(318): CodeIgniter\CodeIgniter->handleRequest(NULL, Object(Config\Cache), false)
#4 F:\COURS\DEVELOPPEMENT WEB\chopesgames\public\index.php(37): CodeIgniter\CodeIgniter->run()
#5 F:\COURS\DEVELOPPEMENT WEB\chopesgames\system\Commands\Server\rewrite.php(43): require_once('F:\\COURS\\DEVELO...')
#6 {main}
CRITICAL - 2022-01-06 05:42:11 --> Invalid file: supprimerCompte.php
#0 F:\COURS\DEVELOPPEMENT WEB\chopesgames\system\View\View.php(198): CodeIgniter\Exceptions\FrameworkException::forInvalidFile('supprimerCompte...')
#1 F:\COURS\DEVELOPPEMENT WEB\chopesgames\system\Common.php(1097): CodeIgniter\View\View->render('supprimerCompte', Array, true)
#2 F:\COURS\DEVELOPPEMENT WEB\chopesgames\app\Controllers\Visiteur.php(312): view('supprimerCompte')
#3 F:\COURS\DEVELOPPEMENT WEB\chopesgames\system\CodeIgniter.php(824): App\Controllers\Visiteur->supprimerCompte()
#4 F:\COURS\DEVELOPPEMENT WEB\chopesgames\system\CodeIgniter.php(410): CodeIgniter\CodeIgniter->runController(Object(App\Controllers\Visiteur))
#5 F:\COURS\DEVELOPPEMENT WEB\chopesgames\system\CodeIgniter.php(318): CodeIgniter\CodeIgniter->handleRequest(NULL, Object(Config\Cache), false)
#6 F:\COURS\DEVELOPPEMENT WEB\chopesgames\public\index.php(37): CodeIgniter\CodeIgniter->run()
#7 F:\COURS\DEVELOPPEMENT WEB\chopesgames\system\Commands\Server\rewrite.php(43): require_once('F:\\COURS\\DEVELO...')
#8 {main}
CRITICAL - 2022-01-06 05:44:30 --> Invalid file: <visiteur>supprimerCompte.php
#0 F:\COURS\DEVELOPPEMENT WEB\chopesgames\system\View\View.php(198): CodeIgniter\Exceptions\FrameworkException::forInvalidFile('<visiteur>suppr...')
#1 F:\COURS\DEVELOPPEMENT WEB\chopesgames\system\Common.php(1097): CodeIgniter\View\View->render('<visiteur>suppr...', Array, true)
#2 F:\COURS\DEVELOPPEMENT WEB\chopesgames\app\Controllers\Visiteur.php(312): view('<visiteur>suppr...')
#3 F:\COURS\DEVELOPPEMENT WEB\chopesgames\system\CodeIgniter.php(824): App\Controllers\Visiteur->supprimerCompte()
#4 F:\COURS\DEVELOPPEMENT WEB\chopesgames\system\CodeIgniter.php(410): CodeIgniter\CodeIgniter->runController(Object(App\Controllers\Visiteur))
#5 F:\COURS\DEVELOPPEMENT WEB\chopesgames\system\CodeIgniter.php(318): CodeIgniter\CodeIgniter->handleRequest(NULL, Object(Config\Cache), false)
#6 F:\COURS\DEVELOPPEMENT WEB\chopesgames\public\index.php(37): CodeIgniter\CodeIgniter->run()
#7 F:\COURS\DEVELOPPEMENT WEB\chopesgames\system\Commands\Server\rewrite.php(43): require_once('F:\\COURS\\DEVELO...')
#8 {main}
CRITICAL - 2022-01-06 05:44:37 --> Invalid file: <visiteur>supprimerCompte.php
#0 F:\COURS\DEVELOPPEMENT WEB\chopesgames\system\View\View.php(198): CodeIgniter\Exceptions\FrameworkException::forInvalidFile('<visiteur>suppr...')
#1 F:\COURS\DEVELOPPEMENT WEB\chopesgames\system\Common.php(1097): CodeIgniter\View\View->render('<visiteur>suppr...', Array, true)
#2 F:\COURS\DEVELOPPEMENT WEB\chopesgames\app\Controllers\Visiteur.php(312): view('<visiteur>suppr...')
#3 F:\COURS\DEVELOPPEMENT WEB\chopesgames\system\CodeIgniter.php(824): App\Controllers\Visiteur->supprimerCompte()
#4 F:\COURS\DEVELOPPEMENT WEB\chopesgames\system\CodeIgniter.php(410): CodeIgniter\CodeIgniter->runController(Object(App\Controllers\Visiteur))
#5 F:\COURS\DEVELOPPEMENT WEB\chopesgames\system\CodeIgniter.php(318): CodeIgniter\CodeIgniter->handleRequest(NULL, Object(Config\Cache), false)
#6 F:\COURS\DEVELOPPEMENT WEB\chopesgames\public\index.php(37): CodeIgniter\CodeIgniter->run()
#7 F:\COURS\DEVELOPPEMENT WEB\chopesgames\system\Commands\Server\rewrite.php(43): require_once('F:\\COURS\\DEVELO...')
#8 {main}
CRITICAL - 2022-01-06 05:44:58 --> Undefined variable: TitreDeLaPage
#0 F:\COURS\DEVELOPPEMENT WEB\chopesgames\app\Views\visiteur\supprimerCompte.php(8): CodeIgniter\Debug\Exceptions->errorHandler(8, 'Undefined varia...', 'F:\\COURS\\DEVELO...', 8, Array)
#1 F:\COURS\DEVELOPPEMENT WEB\chopesgames\system\View\View.php(214): include('F:\\COURS\\DEVELO...')
#2 F:\COURS\DEVELOPPEMENT WEB\chopesgames\system\View\View.php(217): CodeIgniter\View\View->CodeIgniter\View\{closure}()
#3 F:\COURS\DEVELOPPEMENT WEB\chopesgames\system\Common.php(1097): CodeIgniter\View\View->render('visiteur/suppri...', Array, true)
#4 F:\COURS\DEVELOPPEMENT WEB\chopesgames\app\Controllers\Visiteur.php(312): view('visiteur/suppri...')
#5 F:\COURS\DEVELOPPEMENT WEB\chopesgames\system\CodeIgniter.php(824): App\Controllers\Visiteur->supprimerCompte()
#6 F:\COURS\DEVELOPPEMENT WEB\chopesgames\system\CodeIgniter.php(410): CodeIgniter\CodeIgniter->runController(Object(App\Controllers\Visiteur))
#7 F:\COURS\DEVELOPPEMENT WEB\chopesgames\system\CodeIgniter.php(318): CodeIgniter\CodeIgniter->handleRequest(NULL, Object(Config\Cache), false)
#8 F:\COURS\DEVELOPPEMENT WEB\chopesgames\public\index.php(37): CodeIgniter\CodeIgniter->run()
#9 F:\COURS\DEVELOPPEMENT WEB\chopesgames\system\Commands\Server\rewrite.php(43): require_once('F:\\COURS\\DEVELO...')
#10 {main}
CRITICAL - 2022-01-06 05:45:00 --> Undefined variable: TitreDeLaPage
#0 F:\COURS\DEVELOPPEMENT WEB\chopesgames\app\Views\visiteur\supprimerCompte.php(8): CodeIgniter\Debug\Exceptions->errorHandler(8, 'Undefined varia...', 'F:\\COURS\\DEVELO...', 8, Array)
#1 F:\COURS\DEVELOPPEMENT WEB\chopesgames\system\View\View.php(214): include('F:\\COURS\\DEVELO...')
#2 F:\COURS\DEVELOPPEMENT WEB\chopesgames\system\View\View.php(217): CodeIgniter\View\View->CodeIgniter\View\{closure}()
#3 F:\COURS\DEVELOPPEMENT WEB\chopesgames\system\Common.php(1097): CodeIgniter\View\View->render('visiteur/suppri...', Array, true)
#4 F:\COURS\DEVELOPPEMENT WEB\chopesgames\app\Controllers\Visiteur.php(312): view('visiteur/suppri...')
#5 F:\COURS\DEVELOPPEMENT WEB\chopesgames\system\CodeIgniter.php(824): App\Controllers\Visiteur->supprimerCompte()
#6 F:\COURS\DEVELOPPEMENT WEB\chopesgames\system\CodeIgniter.php(410): CodeIgniter\CodeIgniter->runController(Object(App\Controllers\Visiteur))
#7 F:\COURS\DEVELOPPEMENT WEB\chopesgames\system\CodeIgniter.php(318): CodeIgniter\CodeIgniter->handleRequest(NULL, Object(Config\Cache), false)
#8 F:\COURS\DEVELOPPEMENT WEB\chopesgames\public\index.php(37): CodeIgniter\CodeIgniter->run()
#9 F:\COURS\DEVELOPPEMENT WEB\chopesgames\system\Commands\Server\rewrite.php(43): require_once('F:\\COURS\\DEVELO...')
#10 {main}
CRITICAL - 2022-01-06 05:45:45 --> Undefined variable: TitreDeLaPage
#0 F:\COURS\DEVELOPPEMENT WEB\chopesgames\app\Views\visiteur\supprimerCompte.php(8): CodeIgniter\Debug\Exceptions->errorHandler(8, 'Undefined varia...', 'F:\\COURS\\DEVELO...', 8, Array)
#1 F:\COURS\DEVELOPPEMENT WEB\chopesgames\system\View\View.php(214): include('F:\\COURS\\DEVELO...')
#2 F:\COURS\DEVELOPPEMENT WEB\chopesgames\system\View\View.php(217): CodeIgniter\View\View->CodeIgniter\View\{closure}()
#3 F:\COURS\DEVELOPPEMENT WEB\chopesgames\system\Common.php(1097): CodeIgniter\View\View->render('visiteur/suppri...', Array, true)
#4 F:\COURS\DEVELOPPEMENT WEB\chopesgames\app\Controllers\Visiteur.php(312): view('visiteur/suppri...', Array)
#5 F:\COURS\DEVELOPPEMENT WEB\chopesgames\system\CodeIgniter.php(824): App\Controllers\Visiteur->supprimerCompte()
#6 F:\COURS\DEVELOPPEMENT WEB\chopesgames\system\CodeIgniter.php(410): CodeIgniter\CodeIgniter->runController(Object(App\Controllers\Visiteur))
#7 F:\COURS\DEVELOPPEMENT WEB\chopesgames\system\CodeIgniter.php(318): CodeIgniter\CodeIgniter->handleRequest(NULL, Object(Config\Cache), false)
#8 F:\COURS\DEVELOPPEMENT WEB\chopesgames\public\index.php(37): CodeIgniter\CodeIgniter->run()
#9 F:\COURS\DEVELOPPEMENT WEB\chopesgames\system\Commands\Server\rewrite.php(43): require_once('F:\\COURS\\DEVELO...')
#10 {main}
CRITICAL - 2022-01-06 05:48:25 --> Undefined variable: TitreDeLaPage
#0 F:\COURS\DEVELOPPEMENT WEB\chopesgames\app\Views\visiteur\supprimerCompte.php(8): CodeIgniter\Debug\Exceptions->errorHandler(8, 'Undefined varia...', 'F:\\COURS\\DEVELO...', 8, Array)
#1 F:\COURS\DEVELOPPEMENT WEB\chopesgames\system\View\View.php(214): include('F:\\COURS\\DEVELO...')
#2 F:\COURS\DEVELOPPEMENT WEB\chopesgames\system\View\View.php(217): CodeIgniter\View\View->CodeIgniter\View\{closure}()
#3 F:\COURS\DEVELOPPEMENT WEB\chopesgames\system\Common.php(1097): CodeIgniter\View\View->render('visiteur/suppri...', Array, true)
#4 F:\COURS\DEVELOPPEMENT WEB\chopesgames\app\Controllers\Visiteur.php(312): view('visiteur/suppri...')
#5 F:\COURS\DEVELOPPEMENT WEB\chopesgames\system\CodeIgniter.php(824): App\Controllers\Visiteur->supprimerCompte()
#6 F:\COURS\DEVELOPPEMENT WEB\chopesgames\system\CodeIgniter.php(410): CodeIgniter\CodeIgniter->runController(Object(App\Controllers\Visiteur))
#7 F:\COURS\DEVELOPPEMENT WEB\chopesgames\system\CodeIgniter.php(318): CodeIgniter\CodeIgniter->handleRequest(NULL, Object(Config\Cache), false)
#8 F:\COURS\DEVELOPPEMENT WEB\chopesgames\public\index.php(37): CodeIgniter\CodeIgniter->run()
#9 F:\COURS\DEVELOPPEMENT WEB\chopesgames\system\Commands\Server\rewrite.php(43): require_once('F:\\COURS\\DEVELO...')
#10 {main}
CRITICAL - 2022-01-06 05:49:14 --> Undefined variable: TitreDeLaPage
#0 F:\COURS\DEVELOPPEMENT WEB\chopesgames\app\Views\visiteur\supprimerCompte.php(8): CodeIgniter\Debug\Exceptions->errorHandler(8, 'Undefined varia...', 'F:\\COURS\\DEVELO...', 8, Array)
#1 F:\COURS\DEVELOPPEMENT WEB\chopesgames\system\View\View.php(214): include('F:\\COURS\\DEVELO...')
#2 F:\COURS\DEVELOPPEMENT WEB\chopesgames\system\View\View.php(217): CodeIgniter\View\View->CodeIgniter\View\{closure}()
#3 F:\COURS\DEVELOPPEMENT WEB\chopesgames\system\Common.php(1097): CodeIgniter\View\View->render('visiteur/suppri...', Array, true)
#4 F:\COURS\DEVELOPPEMENT WEB\chopesgames\app\Controllers\Visiteur.php(312): view('visiteur/suppri...')
#5 F:\COURS\DEVELOPPEMENT WEB\chopesgames\system\CodeIgniter.php(824): App\Controllers\Visiteur->supprimerCompte()
#6 F:\COURS\DEVELOPPEMENT WEB\chopesgames\system\CodeIgniter.php(410): CodeIgniter\CodeIgniter->runController(Object(App\Controllers\Visiteur))
#7 F:\COURS\DEVELOPPEMENT WEB\chopesgames\system\CodeIgniter.php(318): CodeIgniter\CodeIgniter->handleRequest(NULL, Object(Config\Cache), false)
#8 F:\COURS\DEVELOPPEMENT WEB\chopesgames\public\index.php(37): CodeIgniter\CodeIgniter->run()
#9 F:\COURS\DEVELOPPEMENT WEB\chopesgames\system\Commands\Server\rewrite.php(43): require_once('F:\\COURS\\DEVELO...')
#10 {main}
CRITICAL - 2022-01-06 05:49:38 --> Undefined variable: TitreDeLaPage
#0 F:\COURS\DEVELOPPEMENT WEB\chopesgames\app\Views\visiteur\supprimerCompte.php(8): CodeIgniter\Debug\Exceptions->errorHandler(8, 'Undefined varia...', 'F:\\COURS\\DEVELO...', 8, Array)
#1 F:\COURS\DEVELOPPEMENT WEB\chopesgames\system\View\View.php(214): include('F:\\COURS\\DEVELO...')
#2 F:\COURS\DEVELOPPEMENT WEB\chopesgames\system\View\View.php(217): CodeIgniter\View\View->CodeIgniter\View\{closure}()
#3 F:\COURS\DEVELOPPEMENT WEB\chopesgames\system\Common.php(1097): CodeIgniter\View\View->render('visiteur/suppri...', Array, true)
#4 F:\COURS\DEVELOPPEMENT WEB\chopesgames\app\Controllers\Visiteur.php(312): view('visiteur/suppri...')
#5 F:\COURS\DEVELOPPEMENT WEB\chopesgames\system\CodeIgniter.php(824): App\Controllers\Visiteur->supprimerCompte()
#6 F:\COURS\DEVELOPPEMENT WEB\chopesgames\system\CodeIgniter.php(410): CodeIgniter\CodeIgniter->runController(Object(App\Controllers\Visiteur))
#7 F:\COURS\DEVELOPPEMENT WEB\chopesgames\system\CodeIgniter.php(318): CodeIgniter\CodeIgniter->handleRequest(NULL, Object(Config\Cache), false)
#8 F:\COURS\DEVELOPPEMENT WEB\chopesgames\public\index.php(37): CodeIgniter\CodeIgniter->run()
#9 F:\COURS\DEVELOPPEMENT WEB\chopesgames\system\Commands\Server\rewrite.php(43): require_once('F:\\COURS\\DEVELO...')
#10 {main}
CRITICAL - 2022-01-06 05:50:16 --> Undefined variable: TitreDeLaPage
#0 F:\COURS\DEVELOPPEMENT WEB\chopesgames\app\Views\visiteur\supprimerCompte.php(8): CodeIgniter\Debug\Exceptions->errorHandler(8, 'Undefined varia...', 'F:\\COURS\\DEVELO...', 8, Array)
#1 F:\COURS\DEVELOPPEMENT WEB\chopesgames\system\View\View.php(214): include('F:\\COURS\\DEVELO...')
#2 F:\COURS\DEVELOPPEMENT WEB\chopesgames\system\View\View.php(217): CodeIgniter\View\View->CodeIgniter\View\{closure}()
#3 F:\COURS\DEVELOPPEMENT WEB\chopesgames\system\Common.php(1097): CodeIgniter\View\View->render('visiteur/suppri...', Array, true)
#4 F:\COURS\DEVELOPPEMENT WEB\chopesgames\app\Controllers\Visiteur.php(312): view('visiteur/suppri...')
#5 F:\COURS\DEVELOPPEMENT WEB\chopesgames\system\CodeIgniter.php(824): App\Controllers\Visiteur->supprimerCompte()
#6 F:\COURS\DEVELOPPEMENT WEB\chopesgames\system\CodeIgniter.php(410): CodeIgniter\CodeIgniter->runController(Object(App\Controllers\Visiteur))
#7 F:\COURS\DEVELOPPEMENT WEB\chopesgames\system\CodeIgniter.php(318): CodeIgniter\CodeIgniter->handleRequest(NULL, Object(Config\Cache), false)
#8 F:\COURS\DEVELOPPEMENT WEB\chopesgames\public\index.php(37): CodeIgniter\CodeIgniter->run()
#9 F:\COURS\DEVELOPPEMENT WEB\chopesgames\system\Commands\Server\rewrite.php(43): require_once('F:\\COURS\\DEVELO...')
#10 {main}
CRITICAL - 2022-01-06 05:50:57 --> Undefined variable: TitreDeLaPage
#0 F:\COURS\DEVELOPPEMENT WEB\chopesgames\app\Views\visiteur\supprimerCompte.php(8): CodeIgniter\Debug\Exceptions->errorHandler(8, 'Undefined varia...', 'F:\\COURS\\DEVELO...', 8, Array)
#1 F:\COURS\DEVELOPPEMENT WEB\chopesgames\system\View\View.php(214): include('F:\\COURS\\DEVELO...')
#2 F:\COURS\DEVELOPPEMENT WEB\chopesgames\system\View\View.php(217): CodeIgniter\View\View->CodeIgniter\View\{closure}()
#3 F:\COURS\DEVELOPPEMENT WEB\chopesgames\system\Common.php(1097): CodeIgniter\View\View->render('visiteur/suppri...', Array, true)
#4 F:\COURS\DEVELOPPEMENT WEB\chopesgames\app\Controllers\Visiteur.php(312): view('visiteur/suppri...')
#5 F:\COURS\DEVELOPPEMENT WEB\chopesgames\system\CodeIgniter.php(824): App\Controllers\Visiteur->supprimerCompte()
#6 F:\COURS\DEVELOPPEMENT WEB\chopesgames\system\CodeIgniter.php(410): CodeIgniter\CodeIgniter->runController(Object(App\Controllers\Visiteur))
#7 F:\COURS\DEVELOPPEMENT WEB\chopesgames\system\CodeIgniter.php(318): CodeIgniter\CodeIgniter->handleRequest(NULL, Object(Config\Cache), false)
#8 F:\COURS\DEVELOPPEMENT WEB\chopesgames\public\index.php(37): CodeIgniter\CodeIgniter->run()
#9 F:\COURS\DEVELOPPEMENT WEB\chopesgames\system\Commands\Server\rewrite.php(43): require_once('F:\\COURS\\DEVELO...')
#10 {main}
CRITICAL - 2022-01-06 05:51:32 --> Undefined variable: TitreDeLaPage
#0 F:\COURS\DEVELOPPEMENT WEB\chopesgames\app\Views\visiteur\supprimerCompte.php(8): CodeIgniter\Debug\Exceptions->errorHandler(8, 'Undefined varia...', 'F:\\COURS\\DEVELO...', 8, Array)
#1 F:\COURS\DEVELOPPEMENT WEB\chopesgames\system\View\View.php(214): include('F:\\COURS\\DEVELO...')
#2 F:\COURS\DEVELOPPEMENT WEB\chopesgames\system\View\View.php(217): CodeIgniter\View\View->CodeIgniter\View\{closure}()
#3 F:\COURS\DEVELOPPEMENT WEB\chopesgames\system\Common.php(1097): CodeIgniter\View\View->render('visiteur/suppri...', Array, true)
#4 F:\COURS\DEVELOPPEMENT WEB\chopesgames\app\Controllers\Visiteur.php(312): view('visiteur/suppri...')
#5 F:\COURS\DEVELOPPEMENT WEB\chopesgames\system\CodeIgniter.php(824): App\Controllers\Visiteur->supprimerCompte()
#6 F:\COURS\DEVELOPPEMENT WEB\chopesgames\system\CodeIgniter.php(410): CodeIgniter\CodeIgniter->runController(Object(App\Controllers\Visiteur))
#7 F:\COURS\DEVELOPPEMENT WEB\chopesgames\system\CodeIgniter.php(318): CodeIgniter\CodeIgniter->handleRequest(NULL, Object(Config\Cache), false)
#8 F:\COURS\DEVELOPPEMENT WEB\chopesgames\public\index.php(37): CodeIgniter\CodeIgniter->run()
#9 F:\COURS\DEVELOPPEMENT WEB\chopesgames\system\Commands\Server\rewrite.php(43): require_once('F:\\COURS\\DEVELO...')
#10 {main}
CRITICAL - 2022-01-06 05:53:15 --> Undefined variable: TitreDeLaPage
#0 F:\COURS\DEVELOPPEMENT WEB\chopesgames\app\Views\visiteur\supprimerCompte.php(8): CodeIgniter\Debug\Exceptions->errorHandler(8, 'Undefined varia...', 'F:\\COURS\\DEVELO...', 8, Array)
#1 F:\COURS\DEVELOPPEMENT WEB\chopesgames\system\View\View.php(214): include('F:\\COURS\\DEVELO...')
#2 F:\COURS\DEVELOPPEMENT WEB\chopesgames\system\View\View.php(217): CodeIgniter\View\View->CodeIgniter\View\{closure}()
#3 F:\COURS\DEVELOPPEMENT WEB\chopesgames\system\Common.php(1097): CodeIgniter\View\View->render('visiteur/suppri...', Array, true)
#4 F:\COURS\DEVELOPPEMENT WEB\chopesgames\app\Controllers\Visiteur.php(312): view('visiteur/suppri...')
#5 F:\COURS\DEVELOPPEMENT WEB\chopesgames\system\CodeIgniter.php(824): App\Controllers\Visiteur->supprimerCompte()
#6 F:\COURS\DEVELOPPEMENT WEB\chopesgames\system\CodeIgniter.php(410): CodeIgniter\CodeIgniter->runController(Object(App\Controllers\Visiteur))
#7 F:\COURS\DEVELOPPEMENT WEB\chopesgames\system\CodeIgniter.php(318): CodeIgniter\CodeIgniter->handleRequest(NULL, Object(Config\Cache), false)
#8 F:\COURS\DEVELOPPEMENT WEB\chopesgames\public\index.php(37): CodeIgniter\CodeIgniter->run()
#9 F:\COURS\DEVELOPPEMENT WEB\chopesgames\system\Commands\Server\rewrite.php(43): require_once('F:\\COURS\\DEVELO...')
#10 {main}
CRITICAL - 2022-01-06 05:53:16 --> Undefined variable: TitreDeLaPage
#0 F:\COURS\DEVELOPPEMENT WEB\chopesgames\app\Views\visiteur\supprimerCompte.php(8): CodeIgniter\Debug\Exceptions->errorHandler(8, 'Undefined varia...', 'F:\\COURS\\DEVELO...', 8, Array)
#1 F:\COURS\DEVELOPPEMENT WEB\chopesgames\system\View\View.php(214): include('F:\\COURS\\DEVELO...')
#2 F:\COURS\DEVELOPPEMENT WEB\chopesgames\system\View\View.php(217): CodeIgniter\View\View->CodeIgniter\View\{closure}()
#3 F:\COURS\DEVELOPPEMENT WEB\chopesgames\system\Common.php(1097): CodeIgniter\View\View->render('visiteur/suppri...', Array, true)
#4 F:\COURS\DEVELOPPEMENT WEB\chopesgames\app\Controllers\Visiteur.php(312): view('visiteur/suppri...')
#5 F:\COURS\DEVELOPPEMENT WEB\chopesgames\system\CodeIgniter.php(824): App\Controllers\Visiteur->supprimerCompte()
#6 F:\COURS\DEVELOPPEMENT WEB\chopesgames\system\CodeIgniter.php(410): CodeIgniter\CodeIgniter->runController(Object(App\Controllers\Visiteur))
#7 F:\COURS\DEVELOPPEMENT WEB\chopesgames\system\CodeIgniter.php(318): CodeIgniter\CodeIgniter->handleRequest(NULL, Object(Config\Cache), false)
#8 F:\COURS\DEVELOPPEMENT WEB\chopesgames\public\index.php(37): CodeIgniter\CodeIgniter->run()
#9 F:\COURS\DEVELOPPEMENT WEB\chopesgames\system\Commands\Server\rewrite.php(43): require_once('F:\\COURS\\DEVELO...')
#10 {main}
CRITICAL - 2022-01-06 05:57:42 --> Undefined variable: TitreDeLaPage
#0 F:\COURS\DEVELOPPEMENT WEB\chopesgames\app\Views\visiteur\supprimerCompte.php(8): CodeIgniter\Debug\Exceptions->errorHandler(8, 'Undefined varia...', 'F:\\COURS\\DEVELO...', 8, Array)
#1 F:\COURS\DEVELOPPEMENT WEB\chopesgames\system\View\View.php(214): include('F:\\COURS\\DEVELO...')
#2 F:\COURS\DEVELOPPEMENT WEB\chopesgames\system\View\View.php(217): CodeIgniter\View\View->CodeIgniter\View\{closure}()
#3 F:\COURS\DEVELOPPEMENT WEB\chopesgames\system\Common.php(1097): CodeIgniter\View\View->render('visiteur/suppri...', Array, true)
#4 F:\COURS\DEVELOPPEMENT WEB\chopesgames\app\Controllers\Visiteur.php(312): view('visiteur/suppri...')
#5 F:\COURS\DEVELOPPEMENT WEB\chopesgames\system\CodeIgniter.php(824): App\Controllers\Visiteur->supprimerCompte()
#6 F:\COURS\DEVELOPPEMENT WEB\chopesgames\system\CodeIgniter.php(410): CodeIgniter\CodeIgniter->runController(Object(App\Controllers\Visiteur))
#7 F:\COURS\DEVELOPPEMENT WEB\chopesgames\system\CodeIgniter.php(318): CodeIgniter\CodeIgniter->handleRequest(NULL, Object(Config\Cache), false)
#8 F:\COURS\DEVELOPPEMENT WEB\chopesgames\public\index.php(37): CodeIgniter\CodeIgniter->run()
#9 F:\COURS\DEVELOPPEMENT WEB\chopesgames\system\Commands\Server\rewrite.php(43): require_once('F:\\COURS\\DEVELO...')
#10 {main}
CRITICAL - 2022-01-06 05:57:48 --> Undefined variable: TitreDeLaPage
#0 F:\COURS\DEVELOPPEMENT WEB\chopesgames\app\Views\visiteur\supprimerCompte.php(8): CodeIgniter\Debug\Exceptions->errorHandler(8, 'Undefined varia...', 'F:\\COURS\\DEVELO...', 8, Array)
#1 F:\COURS\DEVELOPPEMENT WEB\chopesgames\system\View\View.php(214): include('F:\\COURS\\DEVELO...')
#2 F:\COURS\DEVELOPPEMENT WEB\chopesgames\system\View\View.php(217): CodeIgniter\View\View->CodeIgniter\View\{closure}()
#3 F:\COURS\DEVELOPPEMENT WEB\chopesgames\system\Common.php(1097): CodeIgniter\View\View->render('visiteur/suppri...', Array, true)
#4 F:\COURS\DEVELOPPEMENT WEB\chopesgames\app\Controllers\Visiteur.php(312): view('visiteur/suppri...')
#5 F:\COURS\DEVELOPPEMENT WEB\chopesgames\system\CodeIgniter.php(824): App\Controllers\Visiteur->supprimerCompte()
#6 F:\COURS\DEVELOPPEMENT WEB\chopesgames\system\CodeIgniter.php(410): CodeIgniter\CodeIgniter->runController(Object(App\Controllers\Visiteur))
#7 F:\COURS\DEVELOPPEMENT WEB\chopesgames\system\CodeIgniter.php(318): CodeIgniter\CodeIgniter->handleRequest(NULL, Object(Config\Cache), false)
#8 F:\COURS\DEVELOPPEMENT WEB\chopesgames\public\index.php(37): CodeIgniter\CodeIgniter->run()
#9 F:\COURS\DEVELOPPEMENT WEB\chopesgames\system\Commands\Server\rewrite.php(43): require_once('F:\\COURS\\DEVELO...')
#10 {main}
CRITICAL - 2022-01-06 05:58:09 --> Undefined variable: TitreDeLaPage
#0 F:\COURS\DEVELOPPEMENT WEB\chopesgames\app\Views\visiteur\supprimerCompte.php(8): CodeIgniter\Debug\Exceptions->errorHandler(8, 'Undefined varia...', 'F:\\COURS\\DEVELO...', 8, Array)
#1 F:\COURS\DEVELOPPEMENT WEB\chopesgames\system\View\View.php(214): include('F:\\COURS\\DEVELO...')
#2 F:\COURS\DEVELOPPEMENT WEB\chopesgames\system\View\View.php(217): CodeIgniter\View\View->CodeIgniter\View\{closure}()
#3 F:\COURS\DEVELOPPEMENT WEB\chopesgames\system\Common.php(1097): CodeIgniter\View\View->render('visiteur/suppri...', Array, true)
#4 F:\COURS\DEVELOPPEMENT WEB\chopesgames\app\Controllers\Visiteur.php(312): view('visiteur/suppri...')
#5 F:\COURS\DEVELOPPEMENT WEB\chopesgames\system\CodeIgniter.php(824): App\Controllers\Visiteur->supprimerCompte()
#6 F:\COURS\DEVELOPPEMENT WEB\chopesgames\system\CodeIgniter.php(410): CodeIgniter\CodeIgniter->runController(Object(App\Controllers\Visiteur))
#7 F:\COURS\DEVELOPPEMENT WEB\chopesgames\system\CodeIgniter.php(318): CodeIgniter\CodeIgniter->handleRequest(NULL, Object(Config\Cache), false)
#8 F:\COURS\DEVELOPPEMENT WEB\chopesgames\public\index.php(37): CodeIgniter\CodeIgniter->run()
#9 F:\COURS\DEVELOPPEMENT WEB\chopesgames\system\Commands\Server\rewrite.php(43): require_once('F:\\COURS\\DEVELO...')
#10 {main}
CRITICAL - 2022-01-06 05:59:55 --> Undefined variable: TitreDeLaPage
#0 F:\COURS\DEVELOPPEMENT WEB\chopesgames\app\Views\visiteur\supprimerCompte.php(8): CodeIgniter\Debug\Exceptions->errorHandler(8, 'Undefined varia...', 'F:\\COURS\\DEVELO...', 8, Array)
#1 F:\COURS\DEVELOPPEMENT WEB\chopesgames\system\View\View.php(214): include('F:\\COURS\\DEVELO...')
#2 F:\COURS\DEVELOPPEMENT WEB\chopesgames\system\View\View.php(217): CodeIgniter\View\View->CodeIgniter\View\{closure}()
#3 F:\COURS\DEVELOPPEMENT WEB\chopesgames\system\Common.php(1097): CodeIgniter\View\View->render('visiteur/suppri...', Array, true)
#4 F:\COURS\DEVELOPPEMENT WEB\chopesgames\app\Controllers\Visiteur.php(312): view('visiteur/suppri...')
#5 F:\COURS\DEVELOPPEMENT WEB\chopesgames\system\CodeIgniter.php(824): App\Controllers\Visiteur->supprimerCompte()
#6 F:\COURS\DEVELOPPEMENT WEB\chopesgames\system\CodeIgniter.php(410): CodeIgniter\CodeIgniter->runController(Object(App\Controllers\Visiteur))
#7 F:\COURS\DEVELOPPEMENT WEB\chopesgames\system\CodeIgniter.php(318): CodeIgniter\CodeIgniter->handleRequest(NULL, Object(Config\Cache), false)
#8 F:\COURS\DEVELOPPEMENT WEB\chopesgames\public\index.php(37): CodeIgniter\CodeIgniter->run()
#9 F:\COURS\DEVELOPPEMENT WEB\chopesgames\system\Commands\Server\rewrite.php(43): require_once('F:\\COURS\\DEVELO...')
#10 {main}
CRITICAL - 2022-01-06 06:05:09 --> Undefined variable: TitreDeLaPage
#0 F:\COURS\DEVELOPPEMENT WEB\chopesgames\app\Views\visiteur\supprimerCompte.php(8): CodeIgniter\Debug\Exceptions->errorHandler(8, 'Undefined varia...', 'F:\\COURS\\DEVELO...', 8, Array)
#1 F:\COURS\DEVELOPPEMENT WEB\chopesgames\system\View\View.php(214): include('F:\\COURS\\DEVELO...')
#2 F:\COURS\DEVELOPPEMENT WEB\chopesgames\system\View\View.php(217): CodeIgniter\View\View->CodeIgniter\View\{closure}()
#3 F:\COURS\DEVELOPPEMENT WEB\chopesgames\system\Common.php(1097): CodeIgniter\View\View->render('visiteur/suppri...', Array, true)
#4 F:\COURS\DEVELOPPEMENT WEB\chopesgames\app\Controllers\Visiteur.php(312): view('visiteur/suppri...')
#5 F:\COURS\DEVELOPPEMENT WEB\chopesgames\system\CodeIgniter.php(824): App\Controllers\Visiteur->supprimerCompte()
#6 F:\COURS\DEVELOPPEMENT WEB\chopesgames\system\CodeIgniter.php(410): CodeIgniter\CodeIgniter->runController(Object(App\Controllers\Visiteur))
#7 F:\COURS\DEVELOPPEMENT WEB\chopesgames\system\CodeIgniter.php(318): CodeIgniter\CodeIgniter->handleRequest(NULL, Object(Config\Cache), false)
#8 F:\COURS\DEVELOPPEMENT WEB\chopesgames\public\index.php(37): CodeIgniter\CodeIgniter->run()
#9 F:\COURS\DEVELOPPEMENT WEB\chopesgames\system\Commands\Server\rewrite.php(43): require_once('F:\\COURS\\DEVELO...')
#10 {main}
CRITICAL - 2022-01-06 06:06:56 --> Undefined variable: TitreDeLaPage
#0 F:\COURS\DEVELOPPEMENT WEB\chopesgames\app\Views\visiteur\supprimerCompte.php(8): CodeIgniter\Debug\Exceptions->errorHandler(8, 'Undefined varia...', 'F:\\COURS\\DEVELO...', 8, Array)
#1 F:\COURS\DEVELOPPEMENT WEB\chopesgames\system\View\View.php(214): include('F:\\COURS\\DEVELO...')
#2 F:\COURS\DEVELOPPEMENT WEB\chopesgames\system\View\View.php(217): CodeIgniter\View\View->CodeIgniter\View\{closure}()
#3 F:\COURS\DEVELOPPEMENT WEB\chopesgames\system\Common.php(1097): CodeIgniter\View\View->render('visiteur/suppri...', Array, true)
#4 F:\COURS\DEVELOPPEMENT WEB\chopesgames\app\Controllers\Visiteur.php(312): view('visiteur/suppri...')
#5 F:\COURS\DEVELOPPEMENT WEB\chopesgames\system\CodeIgniter.php(824): App\Controllers\Visiteur->supprimerCompte()
#6 F:\COURS\DEVELOPPEMENT WEB\chopesgames\system\CodeIgniter.php(410): CodeIgniter\CodeIgniter->runController(Object(App\Controllers\Visiteur))
#7 F:\COURS\DEVELOPPEMENT WEB\chopesgames\system\CodeIgniter.php(318): CodeIgniter\CodeIgniter->handleRequest(NULL, Object(Config\Cache), false)
#8 F:\COURS\DEVELOPPEMENT WEB\chopesgames\public\index.php(37): CodeIgniter\CodeIgniter->run()
#9 F:\COURS\DEVELOPPEMENT WEB\chopesgames\system\Commands\Server\rewrite.php(43): require_once('F:\\COURS\\DEVELO...')
#10 {main}
CRITICAL - 2022-01-06 06:06:58 --> Undefined variable: TitreDeLaPage
#0 F:\COURS\DEVELOPPEMENT WEB\chopesgames\app\Views\visiteur\supprimerCompte.php(8): CodeIgniter\Debug\Exceptions->errorHandler(8, 'Undefined varia...', 'F:\\COURS\\DEVELO...', 8, Array)
#1 F:\COURS\DEVELOPPEMENT WEB\chopesgames\system\View\View.php(214): include('F:\\COURS\\DEVELO...')
#2 F:\COURS\DEVELOPPEMENT WEB\chopesgames\system\View\View.php(217): CodeIgniter\View\View->CodeIgniter\View\{closure}()
#3 F:\COURS\DEVELOPPEMENT WEB\chopesgames\system\Common.php(1097): CodeIgniter\View\View->render('visiteur/suppri...', Array, true)
#4 F:\COURS\DEVELOPPEMENT WEB\chopesgames\app\Controllers\Visiteur.php(312): view('visiteur/suppri...')
#5 F:\COURS\DEVELOPPEMENT WEB\chopesgames\system\CodeIgniter.php(824): App\Controllers\Visiteur->supprimerCompte()
#6 F:\COURS\DEVELOPPEMENT WEB\chopesgames\system\CodeIgniter.php(410): CodeIgniter\CodeIgniter->runController(Object(App\Controllers\Visiteur))
#7 F:\COURS\DEVELOPPEMENT WEB\chopesgames\system\CodeIgniter.php(318): CodeIgniter\CodeIgniter->handleRequest(NULL, Object(Config\Cache), false)
#8 F:\COURS\DEVELOPPEMENT WEB\chopesgames\public\index.php(37): CodeIgniter\CodeIgniter->run()
#9 F:\COURS\DEVELOPPEMENT WEB\chopesgames\system\Commands\Server\rewrite.php(43): require_once('F:\\COURS\\DEVELO...')
#10 {main}
CRITICAL - 2022-01-06 06:09:50 --> Undefined variable: TitreDeLaPage
#0 F:\COURS\DEVELOPPEMENT WEB\chopesgames\app\Views\visiteur\supprimerCompte.php(8): CodeIgniter\Debug\Exceptions->errorHandler(8, 'Undefined varia...', 'F:\\COURS\\DEVELO...', 8, Array)
#1 F:\COURS\DEVELOPPEMENT WEB\chopesgames\system\View\View.php(214): include('F:\\COURS\\DEVELO...')
#2 F:\COURS\DEVELOPPEMENT WEB\chopesgames\system\View\View.php(217): CodeIgniter\View\View->CodeIgniter\View\{closure}()
#3 F:\COURS\DEVELOPPEMENT WEB\chopesgames\system\Common.php(1097): CodeIgniter\View\View->render('visiteur/suppri...', Array, true)
#4 F:\COURS\DEVELOPPEMENT WEB\chopesgames\app\Controllers\Visiteur.php(312): view('visiteur/suppri...')
#5 F:\COURS\DEVELOPPEMENT WEB\chopesgames\system\CodeIgniter.php(824): App\Controllers\Visiteur->supprimerCompte()
#6 F:\COURS\DEVELOPPEMENT WEB\chopesgames\system\CodeIgniter.php(410): CodeIgniter\CodeIgniter->runController(Object(App\Controllers\Visiteur))
#7 F:\COURS\DEVELOPPEMENT WEB\chopesgames\system\CodeIgniter.php(318): CodeIgniter\CodeIgniter->handleRequest(NULL, Object(Config\Cache), false)
#8 F:\COURS\DEVELOPPEMENT WEB\chopesgames\public\index.php(37): CodeIgniter\CodeIgniter->run()
#9 F:\COURS\DEVELOPPEMENT WEB\chopesgames\system\Commands\Server\rewrite.php(43): require_once('F:\\COURS\\DEVELO...')
#10 {main}
CRITICAL - 2022-01-06 09:09:13 --> Undefined variable: modelCli
#0 F:\COURS\DEVELOPPEMENT WEB\chopesgames\app\Controllers\Visiteur.php(340): CodeIgniter\Debug\Exceptions->errorHandler(8, 'Undefined varia...', 'F:\\COURS\\DEVELO...', 340, Array)
#1 F:\COURS\DEVELOPPEMENT WEB\chopesgames\system\CodeIgniter.php(824): App\Controllers\Visiteur->supprimerCompte()
#2 F:\COURS\DEVELOPPEMENT WEB\chopesgames\system\CodeIgniter.php(410): CodeIgniter\CodeIgniter->runController(Object(App\Controllers\Visiteur))
#3 F:\COURS\DEVELOPPEMENT WEB\chopesgames\system\CodeIgniter.php(318): CodeIgniter\CodeIgniter->handleRequest(NULL, Object(Config\Cache), false)
#4 F:\COURS\DEVELOPPEMENT WEB\chopesgames\public\index.php(37): CodeIgniter\CodeIgniter->run()
#5 F:\COURS\DEVELOPPEMENT WEB\chopesgames\system\Commands\Server\rewrite.php(43): require_once('F:\\COURS\\DEVELO...')
#6 {main}
CRITICAL - 2022-01-06 09:13:48 --> Undefined variable: modeleclient
#0 F:\COURS\DEVELOPPEMENT WEB\chopesgames\app\Controllers\Visiteur.php(340): CodeIgniter\Debug\Exceptions->errorHandler(8, 'Undefined varia...', 'F:\\COURS\\DEVELO...', 340, Array)
#1 F:\COURS\DEVELOPPEMENT WEB\chopesgames\system\CodeIgniter.php(824): App\Controllers\Visiteur->supprimerCompte()
#2 F:\COURS\DEVELOPPEMENT WEB\chopesgames\system\CodeIgniter.php(410): CodeIgniter\CodeIgniter->runController(Object(App\Controllers\Visiteur))
#3 F:\COURS\DEVELOPPEMENT WEB\chopesgames\system\CodeIgniter.php(318): CodeIgniter\CodeIgniter->handleRequest(NULL, Object(Config\Cache), false)
#4 F:\COURS\DEVELOPPEMENT WEB\chopesgames\public\index.php(37): CodeIgniter\CodeIgniter->run()
#5 F:\COURS\DEVELOPPEMENT WEB\chopesgames\system\Commands\Server\rewrite.php(43): require_once('F:\\COURS\\DEVELO...')
#6 {main}
CRITICAL - 2022-01-06 09:14:26 --> Undefined variable: modelCli
#0 F:\COURS\DEVELOPPEMENT WEB\chopesgames\app\Controllers\Visiteur.php(340): CodeIgniter\Debug\Exceptions->errorHandler(8, 'Undefined varia...', 'F:\\COURS\\DEVELO...', 340, Array)
#1 F:\COURS\DEVELOPPEMENT WEB\chopesgames\system\CodeIgniter.php(824): App\Controllers\Visiteur->supprimerCompte()
#2 F:\COURS\DEVELOPPEMENT WEB\chopesgames\system\CodeIgniter.php(410): CodeIgniter\CodeIgniter->runController(Object(App\Controllers\Visiteur))
#3 F:\COURS\DEVELOPPEMENT WEB\chopesgames\system\CodeIgniter.php(318): CodeIgniter\CodeIgniter->handleRequest(NULL, Object(Config\Cache), false)
#4 F:\COURS\DEVELOPPEMENT WEB\chopesgames\public\index.php(37): CodeIgniter\CodeIgniter->run()
#5 F:\COURS\DEVELOPPEMENT WEB\chopesgames\system\Commands\Server\rewrite.php(43): require_once('F:\\COURS\\DEVELO...')
#6 {main}
CRITICAL - 2022-01-06 09:15:50 --> Undefined variable: modelCli
#0 F:\COURS\DEVELOPPEMENT WEB\chopesgames\app\Controllers\Visiteur.php(340): CodeIgniter\Debug\Exceptions->errorHandler(8, 'Undefined varia...', 'F:\\COURS\\DEVELO...', 340, Array)
#1 F:\COURS\DEVELOPPEMENT WEB\chopesgames\system\CodeIgniter.php(824): App\Controllers\Visiteur->supprimerCompte()
#2 F:\COURS\DEVELOPPEMENT WEB\chopesgames\system\CodeIgniter.php(410): CodeIgniter\CodeIgniter->runController(Object(App\Controllers\Visiteur))
#3 F:\COURS\DEVELOPPEMENT WEB\chopesgames\system\CodeIgniter.php(318): CodeIgniter\CodeIgniter->handleRequest(NULL, Object(Config\Cache), false)
#4 F:\COURS\DEVELOPPEMENT WEB\chopesgames\public\index.php(37): CodeIgniter\CodeIgniter->run()
#5 F:\COURS\DEVELOPPEMENT WEB\chopesgames\system\Commands\Server\rewrite.php(43): require_once('F:\\COURS\\DEVELO...')
#6 {main}
CRITICAL - 2022-01-06 09:15:55 --> Undefined variable: modelCli
#0 F:\COURS\DEVELOPPEMENT WEB\chopesgames\app\Controllers\Visiteur.php(340): CodeIgniter\Debug\Exceptions->errorHandler(8, 'Undefined varia...', 'F:\\COURS\\DEVELO...', 340, Array)
#1 F:\COURS\DEVELOPPEMENT WEB\chopesgames\system\CodeIgniter.php(824): App\Controllers\Visiteur->supprimerCompte()
#2 F:\COURS\DEVELOPPEMENT WEB\chopesgames\system\CodeIgniter.php(410): CodeIgniter\CodeIgniter->runController(Object(App\Controllers\Visiteur))
#3 F:\COURS\DEVELOPPEMENT WEB\chopesgames\system\CodeIgniter.php(318): CodeIgniter\CodeIgniter->handleRequest(NULL, Object(Config\Cache), false)
#4 F:\COURS\DEVELOPPEMENT WEB\chopesgames\public\index.php(37): CodeIgniter\CodeIgniter->run()
#5 F:\COURS\DEVELOPPEMENT WEB\chopesgames\system\Commands\Server\rewrite.php(43): require_once('F:\\COURS\\DEVELO...')
#6 {main}
CRITICAL - 2022-01-06 09:16:00 --> Undefined variable: modelCli
#0 F:\COURS\DEVELOPPEMENT WEB\chopesgames\app\Controllers\Visiteur.php(340): CodeIgniter\Debug\Exceptions->errorHandler(8, 'Undefined varia...', 'F:\\COURS\\DEVELO...', 340, Array)
#1 F:\COURS\DEVELOPPEMENT WEB\chopesgames\system\CodeIgniter.php(824): App\Controllers\Visiteur->supprimerCompte()
#2 F:\COURS\DEVELOPPEMENT WEB\chopesgames\system\CodeIgniter.php(410): CodeIgniter\CodeIgniter->runController(Object(App\Controllers\Visiteur))
#3 F:\COURS\DEVELOPPEMENT WEB\chopesgames\system\CodeIgniter.php(318): CodeIgniter\CodeIgniter->handleRequest(NULL, Object(Config\Cache), false)
#4 F:\COURS\DEVELOPPEMENT WEB\chopesgames\public\index.php(37): CodeIgniter\CodeIgniter->run()
#5 F:\COURS\DEVELOPPEMENT WEB\chopesgames\system\Commands\Server\rewrite.php(43): require_once('F:\\COURS\\DEVELO...')
#6 {main}
CRITICAL - 2022-01-06 09:25:37 --> Undefined variable: modelCli
#0 F:\COURS\DEVELOPPEMENT WEB\chopesgames\app\Controllers\Visiteur.php(340): CodeIgniter\Debug\Exceptions->errorHandler(8, 'Undefined varia...', 'F:\\COURS\\DEVELO...', 340, Array)
#1 F:\COURS\DEVELOPPEMENT WEB\chopesgames\system\CodeIgniter.php(824): App\Controllers\Visiteur->supprimerCompte()
#2 F:\COURS\DEVELOPPEMENT WEB\chopesgames\system\CodeIgniter.php(410): CodeIgniter\CodeIgniter->runController(Object(App\Controllers\Visiteur))
#3 F:\COURS\DEVELOPPEMENT WEB\chopesgames\system\CodeIgniter.php(318): CodeIgniter\CodeIgniter->handleRequest(NULL, Object(Config\Cache), false)
#4 F:\COURS\DEVELOPPEMENT WEB\chopesgames\public\index.php(37): CodeIgniter\CodeIgniter->run()
#5 F:\COURS\DEVELOPPEMENT WEB\chopesgames\system\Commands\Server\rewrite.php(43): require_once('F:\\COURS\\DEVELO...')
#6 {main}
CRITICAL - 2022-01-06 09:30:54 --> Undefined variable: modelCli
#0 F:\COURS\DEVELOPPEMENT WEB\chopesgames\app\Controllers\Visiteur.php(312): CodeIgniter\Debug\Exceptions->errorHandler(8, 'Undefined varia...', 'F:\\COURS\\DEVELO...', 312, Array)
#1 F:\COURS\DEVELOPPEMENT WEB\chopesgames\system\CodeIgniter.php(824): App\Controllers\Visiteur->supprimerCompte()
#2 F:\COURS\DEVELOPPEMENT WEB\chopesgames\system\CodeIgniter.php(410): CodeIgniter\CodeIgniter->runController(Object(App\Controllers\Visiteur))
#3 F:\COURS\DEVELOPPEMENT WEB\chopesgames\system\CodeIgniter.php(318): CodeIgniter\CodeIgniter->handleRequest(NULL, Object(Config\Cache), false)
#4 F:\COURS\DEVELOPPEMENT WEB\chopesgames\public\index.php(37): CodeIgniter\CodeIgniter->run()
#5 F:\COURS\DEVELOPPEMENT WEB\chopesgames\system\Commands\Server\rewrite.php(43): require_once('F:\\COURS\\DEVELO...')
#6 {main}
