CRITICAL - 2022-04-29 04:49:21 --> Call to undefined function form_open()
#0 C:\wamp64\www\chopesgames1\system\View\View.php(214): include()
#1 C:\wamp64\www\chopesgames1\system\View\View.php(217): CodeIgniter\View\View->CodeIgniter\View\{closure}()
#2 C:\wamp64\www\chopesgames1\system\Common.php(1097): CodeIgniter\View\View->render('visiteur/suppri...', Array, true)
#3 C:\wamp64\www\chopesgames1\app\Controllers\Visiteur.php(320): view('visiteur/suppri...')
#4 C:\wamp64\www\chopesgames1\system\CodeIgniter.php(824): App\Controllers\Visiteur->supprimerCompte()
#5 C:\wamp64\www\chopesgames1\system\CodeIgniter.php(410): CodeIgniter\CodeIgniter->runController(Object(App\Controllers\Visiteur))
#6 C:\wamp64\www\chopesgames1\system\CodeIgniter.php(318): CodeIgniter\CodeIgniter->handleRequest(NULL, Object(Config\Cache), false)
#7 C:\wamp64\www\chopesgames1\public\index.php(37): CodeIgniter\CodeIgniter->run()
#8 {main}
CRITICAL - 2022-04-29 04:51:49 --> Call to undefined function form_open()
#0 C:\wamp64\www\chopesgames1\system\View\View.php(214): include()
#1 C:\wamp64\www\chopesgames1\system\View\View.php(217): CodeIgniter\View\View->CodeIgniter\View\{closure}()
#2 C:\wamp64\www\chopesgames1\system\Common.php(1097): CodeIgniter\View\View->render('visiteur/suppri...', Array, true)
#3 C:\wamp64\www\chopesgames1\app\Controllers\Visiteur.php(320): view('visiteur/suppri...')
#4 C:\wamp64\www\chopesgames1\system\CodeIgniter.php(824): App\Controllers\Visiteur->supprimerCompte()
#5 C:\wamp64\www\chopesgames1\system\CodeIgniter.php(410): CodeIgniter\CodeIgniter->runController(Object(App\Controllers\Visiteur))
#6 C:\wamp64\www\chopesgames1\system\CodeIgniter.php(318): CodeIgniter\CodeIgniter->handleRequest(NULL, Object(Config\Cache), false)
#7 C:\wamp64\www\chopesgames1\public\index.php(37): CodeIgniter\CodeIgniter->run()
#8 {main}
CRITICAL - 2022-04-29 04:52:06 --> Call to undefined function form_open()
#0 C:\wamp64\www\chopesgames1\system\View\View.php(214): include()
#1 C:\wamp64\www\chopesgames1\system\View\View.php(217): CodeIgniter\View\View->CodeIgniter\View\{closure}()
#2 C:\wamp64\www\chopesgames1\system\Common.php(1097): CodeIgniter\View\View->render('visiteur/suppri...', Array, true)
#3 C:\wamp64\www\chopesgames1\app\Controllers\Visiteur.php(320): view('visiteur/suppri...')
#4 C:\wamp64\www\chopesgames1\system\CodeIgniter.php(824): App\Controllers\Visiteur->supprimerCompte()
#5 C:\wamp64\www\chopesgames1\system\CodeIgniter.php(410): CodeIgniter\CodeIgniter->runController(Object(App\Controllers\Visiteur))
#6 C:\wamp64\www\chopesgames1\system\CodeIgniter.php(318): CodeIgniter\CodeIgniter->handleRequest(NULL, Object(Config\Cache), false)
#7 C:\wamp64\www\chopesgames1\public\index.php(37): CodeIgniter\CodeIgniter->run()
#8 {main}
CRITICAL - 2022-04-29 04:52:13 --> Call to undefined function form_open()
#0 C:\wamp64\www\chopesgames1\system\View\View.php(214): include()
#1 C:\wamp64\www\chopesgames1\system\View\View.php(217): CodeIgniter\View\View->CodeIgniter\View\{closure}()
#2 C:\wamp64\www\chopesgames1\system\Common.php(1097): CodeIgniter\View\View->render('visiteur/suppri...', Array, true)
#3 C:\wamp64\www\chopesgames1\app\Controllers\Visiteur.php(320): view('visiteur/suppri...')
#4 C:\wamp64\www\chopesgames1\system\CodeIgniter.php(824): App\Controllers\Visiteur->supprimerCompte()
#5 C:\wamp64\www\chopesgames1\system\CodeIgniter.php(410): CodeIgniter\CodeIgniter->runController(Object(App\Controllers\Visiteur))
#6 C:\wamp64\www\chopesgames1\system\CodeIgniter.php(318): CodeIgniter\CodeIgniter->handleRequest(NULL, Object(Config\Cache), false)
#7 C:\wamp64\www\chopesgames1\public\index.php(37): CodeIgniter\CodeIgniter->run()
#8 {main}
CRITICAL - 2022-04-29 04:53:38 --> Call to undefined function form_open()
#0 C:\wamp64\www\chopesgames1\system\View\View.php(214): include()
#1 C:\wamp64\www\chopesgames1\system\View\View.php(217): CodeIgniter\View\View->CodeIgniter\View\{closure}()
#2 C:\wamp64\www\chopesgames1\system\Common.php(1097): CodeIgniter\View\View->render('visiteur/suppri...', Array, true)
#3 C:\wamp64\www\chopesgames1\app\Controllers\Visiteur.php(320): view('visiteur/suppri...')
#4 C:\wamp64\www\chopesgames1\system\CodeIgniter.php(824): App\Controllers\Visiteur->supprimerCompte()
#5 C:\wamp64\www\chopesgames1\system\CodeIgniter.php(410): CodeIgniter\CodeIgniter->runController(Object(App\Controllers\Visiteur))
#6 C:\wamp64\www\chopesgames1\system\CodeIgniter.php(318): CodeIgniter\CodeIgniter->handleRequest(NULL, Object(Config\Cache), false)
#7 C:\wamp64\www\chopesgames1\public\index.php(37): CodeIgniter\CodeIgniter->run()
#8 {main}
CRITICAL - 2022-04-29 04:53:45 --> Call to undefined function form_open()
#0 C:\wamp64\www\chopesgames1\system\View\View.php(214): include()
#1 C:\wamp64\www\chopesgames1\system\View\View.php(217): CodeIgniter\View\View->CodeIgniter\View\{closure}()
#2 C:\wamp64\www\chopesgames1\system\Common.php(1097): CodeIgniter\View\View->render('visiteur/suppri...', Array, true)
#3 C:\wamp64\www\chopesgames1\app\Controllers\Visiteur.php(320): view('visiteur/suppri...')
#4 C:\wamp64\www\chopesgames1\system\CodeIgniter.php(824): App\Controllers\Visiteur->supprimerCompte()
#5 C:\wamp64\www\chopesgames1\system\CodeIgniter.php(410): CodeIgniter\CodeIgniter->runController(Object(App\Controllers\Visiteur))
#6 C:\wamp64\www\chopesgames1\system\CodeIgniter.php(318): CodeIgniter\CodeIgniter->handleRequest(NULL, Object(Config\Cache), false)
#7 C:\wamp64\www\chopesgames1\public\index.php(37): CodeIgniter\CodeIgniter->run()
#8 {main}
CRITICAL - 2022-04-29 04:59:41 --> Call to undefined function form_open()
#0 C:\wamp64\www\chopesgames1\system\View\View.php(214): include()
#1 C:\wamp64\www\chopesgames1\system\View\View.php(217): CodeIgniter\View\View->CodeIgniter\View\{closure}()
#2 C:\wamp64\www\chopesgames1\system\Common.php(1097): CodeIgniter\View\View->render('visiteur/suppri...', Array, true)
#3 C:\wamp64\www\chopesgames1\app\Controllers\Visiteur.php(320): view('visiteur/suppri...')
#4 C:\wamp64\www\chopesgames1\system\CodeIgniter.php(824): App\Controllers\Visiteur->supprimerCompte()
#5 C:\wamp64\www\chopesgames1\system\CodeIgniter.php(410): CodeIgniter\CodeIgniter->runController(Object(App\Controllers\Visiteur))
#6 C:\wamp64\www\chopesgames1\system\CodeIgniter.php(318): CodeIgniter\CodeIgniter->handleRequest(NULL, Object(Config\Cache), false)
#7 C:\wamp64\www\chopesgames1\public\index.php(37): CodeIgniter\CodeIgniter->run()
#8 {main}
CRITICAL - 2022-04-29 04:59:42 --> Call to undefined function form_open()
#0 C:\wamp64\www\chopesgames1\system\View\View.php(214): include()
#1 C:\wamp64\www\chopesgames1\system\View\View.php(217): CodeIgniter\View\View->CodeIgniter\View\{closure}()
#2 C:\wamp64\www\chopesgames1\system\Common.php(1097): CodeIgniter\View\View->render('visiteur/suppri...', Array, true)
#3 C:\wamp64\www\chopesgames1\app\Controllers\Visiteur.php(320): view('visiteur/suppri...')
#4 C:\wamp64\www\chopesgames1\system\CodeIgniter.php(824): App\Controllers\Visiteur->supprimerCompte()
#5 C:\wamp64\www\chopesgames1\system\CodeIgniter.php(410): CodeIgniter\CodeIgniter->runController(Object(App\Controllers\Visiteur))
#6 C:\wamp64\www\chopesgames1\system\CodeIgniter.php(318): CodeIgniter\CodeIgniter->handleRequest(NULL, Object(Config\Cache), false)
#7 C:\wamp64\www\chopesgames1\public\index.php(37): CodeIgniter\CodeIgniter->run()
#8 {main}
CRITICAL - 2022-04-29 04:59:47 --> Call to undefined function form_open()
#0 C:\wamp64\www\chopesgames1\system\View\View.php(214): include()
#1 C:\wamp64\www\chopesgames1\system\View\View.php(217): CodeIgniter\View\View->CodeIgniter\View\{closure}()
#2 C:\wamp64\www\chopesgames1\system\Common.php(1097): CodeIgniter\View\View->render('visiteur/suppri...', Array, true)
#3 C:\wamp64\www\chopesgames1\app\Controllers\Visiteur.php(320): view('visiteur/suppri...')
#4 C:\wamp64\www\chopesgames1\system\CodeIgniter.php(824): App\Controllers\Visiteur->supprimerCompte()
#5 C:\wamp64\www\chopesgames1\system\CodeIgniter.php(410): CodeIgniter\CodeIgniter->runController(Object(App\Controllers\Visiteur))
#6 C:\wamp64\www\chopesgames1\system\CodeIgniter.php(318): CodeIgniter\CodeIgniter->handleRequest(NULL, Object(Config\Cache), false)
#7 C:\wamp64\www\chopesgames1\public\index.php(37): CodeIgniter\CodeIgniter->run()
#8 {main}
CRITICAL - 2022-04-29 05:00:04 --> Undefined variable: TitreDeLaPage
#0 C:\wamp64\www\chopesgames1\app\Views\visiteur\supprimerCompte.php(9): CodeIgniter\Debug\Exceptions->errorHandler(8, 'Undefined varia...', 'C:\\wamp64\\www\\c...', 9, Array)
#1 C:\wamp64\www\chopesgames1\system\View\View.php(214): include('C:\\wamp64\\www\\c...')
#2 C:\wamp64\www\chopesgames1\system\View\View.php(217): CodeIgniter\View\View->CodeIgniter\View\{closure}()
#3 C:\wamp64\www\chopesgames1\system\Common.php(1097): CodeIgniter\View\View->render('visiteur/suppri...', Array, true)
#4 C:\wamp64\www\chopesgames1\app\Controllers\Visiteur.php(320): view('visiteur/suppri...')
#5 C:\wamp64\www\chopesgames1\system\CodeIgniter.php(824): App\Controllers\Visiteur->supprimerCompte()
#6 C:\wamp64\www\chopesgames1\system\CodeIgniter.php(410): CodeIgniter\CodeIgniter->runController(Object(App\Controllers\Visiteur))
#7 C:\wamp64\www\chopesgames1\system\CodeIgniter.php(318): CodeIgniter\CodeIgniter->handleRequest(NULL, Object(Config\Cache), false)
#8 C:\wamp64\www\chopesgames1\public\index.php(37): CodeIgniter\CodeIgniter->run()
#9 {main}
CRITICAL - 2022-04-29 05:10:11 --> Undefined variable: TitreDeLaPage
#0 C:\wamp64\www\chopesgames1\app\Views\visiteur\supprimerCompte.php(2): CodeIgniter\Debug\Exceptions->errorHandler(8, 'Undefined varia...', 'C:\\wamp64\\www\\c...', 2, Array)
#1 C:\wamp64\www\chopesgames1\system\View\View.php(214): include('C:\\wamp64\\www\\c...')
#2 C:\wamp64\www\chopesgames1\system\View\View.php(217): CodeIgniter\View\View->CodeIgniter\View\{closure}()
#3 C:\wamp64\www\chopesgames1\system\Common.php(1097): CodeIgniter\View\View->render('visiteur/suppri...', Array, true)
#4 C:\wamp64\www\chopesgames1\app\Controllers\Visiteur.php(320): view('visiteur/suppri...')
#5 C:\wamp64\www\chopesgames1\system\CodeIgniter.php(824): App\Controllers\Visiteur->supprimerCompte()
#6 C:\wamp64\www\chopesgames1\system\CodeIgniter.php(410): CodeIgniter\CodeIgniter->runController(Object(App\Controllers\Visiteur))
#7 C:\wamp64\www\chopesgames1\system\CodeIgniter.php(318): CodeIgniter\CodeIgniter->handleRequest(NULL, Object(Config\Cache), false)
#8 C:\wamp64\www\chopesgames1\public\index.php(37): CodeIgniter\CodeIgniter->run()
#9 {main}
CRITICAL - 2022-04-29 05:10:37 --> Undefined variable: TitreDeLaPage
#0 C:\wamp64\www\chopesgames1\app\Views\visiteur\supprimerCompte.php(2): CodeIgniter\Debug\Exceptions->errorHandler(8, 'Undefined varia...', 'C:\\wamp64\\www\\c...', 2, Array)
#1 C:\wamp64\www\chopesgames1\system\View\View.php(214): include('C:\\wamp64\\www\\c...')
#2 C:\wamp64\www\chopesgames1\system\View\View.php(217): CodeIgniter\View\View->CodeIgniter\View\{closure}()
#3 C:\wamp64\www\chopesgames1\system\Common.php(1097): CodeIgniter\View\View->render('visiteur/suppri...', Array, true)
#4 C:\wamp64\www\chopesgames1\app\Controllers\Visiteur.php(320): view('visiteur/suppri...')
#5 C:\wamp64\www\chopesgames1\system\CodeIgniter.php(824): App\Controllers\Visiteur->supprimerCompte()
#6 C:\wamp64\www\chopesgames1\system\CodeIgniter.php(410): CodeIgniter\CodeIgniter->runController(Object(App\Controllers\Visiteur))
#7 C:\wamp64\www\chopesgames1\system\CodeIgniter.php(318): CodeIgniter\CodeIgniter->handleRequest(NULL, Object(Config\Cache), false)
#8 C:\wamp64\www\chopesgames1\public\index.php(37): CodeIgniter\CodeIgniter->run()
#9 {main}
CRITICAL - 2022-04-29 05:10:42 --> Undefined variable: TitreDeLaPage
#0 C:\wamp64\www\chopesgames1\app\Views\visiteur\supprimerCompte.php(2): CodeIgniter\Debug\Exceptions->errorHandler(8, 'Undefined varia...', 'C:\\wamp64\\www\\c...', 2, Array)
#1 C:\wamp64\www\chopesgames1\system\View\View.php(214): include('C:\\wamp64\\www\\c...')
#2 C:\wamp64\www\chopesgames1\system\View\View.php(217): CodeIgniter\View\View->CodeIgniter\View\{closure}()
#3 C:\wamp64\www\chopesgames1\system\Common.php(1097): CodeIgniter\View\View->render('visiteur/suppri...', Array, true)
#4 C:\wamp64\www\chopesgames1\app\Controllers\Visiteur.php(320): view('visiteur/suppri...')
#5 C:\wamp64\www\chopesgames1\system\CodeIgniter.php(824): App\Controllers\Visiteur->supprimerCompte()
#6 C:\wamp64\www\chopesgames1\system\CodeIgniter.php(410): CodeIgniter\CodeIgniter->runController(Object(App\Controllers\Visiteur))
#7 C:\wamp64\www\chopesgames1\system\CodeIgniter.php(318): CodeIgniter\CodeIgniter->handleRequest(NULL, Object(Config\Cache), false)
#8 C:\wamp64\www\chopesgames1\public\index.php(37): CodeIgniter\CodeIgniter->run()
#9 {main}
CRITICAL - 2022-04-29 05:10:49 --> Undefined variable: TitreDeLaPage
#0 C:\wamp64\www\chopesgames1\app\Views\visiteur\supprimerCompte.php(2): CodeIgniter\Debug\Exceptions->errorHandler(8, 'Undefined varia...', 'C:\\wamp64\\www\\c...', 2, Array)
#1 C:\wamp64\www\chopesgames1\system\View\View.php(214): include('C:\\wamp64\\www\\c...')
#2 C:\wamp64\www\chopesgames1\system\View\View.php(217): CodeIgniter\View\View->CodeIgniter\View\{closure}()
#3 C:\wamp64\www\chopesgames1\system\Common.php(1097): CodeIgniter\View\View->render('visiteur/suppri...', Array, true)
#4 C:\wamp64\www\chopesgames1\app\Controllers\Visiteur.php(320): view('visiteur/suppri...')
#5 C:\wamp64\www\chopesgames1\system\CodeIgniter.php(824): App\Controllers\Visiteur->supprimerCompte()
#6 C:\wamp64\www\chopesgames1\system\CodeIgniter.php(410): CodeIgniter\CodeIgniter->runController(Object(App\Controllers\Visiteur))
#7 C:\wamp64\www\chopesgames1\system\CodeIgniter.php(318): CodeIgniter\CodeIgniter->handleRequest(NULL, Object(Config\Cache), false)
#8 C:\wamp64\www\chopesgames1\public\index.php(37): CodeIgniter\CodeIgniter->run()
#9 {main}
CRITICAL - 2022-04-29 05:10:50 --> Undefined variable: TitreDeLaPage
#0 C:\wamp64\www\chopesgames1\app\Views\visiteur\supprimerCompte.php(2): CodeIgniter\Debug\Exceptions->errorHandler(8, 'Undefined varia...', 'C:\\wamp64\\www\\c...', 2, Array)
#1 C:\wamp64\www\chopesgames1\system\View\View.php(214): include('C:\\wamp64\\www\\c...')
#2 C:\wamp64\www\chopesgames1\system\View\View.php(217): CodeIgniter\View\View->CodeIgniter\View\{closure}()
#3 C:\wamp64\www\chopesgames1\system\Common.php(1097): CodeIgniter\View\View->render('visiteur/suppri...', Array, true)
#4 C:\wamp64\www\chopesgames1\app\Controllers\Visiteur.php(320): view('visiteur/suppri...')
#5 C:\wamp64\www\chopesgames1\system\CodeIgniter.php(824): App\Controllers\Visiteur->supprimerCompte()
#6 C:\wamp64\www\chopesgames1\system\CodeIgniter.php(410): CodeIgniter\CodeIgniter->runController(Object(App\Controllers\Visiteur))
#7 C:\wamp64\www\chopesgames1\system\CodeIgniter.php(318): CodeIgniter\CodeIgniter->handleRequest(NULL, Object(Config\Cache), false)
#8 C:\wamp64\www\chopesgames1\public\index.php(37): CodeIgniter\CodeIgniter->run()
#9 {main}
CRITICAL - 2022-04-29 05:10:52 --> Undefined variable: TitreDeLaPage
#0 C:\wamp64\www\chopesgames1\app\Views\visiteur\supprimerCompte.php(2): CodeIgniter\Debug\Exceptions->errorHandler(8, 'Undefined varia...', 'C:\\wamp64\\www\\c...', 2, Array)
#1 C:\wamp64\www\chopesgames1\system\View\View.php(214): include('C:\\wamp64\\www\\c...')
#2 C:\wamp64\www\chopesgames1\system\View\View.php(217): CodeIgniter\View\View->CodeIgniter\View\{closure}()
#3 C:\wamp64\www\chopesgames1\system\Common.php(1097): CodeIgniter\View\View->render('visiteur/suppri...', Array, true)
#4 C:\wamp64\www\chopesgames1\app\Controllers\Visiteur.php(320): view('visiteur/suppri...')
#5 C:\wamp64\www\chopesgames1\system\CodeIgniter.php(824): App\Controllers\Visiteur->supprimerCompte()
#6 C:\wamp64\www\chopesgames1\system\CodeIgniter.php(410): CodeIgniter\CodeIgniter->runController(Object(App\Controllers\Visiteur))
#7 C:\wamp64\www\chopesgames1\system\CodeIgniter.php(318): CodeIgniter\CodeIgniter->handleRequest(NULL, Object(Config\Cache), false)
#8 C:\wamp64\www\chopesgames1\public\index.php(37): CodeIgniter\CodeIgniter->run()
#9 {main}
CRITICAL - 2022-04-29 05:10:55 --> Undefined variable: TitreDeLaPage
#0 C:\wamp64\www\chopesgames1\app\Views\visiteur\supprimerCompte.php(2): CodeIgniter\Debug\Exceptions->errorHandler(8, 'Undefined varia...', 'C:\\wamp64\\www\\c...', 2, Array)
#1 C:\wamp64\www\chopesgames1\system\View\View.php(214): include('C:\\wamp64\\www\\c...')
#2 C:\wamp64\www\chopesgames1\system\View\View.php(217): CodeIgniter\View\View->CodeIgniter\View\{closure}()
#3 C:\wamp64\www\chopesgames1\system\Common.php(1097): CodeIgniter\View\View->render('visiteur/suppri...', Array, true)
#4 C:\wamp64\www\chopesgames1\app\Controllers\Visiteur.php(320): view('visiteur/suppri...')
#5 C:\wamp64\www\chopesgames1\system\CodeIgniter.php(824): App\Controllers\Visiteur->supprimerCompte()
#6 C:\wamp64\www\chopesgames1\system\CodeIgniter.php(410): CodeIgniter\CodeIgniter->runController(Object(App\Controllers\Visiteur))
#7 C:\wamp64\www\chopesgames1\system\CodeIgniter.php(318): CodeIgniter\CodeIgniter->handleRequest(NULL, Object(Config\Cache), false)
#8 C:\wamp64\www\chopesgames1\public\index.php(37): CodeIgniter\CodeIgniter->run()
#9 {main}
CRITICAL - 2022-04-29 05:11:05 --> Undefined variable: TitreDeLaPage
#0 C:\wamp64\www\chopesgames1\app\Views\visiteur\supprimerCompte.php(2): CodeIgniter\Debug\Exceptions->errorHandler(8, 'Undefined varia...', 'C:\\wamp64\\www\\c...', 2, Array)
#1 C:\wamp64\www\chopesgames1\system\View\View.php(214): include('C:\\wamp64\\www\\c...')
#2 C:\wamp64\www\chopesgames1\system\View\View.php(217): CodeIgniter\View\View->CodeIgniter\View\{closure}()
#3 C:\wamp64\www\chopesgames1\system\Common.php(1097): CodeIgniter\View\View->render('visiteur/suppri...', Array, true)
#4 C:\wamp64\www\chopesgames1\app\Controllers\Visiteur.php(320): view('visiteur/suppri...')
#5 C:\wamp64\www\chopesgames1\system\CodeIgniter.php(824): App\Controllers\Visiteur->supprimerCompte()
#6 C:\wamp64\www\chopesgames1\system\CodeIgniter.php(410): CodeIgniter\CodeIgniter->runController(Object(App\Controllers\Visiteur))
#7 C:\wamp64\www\chopesgames1\system\CodeIgniter.php(318): CodeIgniter\CodeIgniter->handleRequest(NULL, Object(Config\Cache), false)
#8 C:\wamp64\www\chopesgames1\public\index.php(37): CodeIgniter\CodeIgniter->run()
#9 {main}
CRITICAL - 2022-04-29 05:11:27 --> Undefined variable: TitreDeLaPage
#0 C:\wamp64\www\chopesgames1\app\Views\visiteur\supprimerCompte.php(2): CodeIgniter\Debug\Exceptions->errorHandler(8, 'Undefined varia...', 'C:\\wamp64\\www\\c...', 2, Array)
#1 C:\wamp64\www\chopesgames1\system\View\View.php(214): include('C:\\wamp64\\www\\c...')
#2 C:\wamp64\www\chopesgames1\system\View\View.php(217): CodeIgniter\View\View->CodeIgniter\View\{closure}()
#3 C:\wamp64\www\chopesgames1\system\Common.php(1097): CodeIgniter\View\View->render('visiteur/suppri...', Array, true)
#4 C:\wamp64\www\chopesgames1\app\Controllers\Visiteur.php(320): view('visiteur/suppri...')
#5 C:\wamp64\www\chopesgames1\system\CodeIgniter.php(824): App\Controllers\Visiteur->supprimerCompte()
#6 C:\wamp64\www\chopesgames1\system\CodeIgniter.php(410): CodeIgniter\CodeIgniter->runController(Object(App\Controllers\Visiteur))
#7 C:\wamp64\www\chopesgames1\system\CodeIgniter.php(318): CodeIgniter\CodeIgniter->handleRequest(NULL, Object(Config\Cache), false)
#8 C:\wamp64\www\chopesgames1\public\index.php(37): CodeIgniter\CodeIgniter->run()
#9 {main}
CRITICAL - 2022-04-29 05:11:30 --> Undefined variable: TitreDeLaPage
#0 C:\wamp64\www\chopesgames1\app\Views\visiteur\supprimerCompte.php(2): CodeIgniter\Debug\Exceptions->errorHandler(8, 'Undefined varia...', 'C:\\wamp64\\www\\c...', 2, Array)
#1 C:\wamp64\www\chopesgames1\system\View\View.php(214): include('C:\\wamp64\\www\\c...')
#2 C:\wamp64\www\chopesgames1\system\View\View.php(217): CodeIgniter\View\View->CodeIgniter\View\{closure}()
#3 C:\wamp64\www\chopesgames1\system\Common.php(1097): CodeIgniter\View\View->render('visiteur/suppri...', Array, true)
#4 C:\wamp64\www\chopesgames1\app\Controllers\Visiteur.php(320): view('visiteur/suppri...')
#5 C:\wamp64\www\chopesgames1\system\CodeIgniter.php(824): App\Controllers\Visiteur->supprimerCompte()
#6 C:\wamp64\www\chopesgames1\system\CodeIgniter.php(410): CodeIgniter\CodeIgniter->runController(Object(App\Controllers\Visiteur))
#7 C:\wamp64\www\chopesgames1\system\CodeIgniter.php(318): CodeIgniter\CodeIgniter->handleRequest(NULL, Object(Config\Cache), false)
#8 C:\wamp64\www\chopesgames1\public\index.php(37): CodeIgniter\CodeIgniter->run()
#9 {main}
CRITICAL - 2022-04-29 06:44:53 --> Undefined variable: admin
#0 C:\wamp64\www\chopesgames1\app\Views\visiteur\supprimerCompte.php(27): CodeIgniter\Debug\Exceptions->errorHandler(8, 'Undefined varia...', 'C:\\wamp64\\www\\c...', 27, Array)
#1 C:\wamp64\www\chopesgames1\system\View\View.php(214): include('C:\\wamp64\\www\\c...')
#2 C:\wamp64\www\chopesgames1\system\View\View.php(217): CodeIgniter\View\View->CodeIgniter\View\{closure}()
#3 C:\wamp64\www\chopesgames1\system\Common.php(1097): CodeIgniter\View\View->render('visiteur/suppri...', Array, true)
#4 C:\wamp64\www\chopesgames1\app\Controllers\Client.php(557): view('visiteur/suppri...')
#5 C:\wamp64\www\chopesgames1\system\CodeIgniter.php(824): App\Controllers\client->supprimerCompte()
#6 C:\wamp64\www\chopesgames1\system\CodeIgniter.php(410): CodeIgniter\CodeIgniter->runController(Object(App\Controllers\client))
#7 C:\wamp64\www\chopesgames1\system\CodeIgniter.php(318): CodeIgniter\CodeIgniter->handleRequest(NULL, Object(Config\Cache), false)
#8 C:\wamp64\www\chopesgames1\public\index.php(37): CodeIgniter\CodeIgniter->run()
#9 {main}
CRITICAL - 2022-04-29 06:46:08 --> Undefined variable: client
#0 C:\wamp64\www\chopesgames1\app\Views\visiteur\supprimerCompte.php(26): CodeIgniter\Debug\Exceptions->errorHandler(8, 'Undefined varia...', 'C:\\wamp64\\www\\c...', 26, Array)
#1 C:\wamp64\www\chopesgames1\system\View\View.php(214): include('C:\\wamp64\\www\\c...')
#2 C:\wamp64\www\chopesgames1\system\View\View.php(217): CodeIgniter\View\View->CodeIgniter\View\{closure}()
#3 C:\wamp64\www\chopesgames1\system\Common.php(1097): CodeIgniter\View\View->render('visiteur/suppri...', Array, true)
#4 C:\wamp64\www\chopesgames1\app\Controllers\Client.php(557): view('visiteur/suppri...')
#5 C:\wamp64\www\chopesgames1\system\CodeIgniter.php(824): App\Controllers\client->supprimerCompte()
#6 C:\wamp64\www\chopesgames1\system\CodeIgniter.php(410): CodeIgniter\CodeIgniter->runController(Object(App\Controllers\client))
#7 C:\wamp64\www\chopesgames1\system\CodeIgniter.php(318): CodeIgniter\CodeIgniter->handleRequest(NULL, Object(Config\Cache), false)
#8 C:\wamp64\www\chopesgames1\public\index.php(37): CodeIgniter\CodeIgniter->run()
#9 {main}
CRITICAL - 2022-04-29 06:47:01 --> Undefined variable: session
#0 C:\wamp64\www\chopesgames1\app\Views\visiteur\supprimerCompte.php(27): CodeIgniter\Debug\Exceptions->errorHandler(8, 'Undefined varia...', 'C:\\wamp64\\www\\c...', 27, Array)
#1 C:\wamp64\www\chopesgames1\system\View\View.php(214): include('C:\\wamp64\\www\\c...')
#2 C:\wamp64\www\chopesgames1\system\View\View.php(217): CodeIgniter\View\View->CodeIgniter\View\{closure}()
#3 C:\wamp64\www\chopesgames1\system\Common.php(1097): CodeIgniter\View\View->render('visiteur/suppri...', Array, true)
#4 C:\wamp64\www\chopesgames1\app\Controllers\Client.php(557): view('visiteur/suppri...')
#5 C:\wamp64\www\chopesgames1\system\CodeIgniter.php(824): App\Controllers\client->supprimerCompte()
#6 C:\wamp64\www\chopesgames1\system\CodeIgniter.php(410): CodeIgniter\CodeIgniter->runController(Object(App\Controllers\client))
#7 C:\wamp64\www\chopesgames1\system\CodeIgniter.php(318): CodeIgniter\CodeIgniter->handleRequest(NULL, Object(Config\Cache), false)
#8 C:\wamp64\www\chopesgames1\public\index.php(37): CodeIgniter\CodeIgniter->run()
#9 {main}
CRITICAL - 2022-04-29 06:51:30 --> Undefined variable: session
#0 C:\wamp64\www\chopesgames1\app\Views\visiteur\supprimerCompte.php(27): CodeIgniter\Debug\Exceptions->errorHandler(8, 'Undefined varia...', 'C:\\wamp64\\www\\c...', 27, Array)
#1 C:\wamp64\www\chopesgames1\system\View\View.php(214): include('C:\\wamp64\\www\\c...')
#2 C:\wamp64\www\chopesgames1\system\View\View.php(217): CodeIgniter\View\View->CodeIgniter\View\{closure}()
#3 C:\wamp64\www\chopesgames1\system\Common.php(1097): CodeIgniter\View\View->render('visiteur/suppri...', Array, true)
#4 C:\wamp64\www\chopesgames1\app\Controllers\Client.php(557): view('visiteur/suppri...')
#5 C:\wamp64\www\chopesgames1\system\CodeIgniter.php(824): App\Controllers\client->supprimerCompte()
#6 C:\wamp64\www\chopesgames1\system\CodeIgniter.php(410): CodeIgniter\CodeIgniter->runController(Object(App\Controllers\client))
#7 C:\wamp64\www\chopesgames1\system\CodeIgniter.php(318): CodeIgniter\CodeIgniter->handleRequest(NULL, Object(Config\Cache), false)
#8 C:\wamp64\www\chopesgames1\public\index.php(37): CodeIgniter\CodeIgniter->run()
#9 {main}
CRITICAL - 2022-04-29 06:52:39 --> Undefined variable: session
#0 C:\wamp64\www\chopesgames1\app\Views\visiteur\supprimerCompte.php(27): CodeIgniter\Debug\Exceptions->errorHandler(8, 'Undefined varia...', 'C:\\wamp64\\www\\c...', 27, Array)
#1 C:\wamp64\www\chopesgames1\system\View\View.php(214): include('C:\\wamp64\\www\\c...')
#2 C:\wamp64\www\chopesgames1\system\View\View.php(217): CodeIgniter\View\View->CodeIgniter\View\{closure}()
#3 C:\wamp64\www\chopesgames1\system\Common.php(1097): CodeIgniter\View\View->render('visiteur/suppri...', Array, true)
#4 C:\wamp64\www\chopesgames1\app\Controllers\Client.php(557): view('visiteur/suppri...')
#5 C:\wamp64\www\chopesgames1\system\CodeIgniter.php(824): App\Controllers\client->supprimerCompte()
#6 C:\wamp64\www\chopesgames1\system\CodeIgniter.php(410): CodeIgniter\CodeIgniter->runController(Object(App\Controllers\client))
#7 C:\wamp64\www\chopesgames1\system\CodeIgniter.php(318): CodeIgniter\CodeIgniter->handleRequest(NULL, Object(Config\Cache), false)
#8 C:\wamp64\www\chopesgames1\public\index.php(37): CodeIgniter\CodeIgniter->run()
#9 {main}
CRITICAL - 2022-04-29 06:58:11 --> Too few arguments to function App\Controllers\client::droitOublie(), 0 passed in C:\wamp64\www\chopesgames1\system\CodeIgniter.php on line 824 and exactly 1 expected
#0 C:\wamp64\www\chopesgames1\system\CodeIgniter.php(824): App\Controllers\client->droitOublie()
#1 C:\wamp64\www\chopesgames1\system\CodeIgniter.php(410): CodeIgniter\CodeIgniter->runController(Object(App\Controllers\client))
#2 C:\wamp64\www\chopesgames1\system\CodeIgniter.php(318): CodeIgniter\CodeIgniter->handleRequest(NULL, Object(Config\Cache), false)
#3 C:\wamp64\www\chopesgames1\public\index.php(37): CodeIgniter\CodeIgniter->run()
#4 {main}
CRITICAL - 2022-04-29 06:58:44 --> Too few arguments to function App\Controllers\client::droitOublie(), 0 passed in C:\wamp64\www\chopesgames1\system\CodeIgniter.php on line 824 and exactly 1 expected
#0 C:\wamp64\www\chopesgames1\system\CodeIgniter.php(824): App\Controllers\client->droitOublie()
#1 C:\wamp64\www\chopesgames1\system\CodeIgniter.php(410): CodeIgniter\CodeIgniter->runController(Object(App\Controllers\client))
#2 C:\wamp64\www\chopesgames1\system\CodeIgniter.php(318): CodeIgniter\CodeIgniter->handleRequest(NULL, Object(Config\Cache), false)
#3 C:\wamp64\www\chopesgames1\public\index.php(37): CodeIgniter\CodeIgniter->run()
#4 {main}
CRITICAL - 2022-04-29 07:19:33 --> Too few arguments to function App\Controllers\client::droitOublie(), 0 passed in C:\wamp64\www\chopesgames1\system\CodeIgniter.php on line 824 and exactly 1 expected
#0 C:\wamp64\www\chopesgames1\system\CodeIgniter.php(824): App\Controllers\client->droitOublie()
#1 C:\wamp64\www\chopesgames1\system\CodeIgniter.php(410): CodeIgniter\CodeIgniter->runController(Object(App\Controllers\client))
#2 C:\wamp64\www\chopesgames1\system\CodeIgniter.php(318): CodeIgniter\CodeIgniter->handleRequest(NULL, Object(Config\Cache), false)
#3 C:\wamp64\www\chopesgames1\public\index.php(37): CodeIgniter\CodeIgniter->run()
#4 {main}
CRITICAL - 2022-04-29 07:20:31 --> Too few arguments to function App\Controllers\client::droitOublie(), 0 passed in C:\wamp64\www\chopesgames1\system\CodeIgniter.php on line 824 and exactly 1 expected
#0 C:\wamp64\www\chopesgames1\system\CodeIgniter.php(824): App\Controllers\client->droitOublie()
#1 C:\wamp64\www\chopesgames1\system\CodeIgniter.php(410): CodeIgniter\CodeIgniter->runController(Object(App\Controllers\client))
#2 C:\wamp64\www\chopesgames1\system\CodeIgniter.php(318): CodeIgniter\CodeIgniter->handleRequest(NULL, Object(Config\Cache), false)
#3 C:\wamp64\www\chopesgames1\public\index.php(37): CodeIgniter\CodeIgniter->run()
#4 {main}
CRITICAL - 2022-04-29 07:20:34 --> Too few arguments to function App\Controllers\client::droitOublie(), 0 passed in C:\wamp64\www\chopesgames1\system\CodeIgniter.php on line 824 and exactly 1 expected
#0 C:\wamp64\www\chopesgames1\system\CodeIgniter.php(824): App\Controllers\client->droitOublie()
#1 C:\wamp64\www\chopesgames1\system\CodeIgniter.php(410): CodeIgniter\CodeIgniter->runController(Object(App\Controllers\client))
#2 C:\wamp64\www\chopesgames1\system\CodeIgniter.php(318): CodeIgniter\CodeIgniter->handleRequest(NULL, Object(Config\Cache), false)
#3 C:\wamp64\www\chopesgames1\public\index.php(37): CodeIgniter\CodeIgniter->run()
#4 {main}
CRITICAL - 2022-04-29 07:21:33 --> Too few arguments to function App\Controllers\client::droitOublie(), 0 passed in C:\wamp64\www\chopesgames1\system\CodeIgniter.php on line 824 and exactly 1 expected
#0 C:\wamp64\www\chopesgames1\system\CodeIgniter.php(824): App\Controllers\client->droitOublie()
#1 C:\wamp64\www\chopesgames1\system\CodeIgniter.php(410): CodeIgniter\CodeIgniter->runController(Object(App\Controllers\client))
#2 C:\wamp64\www\chopesgames1\system\CodeIgniter.php(318): CodeIgniter\CodeIgniter->handleRequest(NULL, Object(Config\Cache), false)
#3 C:\wamp64\www\chopesgames1\public\index.php(37): CodeIgniter\CodeIgniter->run()
#4 {main}
CRITICAL - 2022-04-29 07:22:09 --> Too few arguments to function App\Controllers\client::droitOublie(), 0 passed in C:\wamp64\www\chopesgames1\system\CodeIgniter.php on line 824 and exactly 1 expected
#0 C:\wamp64\www\chopesgames1\system\CodeIgniter.php(824): App\Controllers\client->droitOublie()
#1 C:\wamp64\www\chopesgames1\system\CodeIgniter.php(410): CodeIgniter\CodeIgniter->runController(Object(App\Controllers\client))
#2 C:\wamp64\www\chopesgames1\system\CodeIgniter.php(318): CodeIgniter\CodeIgniter->handleRequest(NULL, Object(Config\Cache), false)
#3 C:\wamp64\www\chopesgames1\public\index.php(37): CodeIgniter\CodeIgniter->run()
#4 {main}
CRITICAL - 2022-04-29 07:24:43 --> Argument 1 passed to view() must be of the type string, null given, called in C:\wamp64\www\chopesgames1\app\Views\visiteur\supprimerCompte.php on line 26
#0 C:\wamp64\www\chopesgames1\app\Views\visiteur\supprimerCompte.php(26): view(NULL)
#1 C:\wamp64\www\chopesgames1\system\View\View.php(214): include('C:\\wamp64\\www\\c...')
#2 C:\wamp64\www\chopesgames1\system\View\View.php(217): CodeIgniter\View\View->CodeIgniter\View\{closure}()
#3 C:\wamp64\www\chopesgames1\system\Common.php(1097): CodeIgniter\View\View->render('visiteur/suppri...', Array, true)
#4 C:\wamp64\www\chopesgames1\app\Controllers\Client.php(557): view('visiteur/suppri...')
#5 C:\wamp64\www\chopesgames1\system\CodeIgniter.php(824): App\Controllers\client->supprimerCompte()
#6 C:\wamp64\www\chopesgames1\system\CodeIgniter.php(410): CodeIgniter\CodeIgniter->runController(Object(App\Controllers\client))
#7 C:\wamp64\www\chopesgames1\system\CodeIgniter.php(318): CodeIgniter\CodeIgniter->handleRequest(NULL, Object(Config\Cache), false)
#8 C:\wamp64\www\chopesgames1\public\index.php(37): CodeIgniter\CodeIgniter->run()
#9 {main}
CRITICAL - 2022-04-29 07:27:25 --> syntax error, unexpected '(', expecting identifier (T_STRING) or variable (T_VARIABLE) or '{' or '$'
#0 C:\wamp64\www\chopesgames1\system\View\View.php(217): CodeIgniter\View\View->CodeIgniter\View\{closure}()
#1 C:\wamp64\www\chopesgames1\system\Common.php(1097): CodeIgniter\View\View->render('visiteur/suppri...', Array, true)
#2 C:\wamp64\www\chopesgames1\app\Controllers\Client.php(557): view('visiteur/suppri...')
#3 C:\wamp64\www\chopesgames1\system\CodeIgniter.php(824): App\Controllers\client->supprimerCompte()
#4 C:\wamp64\www\chopesgames1\system\CodeIgniter.php(410): CodeIgniter\CodeIgniter->runController(Object(App\Controllers\client))
#5 C:\wamp64\www\chopesgames1\system\CodeIgniter.php(318): CodeIgniter\CodeIgniter->handleRequest(NULL, Object(Config\Cache), false)
#6 C:\wamp64\www\chopesgames1\public\index.php(37): CodeIgniter\CodeIgniter->run()
#7 {main}
CRITICAL - 2022-04-29 07:27:42 --> Argument 1 passed to view() must be of the type string, object given, called in C:\wamp64\www\chopesgames1\app\Views\visiteur\supprimerCompte.php on line 26
#0 C:\wamp64\www\chopesgames1\app\Views\visiteur\supprimerCompte.php(26): view(Object(CodeIgniter\Session\Session))
#1 C:\wamp64\www\chopesgames1\system\View\View.php(214): include('C:\\wamp64\\www\\c...')
#2 C:\wamp64\www\chopesgames1\system\View\View.php(217): CodeIgniter\View\View->CodeIgniter\View\{closure}()
#3 C:\wamp64\www\chopesgames1\system\Common.php(1097): CodeIgniter\View\View->render('visiteur/suppri...', Array, true)
#4 C:\wamp64\www\chopesgames1\app\Controllers\Client.php(557): view('visiteur/suppri...')
#5 C:\wamp64\www\chopesgames1\system\CodeIgniter.php(824): App\Controllers\client->supprimerCompte()
#6 C:\wamp64\www\chopesgames1\system\CodeIgniter.php(410): CodeIgniter\CodeIgniter->runController(Object(App\Controllers\client))
#7 C:\wamp64\www\chopesgames1\system\CodeIgniter.php(318): CodeIgniter\CodeIgniter->handleRequest(NULL, Object(Config\Cache), false)
#8 C:\wamp64\www\chopesgames1\public\index.php(37): CodeIgniter\CodeIgniter->run()
#9 {main}
CRITICAL - 2022-04-29 07:27:45 --> Argument 1 passed to view() must be of the type string, object given, called in C:\wamp64\www\chopesgames1\app\Views\visiteur\supprimerCompte.php on line 26
#0 C:\wamp64\www\chopesgames1\app\Views\visiteur\supprimerCompte.php(26): view(Object(CodeIgniter\Session\Session))
#1 C:\wamp64\www\chopesgames1\system\View\View.php(214): include('C:\\wamp64\\www\\c...')
#2 C:\wamp64\www\chopesgames1\system\View\View.php(217): CodeIgniter\View\View->CodeIgniter\View\{closure}()
#3 C:\wamp64\www\chopesgames1\system\Common.php(1097): CodeIgniter\View\View->render('visiteur/suppri...', Array, true)
#4 C:\wamp64\www\chopesgames1\app\Controllers\Client.php(557): view('visiteur/suppri...')
#5 C:\wamp64\www\chopesgames1\system\CodeIgniter.php(824): App\Controllers\client->supprimerCompte()
#6 C:\wamp64\www\chopesgames1\system\CodeIgniter.php(410): CodeIgniter\CodeIgniter->runController(Object(App\Controllers\client))
#7 C:\wamp64\www\chopesgames1\system\CodeIgniter.php(318): CodeIgniter\CodeIgniter->handleRequest(NULL, Object(Config\Cache), false)
#8 C:\wamp64\www\chopesgames1\public\index.php(37): CodeIgniter\CodeIgniter->run()
#9 {main}
CRITICAL - 2022-04-29 07:29:08 --> Too few arguments to function App\Controllers\client::droitOublie(), 0 passed in C:\wamp64\www\chopesgames1\system\CodeIgniter.php on line 824 and exactly 1 expected
#0 C:\wamp64\www\chopesgames1\system\CodeIgniter.php(824): App\Controllers\client->droitOublie()
#1 C:\wamp64\www\chopesgames1\system\CodeIgniter.php(410): CodeIgniter\CodeIgniter->runController(Object(App\Controllers\client))
#2 C:\wamp64\www\chopesgames1\system\CodeIgniter.php(318): CodeIgniter\CodeIgniter->handleRequest(NULL, Object(Config\Cache), false)
#3 C:\wamp64\www\chopesgames1\public\index.php(37): CodeIgniter\CodeIgniter->run()
#4 {main}
CRITICAL - 2022-04-29 07:30:48 --> Too few arguments to function App\Controllers\client::droitOublie(), 0 passed in C:\wamp64\www\chopesgames1\system\CodeIgniter.php on line 824 and exactly 1 expected
#0 C:\wamp64\www\chopesgames1\system\CodeIgniter.php(824): App\Controllers\client->droitOublie()
#1 C:\wamp64\www\chopesgames1\system\CodeIgniter.php(410): CodeIgniter\CodeIgniter->runController(Object(App\Controllers\client))
#2 C:\wamp64\www\chopesgames1\system\CodeIgniter.php(318): CodeIgniter\CodeIgniter->handleRequest(NULL, Object(Config\Cache), false)
#3 C:\wamp64\www\chopesgames1\public\index.php(37): CodeIgniter\CodeIgniter->run()
#4 {main}
CRITICAL - 2022-04-29 07:31:49 --> Call to undefined function form_open()
#0 C:\wamp64\www\chopesgames1\system\View\View.php(214): include()
#1 C:\wamp64\www\chopesgames1\system\View\View.php(217): CodeIgniter\View\View->CodeIgniter\View\{closure}()
#2 C:\wamp64\www\chopesgames1\system\Common.php(1097): CodeIgniter\View\View->render('visiteur/suppri...', Array, true)
#3 C:\wamp64\www\chopesgames1\app\Controllers\Client.php(557): view('visiteur/suppri...')
#4 C:\wamp64\www\chopesgames1\system\CodeIgniter.php(824): App\Controllers\client->supprimerCompte()
#5 C:\wamp64\www\chopesgames1\system\CodeIgniter.php(410): CodeIgniter\CodeIgniter->runController(Object(App\Controllers\client))
#6 C:\wamp64\www\chopesgames1\system\CodeIgniter.php(318): CodeIgniter\CodeIgniter->handleRequest(NULL, Object(Config\Cache), false)
#7 C:\wamp64\www\chopesgames1\public\index.php(37): CodeIgniter\CodeIgniter->run()
#8 {main}
CRITICAL - 2022-04-29 07:33:34 --> Call to undefined function form_open()
#0 C:\wamp64\www\chopesgames1\system\View\View.php(214): include()
#1 C:\wamp64\www\chopesgames1\system\View\View.php(217): CodeIgniter\View\View->CodeIgniter\View\{closure}()
#2 C:\wamp64\www\chopesgames1\system\Common.php(1097): CodeIgniter\View\View->render('visiteur/suppri...', Array, true)
#3 C:\wamp64\www\chopesgames1\app\Controllers\Client.php(557): view('visiteur/suppri...')
#4 C:\wamp64\www\chopesgames1\system\CodeIgniter.php(824): App\Controllers\client->supprimerCompte()
#5 C:\wamp64\www\chopesgames1\system\CodeIgniter.php(410): CodeIgniter\CodeIgniter->runController(Object(App\Controllers\client))
#6 C:\wamp64\www\chopesgames1\system\CodeIgniter.php(318): CodeIgniter\CodeIgniter->handleRequest(NULL, Object(Config\Cache), false)
#7 C:\wamp64\www\chopesgames1\public\index.php(37): CodeIgniter\CodeIgniter->run()
#8 {main}
CRITICAL - 2022-04-29 07:36:24 --> Call to undefined function form_open()
#0 C:\wamp64\www\chopesgames1\system\View\View.php(214): include()
#1 C:\wamp64\www\chopesgames1\system\View\View.php(217): CodeIgniter\View\View->CodeIgniter\View\{closure}()
#2 C:\wamp64\www\chopesgames1\system\Common.php(1097): CodeIgniter\View\View->render('visiteur/suppri...', Array, true)
#3 C:\wamp64\www\chopesgames1\app\Controllers\Client.php(557): view('visiteur/suppri...')
#4 C:\wamp64\www\chopesgames1\system\CodeIgniter.php(824): App\Controllers\client->supprimerCompte()
#5 C:\wamp64\www\chopesgames1\system\CodeIgniter.php(410): CodeIgniter\CodeIgniter->runController(Object(App\Controllers\client))
#6 C:\wamp64\www\chopesgames1\system\CodeIgniter.php(318): CodeIgniter\CodeIgniter->handleRequest(NULL, Object(Config\Cache), false)
#7 C:\wamp64\www\chopesgames1\public\index.php(37): CodeIgniter\CodeIgniter->run()
#8 {main}
CRITICAL - 2022-04-29 08:33:53 --> Call to undefined function form_open()
#0 C:\wamp64\www\chopesgames1\system\View\View.php(214): include()
#1 C:\wamp64\www\chopesgames1\system\View\View.php(217): CodeIgniter\View\View->CodeIgniter\View\{closure}()
#2 C:\wamp64\www\chopesgames1\system\Common.php(1097): CodeIgniter\View\View->render('visiteur/suppri...', Array, true)
#3 C:\wamp64\www\chopesgames1\app\Controllers\Client.php(557): view('visiteur/suppri...')
#4 C:\wamp64\www\chopesgames1\system\CodeIgniter.php(824): App\Controllers\client->supprimerCompte()
#5 C:\wamp64\www\chopesgames1\system\CodeIgniter.php(410): CodeIgniter\CodeIgniter->runController(Object(App\Controllers\client))
#6 C:\wamp64\www\chopesgames1\system\CodeIgniter.php(318): CodeIgniter\CodeIgniter->handleRequest(NULL, Object(Config\Cache), false)
#7 C:\wamp64\www\chopesgames1\public\index.php(37): CodeIgniter\CodeIgniter->run()
#8 {main}
CRITICAL - 2022-04-29 08:35:00 --> Undefined variable: TitreDeLaPage
#0 C:\wamp64\www\chopesgames1\app\Views\visiteur\supprimerCompte.php(10): CodeIgniter\Debug\Exceptions->errorHandler(8, 'Undefined varia...', 'C:\\wamp64\\www\\c...', 10, Array)
#1 C:\wamp64\www\chopesgames1\system\View\View.php(214): include('C:\\wamp64\\www\\c...')
#2 C:\wamp64\www\chopesgames1\system\View\View.php(217): CodeIgniter\View\View->CodeIgniter\View\{closure}()
#3 C:\wamp64\www\chopesgames1\system\Common.php(1097): CodeIgniter\View\View->render('visiteur/suppri...', Array, true)
#4 C:\wamp64\www\chopesgames1\app\Controllers\Client.php(557): view('visiteur/suppri...')
#5 C:\wamp64\www\chopesgames1\system\CodeIgniter.php(824): App\Controllers\client->supprimerCompte()
#6 C:\wamp64\www\chopesgames1\system\CodeIgniter.php(410): CodeIgniter\CodeIgniter->runController(Object(App\Controllers\client))
#7 C:\wamp64\www\chopesgames1\system\CodeIgniter.php(318): CodeIgniter\CodeIgniter->handleRequest(NULL, Object(Config\Cache), false)
#8 C:\wamp64\www\chopesgames1\public\index.php(37): CodeIgniter\CodeIgniter->run()
#9 {main}
CRITICAL - 2022-04-29 09:27:19 --> There is no data to update.
#0 C:\wamp64\www\chopesgames1\system\BaseModel.php(1574): CodeIgniter\Database\Exceptions\DataException::forEmptyDataset('update')
#1 C:\wamp64\www\chopesgames1\system\BaseModel.php(832): CodeIgniter\BaseModel->transformDataToArray(NULL, 'update')
#2 C:\wamp64\www\chopesgames1\system\Model.php(646): CodeIgniter\BaseModel->update(Array, NULL)
#3 C:\wamp64\www\chopesgames1\app\Models\ModeleClient.php(32): CodeIgniter\Model->update('EMAIL', NULL)
#4 C:\wamp64\www\chopesgames1\app\Controllers\Client.php(557): App\Models\ModeleClient->supprimerClient(NULL)
#5 C:\wamp64\www\chopesgames1\system\CodeIgniter.php(824): App\Controllers\client->droitOublie()
#6 C:\wamp64\www\chopesgames1\system\CodeIgniter.php(410): CodeIgniter\CodeIgniter->runController(Object(App\Controllers\client))
#7 C:\wamp64\www\chopesgames1\system\CodeIgniter.php(318): CodeIgniter\CodeIgniter->handleRequest(NULL, Object(Config\Cache), false)
#8 C:\wamp64\www\chopesgames1\public\index.php(37): CodeIgniter\CodeIgniter->run()
#9 {main}
CRITICAL - 2022-04-29 09:31:28 --> There is no data to update.
#0 C:\wamp64\www\chopesgames1\system\BaseModel.php(1574): CodeIgniter\Database\Exceptions\DataException::forEmptyDataset('update')
#1 C:\wamp64\www\chopesgames1\system\BaseModel.php(832): CodeIgniter\BaseModel->transformDataToArray(NULL, 'update')
#2 C:\wamp64\www\chopesgames1\system\Model.php(646): CodeIgniter\BaseModel->update(Array, NULL)
#3 C:\wamp64\www\chopesgames1\app\Models\ModeleClient.php(32): CodeIgniter\Model->update('EMAIL', NULL)
#4 C:\wamp64\www\chopesgames1\app\Controllers\Client.php(557): App\Models\ModeleClient->supprimerClient(NULL)
#5 C:\wamp64\www\chopesgames1\system\CodeIgniter.php(824): App\Controllers\client->droitOublie()
#6 C:\wamp64\www\chopesgames1\system\CodeIgniter.php(410): CodeIgniter\CodeIgniter->runController(Object(App\Controllers\client))
#7 C:\wamp64\www\chopesgames1\system\CodeIgniter.php(318): CodeIgniter\CodeIgniter->handleRequest(NULL, Object(Config\Cache), false)
#8 C:\wamp64\www\chopesgames1\public\index.php(37): CodeIgniter\CodeIgniter->run()
#9 {main}
CRITICAL - 2022-04-29 09:32:08 --> There is no data to update.
#0 C:\wamp64\www\chopesgames1\system\BaseModel.php(1574): CodeIgniter\Database\Exceptions\DataException::forEmptyDataset('update')
#1 C:\wamp64\www\chopesgames1\system\BaseModel.php(832): CodeIgniter\BaseModel->transformDataToArray(NULL, 'update')
#2 C:\wamp64\www\chopesgames1\system\Model.php(646): CodeIgniter\BaseModel->update(Array, NULL)
#3 C:\wamp64\www\chopesgames1\app\Models\ModeleClient.php(32): CodeIgniter\Model->update('EMAIL', NULL)
#4 C:\wamp64\www\chopesgames1\app\Controllers\Client.php(557): App\Models\ModeleClient->supprimerClient(NULL)
#5 C:\wamp64\www\chopesgames1\system\CodeIgniter.php(824): App\Controllers\client->droitOublie()
#6 C:\wamp64\www\chopesgames1\system\CodeIgniter.php(410): CodeIgniter\CodeIgniter->runController(Object(App\Controllers\client))
#7 C:\wamp64\www\chopesgames1\system\CodeIgniter.php(318): CodeIgniter\CodeIgniter->handleRequest(NULL, Object(Config\Cache), false)
#8 C:\wamp64\www\chopesgames1\public\index.php(37): CodeIgniter\CodeIgniter->run()
#9 {main}
CRITICAL - 2022-04-29 09:32:37 --> There is no data to update.
#0 C:\wamp64\www\chopesgames1\system\BaseModel.php(1574): CodeIgniter\Database\Exceptions\DataException::forEmptyDataset('update')
#1 C:\wamp64\www\chopesgames1\system\BaseModel.php(832): CodeIgniter\BaseModel->transformDataToArray(NULL, 'update')
#2 C:\wamp64\www\chopesgames1\system\Model.php(646): CodeIgniter\BaseModel->update(Array, NULL)
#3 C:\wamp64\www\chopesgames1\app\Models\ModeleClient.php(32): CodeIgniter\Model->update('EMAIL', NULL)
#4 C:\wamp64\www\chopesgames1\app\Controllers\Client.php(557): App\Models\ModeleClient->supprimerClient(NULL)
#5 C:\wamp64\www\chopesgames1\system\CodeIgniter.php(824): App\Controllers\client->droitOublie()
#6 C:\wamp64\www\chopesgames1\system\CodeIgniter.php(410): CodeIgniter\CodeIgniter->runController(Object(App\Controllers\client))
#7 C:\wamp64\www\chopesgames1\system\CodeIgniter.php(318): CodeIgniter\CodeIgniter->handleRequest(NULL, Object(Config\Cache), false)
#8 C:\wamp64\www\chopesgames1\public\index.php(37): CodeIgniter\CodeIgniter->run()
#9 {main}
CRITICAL - 2022-04-29 09:39:20 --> There is no data to update.
#0 C:\wamp64\www\chopesgames1\system\BaseModel.php(1574): CodeIgniter\Database\Exceptions\DataException::forEmptyDataset('update')
#1 C:\wamp64\www\chopesgames1\system\BaseModel.php(832): CodeIgniter\BaseModel->transformDataToArray(NULL, 'update')
#2 C:\wamp64\www\chopesgames1\system\Model.php(646): CodeIgniter\BaseModel->update(Array, NULL)
#3 C:\wamp64\www\chopesgames1\app\Models\ModeleClient.php(32): CodeIgniter\Model->update('EMAIL', NULL)
#4 C:\wamp64\www\chopesgames1\app\Controllers\Client.php(560): App\Models\ModeleClient->supprimerClient(NULL)
#5 C:\wamp64\www\chopesgames1\system\CodeIgniter.php(824): App\Controllers\client->droitOublie()
#6 C:\wamp64\www\chopesgames1\system\CodeIgniter.php(410): CodeIgniter\CodeIgniter->runController(Object(App\Controllers\client))
#7 C:\wamp64\www\chopesgames1\system\CodeIgniter.php(318): CodeIgniter\CodeIgniter->handleRequest(NULL, Object(Config\Cache), false)
#8 C:\wamp64\www\chopesgames1\public\index.php(37): CodeIgniter\CodeIgniter->run()
#9 {main}
CRITICAL - 2022-04-29 09:40:35 --> There is no data to update.
#0 C:\wamp64\www\chopesgames1\system\BaseModel.php(1574): CodeIgniter\Database\Exceptions\DataException::forEmptyDataset('update')
#1 C:\wamp64\www\chopesgames1\system\BaseModel.php(832): CodeIgniter\BaseModel->transformDataToArray(NULL, 'update')
#2 C:\wamp64\www\chopesgames1\system\Model.php(646): CodeIgniter\BaseModel->update(Array, NULL)
#3 C:\wamp64\www\chopesgames1\app\Models\ModeleClient.php(33): CodeIgniter\Model->update('EMAIL', NULL)
#4 C:\wamp64\www\chopesgames1\app\Controllers\Client.php(560): App\Models\ModeleClient->supprimerClient(NULL)
#5 C:\wamp64\www\chopesgames1\system\CodeIgniter.php(824): App\Controllers\client->droitOublie()
#6 C:\wamp64\www\chopesgames1\system\CodeIgniter.php(410): CodeIgniter\CodeIgniter->runController(Object(App\Controllers\client))
#7 C:\wamp64\www\chopesgames1\system\CodeIgniter.php(318): CodeIgniter\CodeIgniter->handleRequest(NULL, Object(Config\Cache), false)
#8 C:\wamp64\www\chopesgames1\public\index.php(37): CodeIgniter\CodeIgniter->run()
#9 {main}
CRITICAL - 2022-04-29 09:41:56 --> There is no data to update.
#0 C:\wamp64\www\chopesgames1\system\BaseModel.php(1574): CodeIgniter\Database\Exceptions\DataException::forEmptyDataset('update')
#1 C:\wamp64\www\chopesgames1\system\BaseModel.php(832): CodeIgniter\BaseModel->transformDataToArray(NULL, 'update')
#2 C:\wamp64\www\chopesgames1\system\Model.php(646): CodeIgniter\BaseModel->update(Array, NULL)
#3 C:\wamp64\www\chopesgames1\app\Models\ModeleClient.php(33): CodeIgniter\Model->update('EMAIL', NULL)
#4 C:\wamp64\www\chopesgames1\app\Controllers\Client.php(560): App\Models\ModeleClient->supprimerClient(NULL)
#5 C:\wamp64\www\chopesgames1\system\CodeIgniter.php(824): App\Controllers\client->droitOublie()
#6 C:\wamp64\www\chopesgames1\system\CodeIgniter.php(410): CodeIgniter\CodeIgniter->runController(Object(App\Controllers\client))
#7 C:\wamp64\www\chopesgames1\system\CodeIgniter.php(318): CodeIgniter\CodeIgniter->handleRequest(NULL, Object(Config\Cache), false)
#8 C:\wamp64\www\chopesgames1\public\index.php(37): CodeIgniter\CodeIgniter->run()
#9 {main}
ERROR - 2022-04-29 09:48:19 --> Champ 'CODEPOSTALE' inconnu dans field list
CRITICAL - 2022-04-29 09:48:19 --> Champ 'CODEPOSTALE' inconnu dans field list
#0 C:\wamp64\www\chopesgames1\system\Database\MySQLi\Connection.php(292): mysqli->query('REPLACE INTO `c...', 0)
#1 C:\wamp64\www\chopesgames1\system\Database\BaseConnection.php(670): CodeIgniter\Database\MySQLi\Connection->execute('REPLACE INTO `c...')
#2 C:\wamp64\www\chopesgames1\system\Database\BaseConnection.php(598): CodeIgniter\Database\BaseConnection->simpleQuery('REPLACE INTO `c...')
#3 C:\wamp64\www\chopesgames1\system\Database\BaseBuilder.php(1825): CodeIgniter\Database\BaseConnection->query('REPLACE INTO `c...', Array, false)
#4 C:\wamp64\www\chopesgames1\app\Models\ModeleClient.php(44): CodeIgniter\Database\BaseBuilder->replace(Array)
#5 C:\wamp64\www\chopesgames1\app\Controllers\Client.php(561): App\Models\ModeleClient->supprimerClient(NULL)
#6 C:\wamp64\www\chopesgames1\system\CodeIgniter.php(824): App\Controllers\client->droitOublie()
#7 C:\wamp64\www\chopesgames1\system\CodeIgniter.php(410): CodeIgniter\CodeIgniter->runController(Object(App\Controllers\client))
#8 C:\wamp64\www\chopesgames1\system\CodeIgniter.php(318): CodeIgniter\CodeIgniter->handleRequest(NULL, Object(Config\Cache), false)
#9 C:\wamp64\www\chopesgames1\public\index.php(37): CodeIgniter\CodeIgniter->run()
#10 {main}
ERROR - 2022-04-29 09:48:41 --> Le champ 'NOM' ne peut tre vide (null)
CRITICAL - 2022-04-29 09:48:41 --> Le champ 'NOM' ne peut tre vide (null)
#0 C:\wamp64\www\chopesgames1\system\Database\MySQLi\Connection.php(292): mysqli->query('REPLACE INTO `c...', 0)
#1 C:\wamp64\www\chopesgames1\system\Database\BaseConnection.php(670): CodeIgniter\Database\MySQLi\Connection->execute('REPLACE INTO `c...')
#2 C:\wamp64\www\chopesgames1\system\Database\BaseConnection.php(598): CodeIgniter\Database\BaseConnection->simpleQuery('REPLACE INTO `c...')
#3 C:\wamp64\www\chopesgames1\system\Database\BaseBuilder.php(1825): CodeIgniter\Database\BaseConnection->query('REPLACE INTO `c...', Array, false)
#4 C:\wamp64\www\chopesgames1\app\Models\ModeleClient.php(44): CodeIgniter\Database\BaseBuilder->replace(Array)
#5 C:\wamp64\www\chopesgames1\app\Controllers\Client.php(561): App\Models\ModeleClient->supprimerClient(NULL)
#6 C:\wamp64\www\chopesgames1\system\CodeIgniter.php(824): App\Controllers\client->droitOublie()
#7 C:\wamp64\www\chopesgames1\system\CodeIgniter.php(410): CodeIgniter\CodeIgniter->runController(Object(App\Controllers\client))
#8 C:\wamp64\www\chopesgames1\system\CodeIgniter.php(318): CodeIgniter\CodeIgniter->handleRequest(NULL, Object(Config\Cache), false)
#9 C:\wamp64\www\chopesgames1\public\index.php(37): CodeIgniter\CodeIgniter->run()
#10 {main}
CRITICAL - 2022-04-29 09:53:58 --> Undefined variable: TitreDeLaPage
#0 C:\wamp64\www\chopesgames1\app\Views\visiteur\Enregistrer.php(10): CodeIgniter\Debug\Exceptions->errorHandler(8, 'Undefined varia...', 'C:\\wamp64\\www\\c...', 10, Array)
#1 C:\wamp64\www\chopesgames1\system\View\View.php(214): include('C:\\wamp64\\www\\c...')
#2 C:\wamp64\www\chopesgames1\system\View\View.php(217): CodeIgniter\View\View->CodeIgniter\View\{closure}()
#3 C:\wamp64\www\chopesgames1\system\Common.php(1097): CodeIgniter\View\View->render('visiteur/Enregi...', Array, true)
#4 C:\wamp64\www\chopesgames1\app\Controllers\Client.php(563): view('visiteur/Enregi...')
#5 C:\wamp64\www\chopesgames1\system\CodeIgniter.php(824): App\Controllers\client->droitOublie()
#6 C:\wamp64\www\chopesgames1\system\CodeIgniter.php(410): CodeIgniter\CodeIgniter->runController(Object(App\Controllers\client))
#7 C:\wamp64\www\chopesgames1\system\CodeIgniter.php(318): CodeIgniter\CodeIgniter->handleRequest(NULL, Object(Config\Cache), false)
#8 C:\wamp64\www\chopesgames1\public\index.php(37): CodeIgniter\CodeIgniter->run()
#9 {main}
CRITICAL - 2022-04-29 09:55:15 --> Undefined variable: TitreDeLaPage
#0 C:\wamp64\www\chopesgames1\app\Views\visiteur\Enregistrer.php(10): CodeIgniter\Debug\Exceptions->errorHandler(8, 'Undefined varia...', 'C:\\wamp64\\www\\c...', 10, Array)
#1 C:\wamp64\www\chopesgames1\system\View\View.php(214): include('C:\\wamp64\\www\\c...')
#2 C:\wamp64\www\chopesgames1\system\View\View.php(217): CodeIgniter\View\View->CodeIgniter\View\{closure}()
#3 C:\wamp64\www\chopesgames1\system\Common.php(1097): CodeIgniter\View\View->render('visiteur/Enregi...', Array, true)
#4 C:\wamp64\www\chopesgames1\app\Controllers\Client.php(563): view('visiteur/Enregi...')
#5 C:\wamp64\www\chopesgames1\system\CodeIgniter.php(824): App\Controllers\client->droitOublie()
#6 C:\wamp64\www\chopesgames1\system\CodeIgniter.php(410): CodeIgniter\CodeIgniter->runController(Object(App\Controllers\client))
#7 C:\wamp64\www\chopesgames1\system\CodeIgniter.php(318): CodeIgniter\CodeIgniter->handleRequest(NULL, Object(Config\Cache), false)
#8 C:\wamp64\www\chopesgames1\public\index.php(37): CodeIgniter\CodeIgniter->run()
#9 {main}
CRITICAL - 2022-04-29 09:58:25 --> Undefined variable: TitreDeLaPage
#0 C:\wamp64\www\chopesgames1\app\Views\visiteur\Enregistrer.php(10): CodeIgniter\Debug\Exceptions->errorHandler(8, 'Undefined varia...', 'C:\\wamp64\\www\\c...', 10, Array)
#1 C:\wamp64\www\chopesgames1\system\View\View.php(214): include('C:\\wamp64\\www\\c...')
#2 C:\wamp64\www\chopesgames1\system\View\View.php(217): CodeIgniter\View\View->CodeIgniter\View\{closure}()
#3 C:\wamp64\www\chopesgames1\system\Common.php(1097): CodeIgniter\View\View->render('visiteur/Enregi...', Array, true)
#4 C:\wamp64\www\chopesgames1\app\Controllers\Client.php(563): view('visiteur/Enregi...')
#5 C:\wamp64\www\chopesgames1\system\CodeIgniter.php(824): App\Controllers\client->droitOublie()
#6 C:\wamp64\www\chopesgames1\system\CodeIgniter.php(410): CodeIgniter\CodeIgniter->runController(Object(App\Controllers\client))
#7 C:\wamp64\www\chopesgames1\system\CodeIgniter.php(318): CodeIgniter\CodeIgniter->handleRequest(NULL, Object(Config\Cache), false)
#8 C:\wamp64\www\chopesgames1\public\index.php(37): CodeIgniter\CodeIgniter->run()
#9 {main}
INFO - 2022-04-29 10:04:57 --> Session: Class initialized using 'CodeIgniter\Session\Handlers\FileHandler' driver.
CRITICAL - 2022-04-29 10:04:57 --> Argument 2 passed to log_message() must be of the type string, null given, called in C:\wamp64\www\chopesgames1\app\Controllers\Client.php on line 563
#0 C:\wamp64\www\chopesgames1\app\Controllers\Client.php(563): log_message('error', NULL)
#1 C:\wamp64\www\chopesgames1\system\CodeIgniter.php(824): App\Controllers\client->droitOublie()
#2 C:\wamp64\www\chopesgames1\system\CodeIgniter.php(410): CodeIgniter\CodeIgniter->runController(Object(App\Controllers\client))
#3 C:\wamp64\www\chopesgames1\system\CodeIgniter.php(318): CodeIgniter\CodeIgniter->handleRequest(NULL, Object(Config\Cache), false)
#4 C:\wamp64\www\chopesgames1\public\index.php(37): CodeIgniter\CodeIgniter->run()
#5 {main}
INFO - 2022-04-29 10:07:52 --> Session: Class initialized using 'CodeIgniter\Session\Handlers\FileHandler' driver.
INFO - 2022-04-29 10:07:57 --> Session: Class initialized using 'CodeIgniter\Session\Handlers\FileHandler' driver.
ERROR - 2022-04-29 10:07:57 --> ldskfjdslf@qslkdjsqld.fr
INFO - 2022-04-29 10:10:38 --> Session: Class initialized using 'CodeIgniter\Session\Handlers\FileHandler' driver.
INFO - 2022-04-29 10:10:44 --> Session: Class initialized using 'CodeIgniter\Session\Handlers\FileHandler' driver.
ERROR - 2022-04-29 10:10:44 --> ldskfjdslf@qslkdjsqld.fr
INFO - 2022-04-29 10:11:45 --> Session: Class initialized using 'CodeIgniter\Session\Handlers\FileHandler' driver.
INFO - 2022-04-29 10:11:47 --> Session: Class initialized using 'CodeIgniter\Session\Handlers\FileHandler' driver.
ERROR - 2022-04-29 10:11:47 --> ldskfjdslf@qslkdjsqld.fr
INFO - 2022-04-29 15:46:59 --> Session: Class initialized using 'CodeIgniter\Session\Handlers\FileHandler' driver.
INFO - 2022-04-29 15:46:59 --> CSRF cookie sent.
INFO - 2022-04-29 16:23:23 --> Session: Class initialized using 'CodeIgniter\Session\Handlers\FileHandler' driver.
INFO - 2022-04-29 16:23:32 --> Session: Class initialized using 'CodeIgniter\Session\Handlers\FileHandler' driver.
INFO - 2022-04-29 16:25:06 --> Session: Class initialized using 'CodeIgniter\Session\Handlers\FileHandler' driver.
INFO - 2022-04-29 16:25:08 --> Session: Class initialized using 'CodeIgniter\Session\Handlers\FileHandler' driver.
INFO - 2022-04-29 16:26:27 --> Session: Class initialized using 'CodeIgniter\Session\Handlers\FileHandler' driver.
INFO - 2022-04-29 16:26:41 --> Session: Class initialized using 'CodeIgniter\Session\Handlers\FileHandler' driver.
INFO - 2022-04-29 16:26:53 --> Session: Class initialized using 'CodeIgniter\Session\Handlers\FileHandler' driver.
INFO - 2022-04-29 16:27:11 --> Session: Class initialized using 'CodeIgniter\Session\Handlers\FileHandler' driver.
INFO - 2022-04-29 16:28:16 --> Session: Class initialized using 'CodeIgniter\Session\Handlers\FileHandler' driver.
INFO - 2022-04-29 16:29:54 --> Session: Class initialized using 'CodeIgniter\Session\Handlers\FileHandler' driver.
INFO - 2022-04-29 16:30:03 --> Session: Class initialized using 'CodeIgniter\Session\Handlers\FileHandler' driver.
INFO - 2022-04-29 16:30:03 --> Session: Class initialized using 'CodeIgniter\Session\Handlers\FileHandler' driver.
INFO - 2022-04-29 16:30:16 --> Session: Class initialized using 'CodeIgniter\Session\Handlers\FileHandler' driver.
INFO - 2022-04-29 16:30:18 --> Session: Class initialized using 'CodeIgniter\Session\Handlers\FileHandler' driver.
INFO - 2022-04-29 16:30:26 --> Session: Class initialized using 'CodeIgniter\Session\Handlers\FileHandler' driver.
ERROR - 2022-04-29 16:30:26 --> durant.pierre@google.fr
INFO - 2022-04-29 16:42:31 --> Session: Class initialized using 'CodeIgniter\Session\Handlers\FileHandler' driver.
INFO - 2022-04-29 16:42:31 --> Session: Class initialized using 'CodeIgniter\Session\Handlers\FileHandler' driver.
INFO - 2022-04-29 16:42:35 --> Session: Class initialized using 'CodeIgniter\Session\Handlers\FileHandler' driver.
INFO - 2022-04-29 16:42:43 --> Session: Class initialized using 'CodeIgniter\Session\Handlers\FileHandler' driver.
INFO - 2022-04-29 16:43:09 --> Session: Class initialized using 'CodeIgniter\Session\Handlers\FileHandler' driver.
INFO - 2022-04-29 16:43:09 --> Session: Class initialized using 'CodeIgniter\Session\Handlers\FileHandler' driver.
INFO - 2022-04-29 16:43:16 --> Session: Class initialized using 'CodeIgniter\Session\Handlers\FileHandler' driver.
INFO - 2022-04-29 16:43:18 --> Session: Class initialized using 'CodeIgniter\Session\Handlers\FileHandler' driver.
ERROR - 2022-04-29 16:43:18 --> dupont.pierre@google.fr
INFO - 2022-04-29 16:50:49 --> Session: Class initialized using 'CodeIgniter\Session\Handlers\FileHandler' driver.
ERROR - 2022-04-29 16:50:49 --> dupont.pierre@google.fr
