CRITICAL - 2022-04-04 04:51:18 --> Invalid file: welcomeMessage.php
#0 C:\wamp64\www\chopesgames\system\View\View.php(198): CodeIgniter\Exceptions\FrameworkException::forInvalidFile('welcomeMessage....')
#1 C:\wamp64\www\chopesgames\system\Common.php(1097): CodeIgniter\View\View->render('welcomeMessage', Array, true)
#2 C:\wamp64\www\chopesgames\app\Controllers\Home.php(9): view('welcomeMessage')
#3 C:\wamp64\www\chopesgames\system\CodeIgniter.php(824): App\Controllers\Home->index()
#4 C:\wamp64\www\chopesgames\system\CodeIgniter.php(410): CodeIgniter\CodeIgniter->runController(Object(App\Controllers\Home))
#5 C:\wamp64\www\chopesgames\system\CodeIgniter.php(318): CodeIgniter\CodeIgniter->handleRequest(NULL, Object(Config\Cache), false)
#6 C:\wamp64\www\chopesgames\public\index.php(37): CodeIgniter\CodeIgniter->run()
#7 {main}
CRITICAL - 2022-04-04 04:51:20 --> Invalid file: welcomeMessage.php
#0 C:\wamp64\www\chopesgames\system\View\View.php(198): CodeIgniter\Exceptions\FrameworkException::forInvalidFile('welcomeMessage....')
#1 C:\wamp64\www\chopesgames\system\Common.php(1097): CodeIgniter\View\View->render('welcomeMessage', Array, true)
#2 C:\wamp64\www\chopesgames\app\Controllers\Home.php(9): view('welcomeMessage')
#3 C:\wamp64\www\chopesgames\system\CodeIgniter.php(824): App\Controllers\Home->index()
#4 C:\wamp64\www\chopesgames\system\CodeIgniter.php(410): CodeIgniter\CodeIgniter->runController(Object(App\Controllers\Home))
#5 C:\wamp64\www\chopesgames\system\CodeIgniter.php(318): CodeIgniter\CodeIgniter->handleRequest(NULL, Object(Config\Cache), false)
#6 C:\wamp64\www\chopesgames\public\index.php(37): CodeIgniter\CodeIgniter->run()
#7 {main}
CRITICAL - 2022-04-04 04:51:21 --> Invalid file: welcomeMessage.php
#0 C:\wamp64\www\chopesgames\system\View\View.php(198): CodeIgniter\Exceptions\FrameworkException::forInvalidFile('welcomeMessage....')
#1 C:\wamp64\www\chopesgames\system\Common.php(1097): CodeIgniter\View\View->render('welcomeMessage', Array, true)
#2 C:\wamp64\www\chopesgames\app\Controllers\Home.php(9): view('welcomeMessage')
#3 C:\wamp64\www\chopesgames\system\CodeIgniter.php(824): App\Controllers\Home->index()
#4 C:\wamp64\www\chopesgames\system\CodeIgniter.php(410): CodeIgniter\CodeIgniter->runController(Object(App\Controllers\Home))
#5 C:\wamp64\www\chopesgames\system\CodeIgniter.php(318): CodeIgniter\CodeIgniter->handleRequest(NULL, Object(Config\Cache), false)
#6 C:\wamp64\www\chopesgames\public\index.php(37): CodeIgniter\CodeIgniter->run()
#7 {main}
CRITICAL - 2022-04-04 04:51:21 --> Invalid file: welcomeMessage.php
#0 C:\wamp64\www\chopesgames\system\View\View.php(198): CodeIgniter\Exceptions\FrameworkException::forInvalidFile('welcomeMessage....')
#1 C:\wamp64\www\chopesgames\system\Common.php(1097): CodeIgniter\View\View->render('welcomeMessage', Array, true)
#2 C:\wamp64\www\chopesgames\app\Controllers\Home.php(9): view('welcomeMessage')
#3 C:\wamp64\www\chopesgames\system\CodeIgniter.php(824): App\Controllers\Home->index()
#4 C:\wamp64\www\chopesgames\system\CodeIgniter.php(410): CodeIgniter\CodeIgniter->runController(Object(App\Controllers\Home))
#5 C:\wamp64\www\chopesgames\system\CodeIgniter.php(318): CodeIgniter\CodeIgniter->handleRequest(NULL, Object(Config\Cache), false)
#6 C:\wamp64\www\chopesgames\public\index.php(37): CodeIgniter\CodeIgniter->run()
#7 {main}
CRITICAL - 2022-04-04 04:51:22 --> Invalid file: welcomeMessage.php
#0 C:\wamp64\www\chopesgames\system\View\View.php(198): CodeIgniter\Exceptions\FrameworkException::forInvalidFile('welcomeMessage....')
#1 C:\wamp64\www\chopesgames\system\Common.php(1097): CodeIgniter\View\View->render('welcomeMessage', Array, true)
#2 C:\wamp64\www\chopesgames\app\Controllers\Home.php(9): view('welcomeMessage')
#3 C:\wamp64\www\chopesgames\system\CodeIgniter.php(824): App\Controllers\Home->index()
#4 C:\wamp64\www\chopesgames\system\CodeIgniter.php(410): CodeIgniter\CodeIgniter->runController(Object(App\Controllers\Home))
#5 C:\wamp64\www\chopesgames\system\CodeIgniter.php(318): CodeIgniter\CodeIgniter->handleRequest(NULL, Object(Config\Cache), false)
#6 C:\wamp64\www\chopesgames\public\index.php(37): CodeIgniter\CodeIgniter->run()
#7 {main}
CRITICAL - 2022-04-04 04:51:53 --> Invalid file: welcomeMessage.php
#0 C:\wamp64\www\chopesgames\system\View\View.php(198): CodeIgniter\Exceptions\FrameworkException::forInvalidFile('welcomeMessage....')
#1 C:\wamp64\www\chopesgames\system\Common.php(1097): CodeIgniter\View\View->render('welcomeMessage', Array, true)
#2 C:\wamp64\www\chopesgames\app\Controllers\Home.php(9): view('welcomeMessage')
#3 C:\wamp64\www\chopesgames\system\CodeIgniter.php(824): App\Controllers\Home->index()
#4 C:\wamp64\www\chopesgames\system\CodeIgniter.php(410): CodeIgniter\CodeIgniter->runController(Object(App\Controllers\Home))
#5 C:\wamp64\www\chopesgames\system\CodeIgniter.php(318): CodeIgniter\CodeIgniter->handleRequest(NULL, Object(Config\Cache), false)
#6 C:\wamp64\www\chopesgames\public\index.php(37): CodeIgniter\CodeIgniter->run()
#7 {main}
CRITICAL - 2022-04-04 04:51:56 --> Invalid file: welcomeMessage.php
#0 C:\wamp64\www\chopesgames\system\View\View.php(198): CodeIgniter\Exceptions\FrameworkException::forInvalidFile('welcomeMessage....')
#1 C:\wamp64\www\chopesgames\system\Common.php(1097): CodeIgniter\View\View->render('welcomeMessage', Array, true)
#2 C:\wamp64\www\chopesgames\app\Controllers\Home.php(9): view('welcomeMessage')
#3 C:\wamp64\www\chopesgames\system\CodeIgniter.php(824): App\Controllers\Home->index()
#4 C:\wamp64\www\chopesgames\system\CodeIgniter.php(410): CodeIgniter\CodeIgniter->runController(Object(App\Controllers\Home))
#5 C:\wamp64\www\chopesgames\system\CodeIgniter.php(318): CodeIgniter\CodeIgniter->handleRequest(NULL, Object(Config\Cache), false)
#6 C:\wamp64\www\chopesgames\public\index.php(37): CodeIgniter\CodeIgniter->run()
#7 {main}
CRITICAL - 2022-04-04 04:51:57 --> Invalid file: welcomeMessage.php
#0 C:\wamp64\www\chopesgames\system\View\View.php(198): CodeIgniter\Exceptions\FrameworkException::forInvalidFile('welcomeMessage....')
#1 C:\wamp64\www\chopesgames\system\Common.php(1097): CodeIgniter\View\View->render('welcomeMessage', Array, true)
#2 C:\wamp64\www\chopesgames\app\Controllers\Home.php(9): view('welcomeMessage')
#3 C:\wamp64\www\chopesgames\system\CodeIgniter.php(824): App\Controllers\Home->index()
#4 C:\wamp64\www\chopesgames\system\CodeIgniter.php(410): CodeIgniter\CodeIgniter->runController(Object(App\Controllers\Home))
#5 C:\wamp64\www\chopesgames\system\CodeIgniter.php(318): CodeIgniter\CodeIgniter->handleRequest(NULL, Object(Config\Cache), false)
#6 C:\wamp64\www\chopesgames\public\index.php(37): CodeIgniter\CodeIgniter->run()
#7 {main}
CRITICAL - 2022-04-04 04:51:57 --> Invalid file: welcomeMessage.php
#0 C:\wamp64\www\chopesgames\system\View\View.php(198): CodeIgniter\Exceptions\FrameworkException::forInvalidFile('welcomeMessage....')
#1 C:\wamp64\www\chopesgames\system\Common.php(1097): CodeIgniter\View\View->render('welcomeMessage', Array, true)
#2 C:\wamp64\www\chopesgames\app\Controllers\Home.php(9): view('welcomeMessage')
#3 C:\wamp64\www\chopesgames\system\CodeIgniter.php(824): App\Controllers\Home->index()
#4 C:\wamp64\www\chopesgames\system\CodeIgniter.php(410): CodeIgniter\CodeIgniter->runController(Object(App\Controllers\Home))
#5 C:\wamp64\www\chopesgames\system\CodeIgniter.php(318): CodeIgniter\CodeIgniter->handleRequest(NULL, Object(Config\Cache), false)
#6 C:\wamp64\www\chopesgames\public\index.php(37): CodeIgniter\CodeIgniter->run()
#7 {main}
CRITICAL - 2022-04-04 04:51:58 --> Invalid file: welcomeMessage.php
#0 C:\wamp64\www\chopesgames\system\View\View.php(198): CodeIgniter\Exceptions\FrameworkException::forInvalidFile('welcomeMessage....')
#1 C:\wamp64\www\chopesgames\system\Common.php(1097): CodeIgniter\View\View->render('welcomeMessage', Array, true)
#2 C:\wamp64\www\chopesgames\app\Controllers\Home.php(9): view('welcomeMessage')
#3 C:\wamp64\www\chopesgames\system\CodeIgniter.php(824): App\Controllers\Home->index()
#4 C:\wamp64\www\chopesgames\system\CodeIgniter.php(410): CodeIgniter\CodeIgniter->runController(Object(App\Controllers\Home))
#5 C:\wamp64\www\chopesgames\system\CodeIgniter.php(318): CodeIgniter\CodeIgniter->handleRequest(NULL, Object(Config\Cache), false)
#6 C:\wamp64\www\chopesgames\public\index.php(37): CodeIgniter\CodeIgniter->run()
#7 {main}
CRITICAL - 2022-04-04 04:52:22 --> Invalid file: welcomeMessage.php
#0 C:\wamp64\www\chopesgames\system\View\View.php(198): CodeIgniter\Exceptions\FrameworkException::forInvalidFile('welcomeMessage....')
#1 C:\wamp64\www\chopesgames\system\Common.php(1097): CodeIgniter\View\View->render('welcomeMessage', Array, true)
#2 C:\wamp64\www\chopesgames\app\Controllers\Home.php(9): view('welcomeMessage')
#3 C:\wamp64\www\chopesgames\system\CodeIgniter.php(824): App\Controllers\Home->index()
#4 C:\wamp64\www\chopesgames\system\CodeIgniter.php(410): CodeIgniter\CodeIgniter->runController(Object(App\Controllers\Home))
#5 C:\wamp64\www\chopesgames\system\CodeIgniter.php(318): CodeIgniter\CodeIgniter->handleRequest(NULL, Object(Config\Cache), false)
#6 C:\wamp64\www\chopesgames\public\index.php(37): CodeIgniter\CodeIgniter->run()
#7 {main}
CRITICAL - 2022-04-04 04:52:24 --> Invalid file: welcomeMessage.php
#0 C:\wamp64\www\chopesgames\system\View\View.php(198): CodeIgniter\Exceptions\FrameworkException::forInvalidFile('welcomeMessage....')
#1 C:\wamp64\www\chopesgames\system\Common.php(1097): CodeIgniter\View\View->render('welcomeMessage', Array, true)
#2 C:\wamp64\www\chopesgames\app\Controllers\Home.php(9): view('welcomeMessage')
#3 C:\wamp64\www\chopesgames\system\CodeIgniter.php(824): App\Controllers\Home->index()
#4 C:\wamp64\www\chopesgames\system\CodeIgniter.php(410): CodeIgniter\CodeIgniter->runController(Object(App\Controllers\Home))
#5 C:\wamp64\www\chopesgames\system\CodeIgniter.php(318): CodeIgniter\CodeIgniter->handleRequest(NULL, Object(Config\Cache), false)
#6 C:\wamp64\www\chopesgames\public\index.php(37): CodeIgniter\CodeIgniter->run()
#7 {main}
CRITICAL - 2022-04-04 04:52:24 --> Invalid file: welcomeMessage.php
#0 C:\wamp64\www\chopesgames\system\View\View.php(198): CodeIgniter\Exceptions\FrameworkException::forInvalidFile('welcomeMessage....')
#1 C:\wamp64\www\chopesgames\system\Common.php(1097): CodeIgniter\View\View->render('welcomeMessage', Array, true)
#2 C:\wamp64\www\chopesgames\app\Controllers\Home.php(9): view('welcomeMessage')
#3 C:\wamp64\www\chopesgames\system\CodeIgniter.php(824): App\Controllers\Home->index()
#4 C:\wamp64\www\chopesgames\system\CodeIgniter.php(410): CodeIgniter\CodeIgniter->runController(Object(App\Controllers\Home))
#5 C:\wamp64\www\chopesgames\system\CodeIgniter.php(318): CodeIgniter\CodeIgniter->handleRequest(NULL, Object(Config\Cache), false)
#6 C:\wamp64\www\chopesgames\public\index.php(37): CodeIgniter\CodeIgniter->run()
#7 {main}
CRITICAL - 2022-04-04 04:52:24 --> Invalid file: welcomeMessage.php
#0 C:\wamp64\www\chopesgames\system\View\View.php(198): CodeIgniter\Exceptions\FrameworkException::forInvalidFile('welcomeMessage....')
#1 C:\wamp64\www\chopesgames\system\Common.php(1097): CodeIgniter\View\View->render('welcomeMessage', Array, true)
#2 C:\wamp64\www\chopesgames\app\Controllers\Home.php(9): view('welcomeMessage')
#3 C:\wamp64\www\chopesgames\system\CodeIgniter.php(824): App\Controllers\Home->index()
#4 C:\wamp64\www\chopesgames\system\CodeIgniter.php(410): CodeIgniter\CodeIgniter->runController(Object(App\Controllers\Home))
#5 C:\wamp64\www\chopesgames\system\CodeIgniter.php(318): CodeIgniter\CodeIgniter->handleRequest(NULL, Object(Config\Cache), false)
#6 C:\wamp64\www\chopesgames\public\index.php(37): CodeIgniter\CodeIgniter->run()
#7 {main}
CRITICAL - 2022-04-04 04:52:25 --> Invalid file: welcomeMessage.php
#0 C:\wamp64\www\chopesgames\system\View\View.php(198): CodeIgniter\Exceptions\FrameworkException::forInvalidFile('welcomeMessage....')
#1 C:\wamp64\www\chopesgames\system\Common.php(1097): CodeIgniter\View\View->render('welcomeMessage', Array, true)
#2 C:\wamp64\www\chopesgames\app\Controllers\Home.php(9): view('welcomeMessage')
#3 C:\wamp64\www\chopesgames\system\CodeIgniter.php(824): App\Controllers\Home->index()
#4 C:\wamp64\www\chopesgames\system\CodeIgniter.php(410): CodeIgniter\CodeIgniter->runController(Object(App\Controllers\Home))
#5 C:\wamp64\www\chopesgames\system\CodeIgniter.php(318): CodeIgniter\CodeIgniter->handleRequest(NULL, Object(Config\Cache), false)
#6 C:\wamp64\www\chopesgames\public\index.php(37): CodeIgniter\CodeIgniter->run()
#7 {main}
CRITICAL - 2022-04-04 04:53:13 --> Invalid file: welcomeMessage.php
#0 C:\wamp64\www\chopesgames\system\View\View.php(198): CodeIgniter\Exceptions\FrameworkException::forInvalidFile('welcomeMessage....')
#1 C:\wamp64\www\chopesgames\system\Common.php(1097): CodeIgniter\View\View->render('welcomeMessage', Array, true)
#2 C:\wamp64\www\chopesgames\app\Controllers\Home.php(9): view('welcomeMessage')
#3 C:\wamp64\www\chopesgames\system\CodeIgniter.php(824): App\Controllers\Home->index()
#4 C:\wamp64\www\chopesgames\system\CodeIgniter.php(410): CodeIgniter\CodeIgniter->runController(Object(App\Controllers\Home))
#5 C:\wamp64\www\chopesgames\system\CodeIgniter.php(318): CodeIgniter\CodeIgniter->handleRequest(NULL, Object(Config\Cache), false)
#6 C:\wamp64\www\chopesgames\public\index.php(37): CodeIgniter\CodeIgniter->run()
#7 {main}
CRITICAL - 2022-04-04 04:53:15 --> Invalid file: welcomeMessage.php
#0 C:\wamp64\www\chopesgames\system\View\View.php(198): CodeIgniter\Exceptions\FrameworkException::forInvalidFile('welcomeMessage....')
#1 C:\wamp64\www\chopesgames\system\Common.php(1097): CodeIgniter\View\View->render('welcomeMessage', Array, true)
#2 C:\wamp64\www\chopesgames\app\Controllers\Home.php(9): view('welcomeMessage')
#3 C:\wamp64\www\chopesgames\system\CodeIgniter.php(824): App\Controllers\Home->index()
#4 C:\wamp64\www\chopesgames\system\CodeIgniter.php(410): CodeIgniter\CodeIgniter->runController(Object(App\Controllers\Home))
#5 C:\wamp64\www\chopesgames\system\CodeIgniter.php(318): CodeIgniter\CodeIgniter->handleRequest(NULL, Object(Config\Cache), false)
#6 C:\wamp64\www\chopesgames\public\index.php(37): CodeIgniter\CodeIgniter->run()
#7 {main}
CRITICAL - 2022-04-04 04:53:15 --> Invalid file: welcomeMessage.php
#0 C:\wamp64\www\chopesgames\system\View\View.php(198): CodeIgniter\Exceptions\FrameworkException::forInvalidFile('welcomeMessage....')
#1 C:\wamp64\www\chopesgames\system\Common.php(1097): CodeIgniter\View\View->render('welcomeMessage', Array, true)
#2 C:\wamp64\www\chopesgames\app\Controllers\Home.php(9): view('welcomeMessage')
#3 C:\wamp64\www\chopesgames\system\CodeIgniter.php(824): App\Controllers\Home->index()
#4 C:\wamp64\www\chopesgames\system\CodeIgniter.php(410): CodeIgniter\CodeIgniter->runController(Object(App\Controllers\Home))
#5 C:\wamp64\www\chopesgames\system\CodeIgniter.php(318): CodeIgniter\CodeIgniter->handleRequest(NULL, Object(Config\Cache), false)
#6 C:\wamp64\www\chopesgames\public\index.php(37): CodeIgniter\CodeIgniter->run()
#7 {main}
CRITICAL - 2022-04-04 04:53:15 --> Invalid file: welcomeMessage.php
#0 C:\wamp64\www\chopesgames\system\View\View.php(198): CodeIgniter\Exceptions\FrameworkException::forInvalidFile('welcomeMessage....')
#1 C:\wamp64\www\chopesgames\system\Common.php(1097): CodeIgniter\View\View->render('welcomeMessage', Array, true)
#2 C:\wamp64\www\chopesgames\app\Controllers\Home.php(9): view('welcomeMessage')
#3 C:\wamp64\www\chopesgames\system\CodeIgniter.php(824): App\Controllers\Home->index()
#4 C:\wamp64\www\chopesgames\system\CodeIgniter.php(410): CodeIgniter\CodeIgniter->runController(Object(App\Controllers\Home))
#5 C:\wamp64\www\chopesgames\system\CodeIgniter.php(318): CodeIgniter\CodeIgniter->handleRequest(NULL, Object(Config\Cache), false)
#6 C:\wamp64\www\chopesgames\public\index.php(37): CodeIgniter\CodeIgniter->run()
#7 {main}
CRITICAL - 2022-04-04 04:53:16 --> Invalid file: welcomeMessage.php
#0 C:\wamp64\www\chopesgames\system\View\View.php(198): CodeIgniter\Exceptions\FrameworkException::forInvalidFile('welcomeMessage....')
#1 C:\wamp64\www\chopesgames\system\Common.php(1097): CodeIgniter\View\View->render('welcomeMessage', Array, true)
#2 C:\wamp64\www\chopesgames\app\Controllers\Home.php(9): view('welcomeMessage')
#3 C:\wamp64\www\chopesgames\system\CodeIgniter.php(824): App\Controllers\Home->index()
#4 C:\wamp64\www\chopesgames\system\CodeIgniter.php(410): CodeIgniter\CodeIgniter->runController(Object(App\Controllers\Home))
#5 C:\wamp64\www\chopesgames\system\CodeIgniter.php(318): CodeIgniter\CodeIgniter->handleRequest(NULL, Object(Config\Cache), false)
#6 C:\wamp64\www\chopesgames\public\index.php(37): CodeIgniter\CodeIgniter->run()
#7 {main}
CRITICAL - 2022-04-04 04:54:35 --> Invalid file: welcomeMessage.php
#0 C:\wamp64\www\chopesgames\system\View\View.php(198): CodeIgniter\Exceptions\FrameworkException::forInvalidFile('welcomeMessage....')
#1 C:\wamp64\www\chopesgames\system\Common.php(1097): CodeIgniter\View\View->render('welcomeMessage', Array, true)
#2 C:\wamp64\www\chopesgames\app\Controllers\Home.php(9): view('welcomeMessage')
#3 C:\wamp64\www\chopesgames\system\CodeIgniter.php(824): App\Controllers\Home->index()
#4 C:\wamp64\www\chopesgames\system\CodeIgniter.php(410): CodeIgniter\CodeIgniter->runController(Object(App\Controllers\Home))
#5 C:\wamp64\www\chopesgames\system\CodeIgniter.php(318): CodeIgniter\CodeIgniter->handleRequest(NULL, Object(Config\Cache), false)
#6 C:\wamp64\www\chopesgames\public\index.php(37): CodeIgniter\CodeIgniter->run()
#7 {main}
CRITICAL - 2022-04-04 04:54:37 --> Invalid file: welcomeMessage.php
#0 C:\wamp64\www\chopesgames\system\View\View.php(198): CodeIgniter\Exceptions\FrameworkException::forInvalidFile('welcomeMessage....')
#1 C:\wamp64\www\chopesgames\system\Common.php(1097): CodeIgniter\View\View->render('welcomeMessage', Array, true)
#2 C:\wamp64\www\chopesgames\app\Controllers\Home.php(9): view('welcomeMessage')
#3 C:\wamp64\www\chopesgames\system\CodeIgniter.php(824): App\Controllers\Home->index()
#4 C:\wamp64\www\chopesgames\system\CodeIgniter.php(410): CodeIgniter\CodeIgniter->runController(Object(App\Controllers\Home))
#5 C:\wamp64\www\chopesgames\system\CodeIgniter.php(318): CodeIgniter\CodeIgniter->handleRequest(NULL, Object(Config\Cache), false)
#6 C:\wamp64\www\chopesgames\public\index.php(37): CodeIgniter\CodeIgniter->run()
#7 {main}
CRITICAL - 2022-04-04 04:54:37 --> Invalid file: welcomeMessage.php
#0 C:\wamp64\www\chopesgames\system\View\View.php(198): CodeIgniter\Exceptions\FrameworkException::forInvalidFile('welcomeMessage....')
#1 C:\wamp64\www\chopesgames\system\Common.php(1097): CodeIgniter\View\View->render('welcomeMessage', Array, true)
#2 C:\wamp64\www\chopesgames\app\Controllers\Home.php(9): view('welcomeMessage')
#3 C:\wamp64\www\chopesgames\system\CodeIgniter.php(824): App\Controllers\Home->index()
#4 C:\wamp64\www\chopesgames\system\CodeIgniter.php(410): CodeIgniter\CodeIgniter->runController(Object(App\Controllers\Home))
#5 C:\wamp64\www\chopesgames\system\CodeIgniter.php(318): CodeIgniter\CodeIgniter->handleRequest(NULL, Object(Config\Cache), false)
#6 C:\wamp64\www\chopesgames\public\index.php(37): CodeIgniter\CodeIgniter->run()
#7 {main}
CRITICAL - 2022-04-04 04:54:37 --> Invalid file: welcomeMessage.php
#0 C:\wamp64\www\chopesgames\system\View\View.php(198): CodeIgniter\Exceptions\FrameworkException::forInvalidFile('welcomeMessage....')
#1 C:\wamp64\www\chopesgames\system\Common.php(1097): CodeIgniter\View\View->render('welcomeMessage', Array, true)
#2 C:\wamp64\www\chopesgames\app\Controllers\Home.php(9): view('welcomeMessage')
#3 C:\wamp64\www\chopesgames\system\CodeIgniter.php(824): App\Controllers\Home->index()
#4 C:\wamp64\www\chopesgames\system\CodeIgniter.php(410): CodeIgniter\CodeIgniter->runController(Object(App\Controllers\Home))
#5 C:\wamp64\www\chopesgames\system\CodeIgniter.php(318): CodeIgniter\CodeIgniter->handleRequest(NULL, Object(Config\Cache), false)
#6 C:\wamp64\www\chopesgames\public\index.php(37): CodeIgniter\CodeIgniter->run()
#7 {main}
CRITICAL - 2022-04-04 04:54:38 --> Invalid file: welcomeMessage.php
#0 C:\wamp64\www\chopesgames\system\View\View.php(198): CodeIgniter\Exceptions\FrameworkException::forInvalidFile('welcomeMessage....')
#1 C:\wamp64\www\chopesgames\system\Common.php(1097): CodeIgniter\View\View->render('welcomeMessage', Array, true)
#2 C:\wamp64\www\chopesgames\app\Controllers\Home.php(9): view('welcomeMessage')
#3 C:\wamp64\www\chopesgames\system\CodeIgniter.php(824): App\Controllers\Home->index()
#4 C:\wamp64\www\chopesgames\system\CodeIgniter.php(410): CodeIgniter\CodeIgniter->runController(Object(App\Controllers\Home))
#5 C:\wamp64\www\chopesgames\system\CodeIgniter.php(318): CodeIgniter\CodeIgniter->handleRequest(NULL, Object(Config\Cache), false)
#6 C:\wamp64\www\chopesgames\public\index.php(37): CodeIgniter\CodeIgniter->run()
#7 {main}
CRITICAL - 2022-04-04 04:56:56 --> Invalid file: welcomeMessage.php
#0 C:\wamp64\www\chopesgames\system\View\View.php(198): CodeIgniter\Exceptions\FrameworkException::forInvalidFile('welcomeMessage....')
#1 C:\wamp64\www\chopesgames\system\Common.php(1097): CodeIgniter\View\View->render('welcomeMessage', Array, true)
#2 C:\wamp64\www\chopesgames\app\Controllers\Home.php(9): view('welcomeMessage')
#3 C:\wamp64\www\chopesgames\system\CodeIgniter.php(824): App\Controllers\Home->index()
#4 C:\wamp64\www\chopesgames\system\CodeIgniter.php(410): CodeIgniter\CodeIgniter->runController(Object(App\Controllers\Home))
#5 C:\wamp64\www\chopesgames\system\CodeIgniter.php(318): CodeIgniter\CodeIgniter->handleRequest(NULL, Object(Config\Cache), false)
#6 C:\wamp64\www\chopesgames\public\index.php(37): CodeIgniter\CodeIgniter->run()
#7 {main}
CRITICAL - 2022-04-04 04:56:57 --> Invalid file: welcomeMessage.php
#0 C:\wamp64\www\chopesgames\system\View\View.php(198): CodeIgniter\Exceptions\FrameworkException::forInvalidFile('welcomeMessage....')
#1 C:\wamp64\www\chopesgames\system\Common.php(1097): CodeIgniter\View\View->render('welcomeMessage', Array, true)
#2 C:\wamp64\www\chopesgames\app\Controllers\Home.php(9): view('welcomeMessage')
#3 C:\wamp64\www\chopesgames\system\CodeIgniter.php(824): App\Controllers\Home->index()
#4 C:\wamp64\www\chopesgames\system\CodeIgniter.php(410): CodeIgniter\CodeIgniter->runController(Object(App\Controllers\Home))
#5 C:\wamp64\www\chopesgames\system\CodeIgniter.php(318): CodeIgniter\CodeIgniter->handleRequest(NULL, Object(Config\Cache), false)
#6 C:\wamp64\www\chopesgames\public\index.php(37): CodeIgniter\CodeIgniter->run()
#7 {main}
CRITICAL - 2022-04-04 04:56:57 --> Invalid file: welcomeMessage.php
#0 C:\wamp64\www\chopesgames\system\View\View.php(198): CodeIgniter\Exceptions\FrameworkException::forInvalidFile('welcomeMessage....')
#1 C:\wamp64\www\chopesgames\system\Common.php(1097): CodeIgniter\View\View->render('welcomeMessage', Array, true)
#2 C:\wamp64\www\chopesgames\app\Controllers\Home.php(9): view('welcomeMessage')
#3 C:\wamp64\www\chopesgames\system\CodeIgniter.php(824): App\Controllers\Home->index()
#4 C:\wamp64\www\chopesgames\system\CodeIgniter.php(410): CodeIgniter\CodeIgniter->runController(Object(App\Controllers\Home))
#5 C:\wamp64\www\chopesgames\system\CodeIgniter.php(318): CodeIgniter\CodeIgniter->handleRequest(NULL, Object(Config\Cache), false)
#6 C:\wamp64\www\chopesgames\public\index.php(37): CodeIgniter\CodeIgniter->run()
#7 {main}
CRITICAL - 2022-04-04 04:56:58 --> Invalid file: welcomeMessage.php
#0 C:\wamp64\www\chopesgames\system\View\View.php(198): CodeIgniter\Exceptions\FrameworkException::forInvalidFile('welcomeMessage....')
#1 C:\wamp64\www\chopesgames\system\Common.php(1097): CodeIgniter\View\View->render('welcomeMessage', Array, true)
#2 C:\wamp64\www\chopesgames\app\Controllers\Home.php(9): view('welcomeMessage')
#3 C:\wamp64\www\chopesgames\system\CodeIgniter.php(824): App\Controllers\Home->index()
#4 C:\wamp64\www\chopesgames\system\CodeIgniter.php(410): CodeIgniter\CodeIgniter->runController(Object(App\Controllers\Home))
#5 C:\wamp64\www\chopesgames\system\CodeIgniter.php(318): CodeIgniter\CodeIgniter->handleRequest(NULL, Object(Config\Cache), false)
#6 C:\wamp64\www\chopesgames\public\index.php(37): CodeIgniter\CodeIgniter->run()
#7 {main}
CRITICAL - 2022-04-04 04:56:59 --> Invalid file: welcomeMessage.php
#0 C:\wamp64\www\chopesgames\system\View\View.php(198): CodeIgniter\Exceptions\FrameworkException::forInvalidFile('welcomeMessage....')
#1 C:\wamp64\www\chopesgames\system\Common.php(1097): CodeIgniter\View\View->render('welcomeMessage', Array, true)
#2 C:\wamp64\www\chopesgames\app\Controllers\Home.php(9): view('welcomeMessage')
#3 C:\wamp64\www\chopesgames\system\CodeIgniter.php(824): App\Controllers\Home->index()
#4 C:\wamp64\www\chopesgames\system\CodeIgniter.php(410): CodeIgniter\CodeIgniter->runController(Object(App\Controllers\Home))
#5 C:\wamp64\www\chopesgames\system\CodeIgniter.php(318): CodeIgniter\CodeIgniter->handleRequest(NULL, Object(Config\Cache), false)
#6 C:\wamp64\www\chopesgames\public\index.php(37): CodeIgniter\CodeIgniter->run()
#7 {main}
CRITICAL - 2022-04-04 04:57:34 --> Invalid file: welcomeMessage.php
#0 C:\wamp64\www\chopesgames\system\View\View.php(198): CodeIgniter\Exceptions\FrameworkException::forInvalidFile('welcomeMessage....')
#1 C:\wamp64\www\chopesgames\system\Common.php(1097): CodeIgniter\View\View->render('welcomeMessage', Array, true)
#2 C:\wamp64\www\chopesgames\app\Controllers\Home.php(9): view('welcomeMessage')
#3 C:\wamp64\www\chopesgames\system\CodeIgniter.php(824): App\Controllers\Home->index()
#4 C:\wamp64\www\chopesgames\system\CodeIgniter.php(410): CodeIgniter\CodeIgniter->runController(Object(App\Controllers\Home))
#5 C:\wamp64\www\chopesgames\system\CodeIgniter.php(318): CodeIgniter\CodeIgniter->handleRequest(NULL, Object(Config\Cache), false)
#6 C:\wamp64\www\chopesgames\public\index.php(37): CodeIgniter\CodeIgniter->run()
#7 {main}
CRITICAL - 2022-04-04 04:57:35 --> Invalid file: welcomeMessage.php
#0 C:\wamp64\www\chopesgames\system\View\View.php(198): CodeIgniter\Exceptions\FrameworkException::forInvalidFile('welcomeMessage....')
#1 C:\wamp64\www\chopesgames\system\Common.php(1097): CodeIgniter\View\View->render('welcomeMessage', Array, true)
#2 C:\wamp64\www\chopesgames\app\Controllers\Home.php(9): view('welcomeMessage')
#3 C:\wamp64\www\chopesgames\system\CodeIgniter.php(824): App\Controllers\Home->index()
#4 C:\wamp64\www\chopesgames\system\CodeIgniter.php(410): CodeIgniter\CodeIgniter->runController(Object(App\Controllers\Home))
#5 C:\wamp64\www\chopesgames\system\CodeIgniter.php(318): CodeIgniter\CodeIgniter->handleRequest(NULL, Object(Config\Cache), false)
#6 C:\wamp64\www\chopesgames\public\index.php(37): CodeIgniter\CodeIgniter->run()
#7 {main}
CRITICAL - 2022-04-04 04:57:36 --> Invalid file: welcomeMessage.php
#0 C:\wamp64\www\chopesgames\system\View\View.php(198): CodeIgniter\Exceptions\FrameworkException::forInvalidFile('welcomeMessage....')
#1 C:\wamp64\www\chopesgames\system\Common.php(1097): CodeIgniter\View\View->render('welcomeMessage', Array, true)
#2 C:\wamp64\www\chopesgames\app\Controllers\Home.php(9): view('welcomeMessage')
#3 C:\wamp64\www\chopesgames\system\CodeIgniter.php(824): App\Controllers\Home->index()
#4 C:\wamp64\www\chopesgames\system\CodeIgniter.php(410): CodeIgniter\CodeIgniter->runController(Object(App\Controllers\Home))
#5 C:\wamp64\www\chopesgames\system\CodeIgniter.php(318): CodeIgniter\CodeIgniter->handleRequest(NULL, Object(Config\Cache), false)
#6 C:\wamp64\www\chopesgames\public\index.php(37): CodeIgniter\CodeIgniter->run()
#7 {main}
CRITICAL - 2022-04-04 04:57:36 --> Invalid file: welcomeMessage.php
#0 C:\wamp64\www\chopesgames\system\View\View.php(198): CodeIgniter\Exceptions\FrameworkException::forInvalidFile('welcomeMessage....')
#1 C:\wamp64\www\chopesgames\system\Common.php(1097): CodeIgniter\View\View->render('welcomeMessage', Array, true)
#2 C:\wamp64\www\chopesgames\app\Controllers\Home.php(9): view('welcomeMessage')
#3 C:\wamp64\www\chopesgames\system\CodeIgniter.php(824): App\Controllers\Home->index()
#4 C:\wamp64\www\chopesgames\system\CodeIgniter.php(410): CodeIgniter\CodeIgniter->runController(Object(App\Controllers\Home))
#5 C:\wamp64\www\chopesgames\system\CodeIgniter.php(318): CodeIgniter\CodeIgniter->handleRequest(NULL, Object(Config\Cache), false)
#6 C:\wamp64\www\chopesgames\public\index.php(37): CodeIgniter\CodeIgniter->run()
#7 {main}
CRITICAL - 2022-04-04 04:57:37 --> Invalid file: welcomeMessage.php
#0 C:\wamp64\www\chopesgames\system\View\View.php(198): CodeIgniter\Exceptions\FrameworkException::forInvalidFile('welcomeMessage....')
#1 C:\wamp64\www\chopesgames\system\Common.php(1097): CodeIgniter\View\View->render('welcomeMessage', Array, true)
#2 C:\wamp64\www\chopesgames\app\Controllers\Home.php(9): view('welcomeMessage')
#3 C:\wamp64\www\chopesgames\system\CodeIgniter.php(824): App\Controllers\Home->index()
#4 C:\wamp64\www\chopesgames\system\CodeIgniter.php(410): CodeIgniter\CodeIgniter->runController(Object(App\Controllers\Home))
#5 C:\wamp64\www\chopesgames\system\CodeIgniter.php(318): CodeIgniter\CodeIgniter->handleRequest(NULL, Object(Config\Cache), false)
#6 C:\wamp64\www\chopesgames\public\index.php(37): CodeIgniter\CodeIgniter->run()
#7 {main}
CRITICAL - 2022-04-04 04:57:53 --> Invalid file: welcomeMessage.php
#0 C:\wamp64\www\chopesgames\system\View\View.php(198): CodeIgniter\Exceptions\FrameworkException::forInvalidFile('welcomeMessage....')
#1 C:\wamp64\www\chopesgames\system\Common.php(1097): CodeIgniter\View\View->render('welcomeMessage', Array, true)
#2 C:\wamp64\www\chopesgames\app\Controllers\Home.php(9): view('welcomeMessage')
#3 C:\wamp64\www\chopesgames\system\CodeIgniter.php(824): App\Controllers\Home->index()
#4 C:\wamp64\www\chopesgames\system\CodeIgniter.php(410): CodeIgniter\CodeIgniter->runController(Object(App\Controllers\Home))
#5 C:\wamp64\www\chopesgames\system\CodeIgniter.php(318): CodeIgniter\CodeIgniter->handleRequest(NULL, Object(Config\Cache), false)
#6 C:\wamp64\www\chopesgames\public\index.php(37): CodeIgniter\CodeIgniter->run()
#7 {main}
CRITICAL - 2022-04-04 04:57:54 --> Invalid file: welcomeMessage.php
#0 C:\wamp64\www\chopesgames\system\View\View.php(198): CodeIgniter\Exceptions\FrameworkException::forInvalidFile('welcomeMessage....')
#1 C:\wamp64\www\chopesgames\system\Common.php(1097): CodeIgniter\View\View->render('welcomeMessage', Array, true)
#2 C:\wamp64\www\chopesgames\app\Controllers\Home.php(9): view('welcomeMessage')
#3 C:\wamp64\www\chopesgames\system\CodeIgniter.php(824): App\Controllers\Home->index()
#4 C:\wamp64\www\chopesgames\system\CodeIgniter.php(410): CodeIgniter\CodeIgniter->runController(Object(App\Controllers\Home))
#5 C:\wamp64\www\chopesgames\system\CodeIgniter.php(318): CodeIgniter\CodeIgniter->handleRequest(NULL, Object(Config\Cache), false)
#6 C:\wamp64\www\chopesgames\public\index.php(37): CodeIgniter\CodeIgniter->run()
#7 {main}
CRITICAL - 2022-04-04 04:57:54 --> Invalid file: welcomeMessage.php
#0 C:\wamp64\www\chopesgames\system\View\View.php(198): CodeIgniter\Exceptions\FrameworkException::forInvalidFile('welcomeMessage....')
#1 C:\wamp64\www\chopesgames\system\Common.php(1097): CodeIgniter\View\View->render('welcomeMessage', Array, true)
#2 C:\wamp64\www\chopesgames\app\Controllers\Home.php(9): view('welcomeMessage')
#3 C:\wamp64\www\chopesgames\system\CodeIgniter.php(824): App\Controllers\Home->index()
#4 C:\wamp64\www\chopesgames\system\CodeIgniter.php(410): CodeIgniter\CodeIgniter->runController(Object(App\Controllers\Home))
#5 C:\wamp64\www\chopesgames\system\CodeIgniter.php(318): CodeIgniter\CodeIgniter->handleRequest(NULL, Object(Config\Cache), false)
#6 C:\wamp64\www\chopesgames\public\index.php(37): CodeIgniter\CodeIgniter->run()
#7 {main}
CRITICAL - 2022-04-04 04:57:55 --> Invalid file: welcomeMessage.php
#0 C:\wamp64\www\chopesgames\system\View\View.php(198): CodeIgniter\Exceptions\FrameworkException::forInvalidFile('welcomeMessage....')
#1 C:\wamp64\www\chopesgames\system\Common.php(1097): CodeIgniter\View\View->render('welcomeMessage', Array, true)
#2 C:\wamp64\www\chopesgames\app\Controllers\Home.php(9): view('welcomeMessage')
#3 C:\wamp64\www\chopesgames\system\CodeIgniter.php(824): App\Controllers\Home->index()
#4 C:\wamp64\www\chopesgames\system\CodeIgniter.php(410): CodeIgniter\CodeIgniter->runController(Object(App\Controllers\Home))
#5 C:\wamp64\www\chopesgames\system\CodeIgniter.php(318): CodeIgniter\CodeIgniter->handleRequest(NULL, Object(Config\Cache), false)
#6 C:\wamp64\www\chopesgames\public\index.php(37): CodeIgniter\CodeIgniter->run()
#7 {main}
CRITICAL - 2022-04-04 04:57:56 --> Invalid file: welcomeMessage.php
#0 C:\wamp64\www\chopesgames\system\View\View.php(198): CodeIgniter\Exceptions\FrameworkException::forInvalidFile('welcomeMessage....')
#1 C:\wamp64\www\chopesgames\system\Common.php(1097): CodeIgniter\View\View->render('welcomeMessage', Array, true)
#2 C:\wamp64\www\chopesgames\app\Controllers\Home.php(9): view('welcomeMessage')
#3 C:\wamp64\www\chopesgames\system\CodeIgniter.php(824): App\Controllers\Home->index()
#4 C:\wamp64\www\chopesgames\system\CodeIgniter.php(410): CodeIgniter\CodeIgniter->runController(Object(App\Controllers\Home))
#5 C:\wamp64\www\chopesgames\system\CodeIgniter.php(318): CodeIgniter\CodeIgniter->handleRequest(NULL, Object(Config\Cache), false)
#6 C:\wamp64\www\chopesgames\public\index.php(37): CodeIgniter\CodeIgniter->run()
#7 {main}
CRITICAL - 2022-04-04 04:58:15 --> Invalid file: welcomeMessage.php
#0 C:\wamp64\www\chopesgames\system\View\View.php(198): CodeIgniter\Exceptions\FrameworkException::forInvalidFile('welcomeMessage....')
#1 C:\wamp64\www\chopesgames\system\Common.php(1097): CodeIgniter\View\View->render('welcomeMessage', Array, true)
#2 C:\wamp64\www\chopesgames\app\Controllers\Home.php(9): view('welcomeMessage')
#3 C:\wamp64\www\chopesgames\system\CodeIgniter.php(824): App\Controllers\Home->index()
#4 C:\wamp64\www\chopesgames\system\CodeIgniter.php(410): CodeIgniter\CodeIgniter->runController(Object(App\Controllers\Home))
#5 C:\wamp64\www\chopesgames\system\CodeIgniter.php(318): CodeIgniter\CodeIgniter->handleRequest(NULL, Object(Config\Cache), false)
#6 C:\wamp64\www\chopesgames\public\index.php(37): CodeIgniter\CodeIgniter->run()
#7 {main}
CRITICAL - 2022-04-04 04:58:16 --> Invalid file: welcomeMessage.php
#0 C:\wamp64\www\chopesgames\system\View\View.php(198): CodeIgniter\Exceptions\FrameworkException::forInvalidFile('welcomeMessage....')
#1 C:\wamp64\www\chopesgames\system\Common.php(1097): CodeIgniter\View\View->render('welcomeMessage', Array, true)
#2 C:\wamp64\www\chopesgames\app\Controllers\Home.php(9): view('welcomeMessage')
#3 C:\wamp64\www\chopesgames\system\CodeIgniter.php(824): App\Controllers\Home->index()
#4 C:\wamp64\www\chopesgames\system\CodeIgniter.php(410): CodeIgniter\CodeIgniter->runController(Object(App\Controllers\Home))
#5 C:\wamp64\www\chopesgames\system\CodeIgniter.php(318): CodeIgniter\CodeIgniter->handleRequest(NULL, Object(Config\Cache), false)
#6 C:\wamp64\www\chopesgames\public\index.php(37): CodeIgniter\CodeIgniter->run()
#7 {main}
CRITICAL - 2022-04-04 04:58:19 --> Invalid file: welcomeMessage.php
#0 C:\wamp64\www\chopesgames\system\View\View.php(198): CodeIgniter\Exceptions\FrameworkException::forInvalidFile('welcomeMessage....')
#1 C:\wamp64\www\chopesgames\system\Common.php(1097): CodeIgniter\View\View->render('welcomeMessage', Array, true)
#2 C:\wamp64\www\chopesgames\app\Controllers\Home.php(9): view('welcomeMessage')
#3 C:\wamp64\www\chopesgames\system\CodeIgniter.php(824): App\Controllers\Home->index()
#4 C:\wamp64\www\chopesgames\system\CodeIgniter.php(410): CodeIgniter\CodeIgniter->runController(Object(App\Controllers\Home))
#5 C:\wamp64\www\chopesgames\system\CodeIgniter.php(318): CodeIgniter\CodeIgniter->handleRequest(NULL, Object(Config\Cache), false)
#6 C:\wamp64\www\chopesgames\public\index.php(37): CodeIgniter\CodeIgniter->run()
#7 {main}
CRITICAL - 2022-04-04 04:59:47 --> Invalid file: welcomeMessage.php
#0 C:\wamp64\www\chopesgames\system\View\View.php(198): CodeIgniter\Exceptions\FrameworkException::forInvalidFile('welcomeMessage....')
#1 C:\wamp64\www\chopesgames\system\Common.php(1097): CodeIgniter\View\View->render('welcomeMessage', Array, true)
#2 C:\wamp64\www\chopesgames\app\Controllers\Home.php(9): view('welcomeMessage')
#3 C:\wamp64\www\chopesgames\system\CodeIgniter.php(824): App\Controllers\Home->index()
#4 C:\wamp64\www\chopesgames\system\CodeIgniter.php(410): CodeIgniter\CodeIgniter->runController(Object(App\Controllers\Home))
#5 C:\wamp64\www\chopesgames\system\CodeIgniter.php(318): CodeIgniter\CodeIgniter->handleRequest(NULL, Object(Config\Cache), false)
#6 C:\wamp64\www\chopesgames\public\index.php(37): CodeIgniter\CodeIgniter->run()
#7 {main}
CRITICAL - 2022-04-04 04:59:48 --> Invalid file: welcomeMessage.php
#0 C:\wamp64\www\chopesgames\system\View\View.php(198): CodeIgniter\Exceptions\FrameworkException::forInvalidFile('welcomeMessage....')
#1 C:\wamp64\www\chopesgames\system\Common.php(1097): CodeIgniter\View\View->render('welcomeMessage', Array, true)
#2 C:\wamp64\www\chopesgames\app\Controllers\Home.php(9): view('welcomeMessage')
#3 C:\wamp64\www\chopesgames\system\CodeIgniter.php(824): App\Controllers\Home->index()
#4 C:\wamp64\www\chopesgames\system\CodeIgniter.php(410): CodeIgniter\CodeIgniter->runController(Object(App\Controllers\Home))
#5 C:\wamp64\www\chopesgames\system\CodeIgniter.php(318): CodeIgniter\CodeIgniter->handleRequest(NULL, Object(Config\Cache), false)
#6 C:\wamp64\www\chopesgames\public\index.php(37): CodeIgniter\CodeIgniter->run()
#7 {main}
CRITICAL - 2022-04-04 04:59:49 --> Invalid file: welcomeMessage.php
#0 C:\wamp64\www\chopesgames\system\View\View.php(198): CodeIgniter\Exceptions\FrameworkException::forInvalidFile('welcomeMessage....')
#1 C:\wamp64\www\chopesgames\system\Common.php(1097): CodeIgniter\View\View->render('welcomeMessage', Array, true)
#2 C:\wamp64\www\chopesgames\app\Controllers\Home.php(9): view('welcomeMessage')
#3 C:\wamp64\www\chopesgames\system\CodeIgniter.php(824): App\Controllers\Home->index()
#4 C:\wamp64\www\chopesgames\system\CodeIgniter.php(410): CodeIgniter\CodeIgniter->runController(Object(App\Controllers\Home))
#5 C:\wamp64\www\chopesgames\system\CodeIgniter.php(318): CodeIgniter\CodeIgniter->handleRequest(NULL, Object(Config\Cache), false)
#6 C:\wamp64\www\chopesgames\public\index.php(37): CodeIgniter\CodeIgniter->run()
#7 {main}
CRITICAL - 2022-04-04 04:59:49 --> Invalid file: welcomeMessage.php
#0 C:\wamp64\www\chopesgames\system\View\View.php(198): CodeIgniter\Exceptions\FrameworkException::forInvalidFile('welcomeMessage....')
#1 C:\wamp64\www\chopesgames\system\Common.php(1097): CodeIgniter\View\View->render('welcomeMessage', Array, true)
#2 C:\wamp64\www\chopesgames\app\Controllers\Home.php(9): view('welcomeMessage')
#3 C:\wamp64\www\chopesgames\system\CodeIgniter.php(824): App\Controllers\Home->index()
#4 C:\wamp64\www\chopesgames\system\CodeIgniter.php(410): CodeIgniter\CodeIgniter->runController(Object(App\Controllers\Home))
#5 C:\wamp64\www\chopesgames\system\CodeIgniter.php(318): CodeIgniter\CodeIgniter->handleRequest(NULL, Object(Config\Cache), false)
#6 C:\wamp64\www\chopesgames\public\index.php(37): CodeIgniter\CodeIgniter->run()
#7 {main}
CRITICAL - 2022-04-04 04:59:50 --> Invalid file: welcomeMessage.php
#0 C:\wamp64\www\chopesgames\system\View\View.php(198): CodeIgniter\Exceptions\FrameworkException::forInvalidFile('welcomeMessage....')
#1 C:\wamp64\www\chopesgames\system\Common.php(1097): CodeIgniter\View\View->render('welcomeMessage', Array, true)
#2 C:\wamp64\www\chopesgames\app\Controllers\Home.php(9): view('welcomeMessage')
#3 C:\wamp64\www\chopesgames\system\CodeIgniter.php(824): App\Controllers\Home->index()
#4 C:\wamp64\www\chopesgames\system\CodeIgniter.php(410): CodeIgniter\CodeIgniter->runController(Object(App\Controllers\Home))
#5 C:\wamp64\www\chopesgames\system\CodeIgniter.php(318): CodeIgniter\CodeIgniter->handleRequest(NULL, Object(Config\Cache), false)
#6 C:\wamp64\www\chopesgames\public\index.php(37): CodeIgniter\CodeIgniter->run()
#7 {main}
CRITICAL - 2022-04-04 05:01:27 --> Invalid file: welcomeMessage.php
#0 C:\wamp64\www\chopesgames\system\View\View.php(198): CodeIgniter\Exceptions\FrameworkException::forInvalidFile('welcomeMessage....')
#1 C:\wamp64\www\chopesgames\system\Common.php(1097): CodeIgniter\View\View->render('welcomeMessage', Array, true)
#2 C:\wamp64\www\chopesgames\app\Controllers\Home.php(9): view('welcomeMessage')
#3 C:\wamp64\www\chopesgames\system\CodeIgniter.php(824): App\Controllers\Home->index()
#4 C:\wamp64\www\chopesgames\system\CodeIgniter.php(410): CodeIgniter\CodeIgniter->runController(Object(App\Controllers\Home))
#5 C:\wamp64\www\chopesgames\system\CodeIgniter.php(318): CodeIgniter\CodeIgniter->handleRequest(NULL, Object(Config\Cache), false)
#6 C:\wamp64\www\chopesgames\public\index.php(37): CodeIgniter\CodeIgniter->run()
#7 {main}
CRITICAL - 2022-04-04 05:01:30 --> Invalid file: welcomeMessage.php
#0 C:\wamp64\www\chopesgames\system\View\View.php(198): CodeIgniter\Exceptions\FrameworkException::forInvalidFile('welcomeMessage....')
#1 C:\wamp64\www\chopesgames\system\Common.php(1097): CodeIgniter\View\View->render('welcomeMessage', Array, true)
#2 C:\wamp64\www\chopesgames\app\Controllers\Home.php(9): view('welcomeMessage')
#3 C:\wamp64\www\chopesgames\system\CodeIgniter.php(824): App\Controllers\Home->index()
#4 C:\wamp64\www\chopesgames\system\CodeIgniter.php(410): CodeIgniter\CodeIgniter->runController(Object(App\Controllers\Home))
#5 C:\wamp64\www\chopesgames\system\CodeIgniter.php(318): CodeIgniter\CodeIgniter->handleRequest(NULL, Object(Config\Cache), false)
#6 C:\wamp64\www\chopesgames\public\index.php(37): CodeIgniter\CodeIgniter->run()
#7 {main}
CRITICAL - 2022-04-04 05:01:30 --> Invalid file: welcomeMessage.php
#0 C:\wamp64\www\chopesgames\system\View\View.php(198): CodeIgniter\Exceptions\FrameworkException::forInvalidFile('welcomeMessage....')
#1 C:\wamp64\www\chopesgames\system\Common.php(1097): CodeIgniter\View\View->render('welcomeMessage', Array, true)
#2 C:\wamp64\www\chopesgames\app\Controllers\Home.php(9): view('welcomeMessage')
#3 C:\wamp64\www\chopesgames\system\CodeIgniter.php(824): App\Controllers\Home->index()
#4 C:\wamp64\www\chopesgames\system\CodeIgniter.php(410): CodeIgniter\CodeIgniter->runController(Object(App\Controllers\Home))
#5 C:\wamp64\www\chopesgames\system\CodeIgniter.php(318): CodeIgniter\CodeIgniter->handleRequest(NULL, Object(Config\Cache), false)
#6 C:\wamp64\www\chopesgames\public\index.php(37): CodeIgniter\CodeIgniter->run()
#7 {main}
CRITICAL - 2022-04-04 05:01:31 --> Invalid file: welcomeMessage.php
#0 C:\wamp64\www\chopesgames\system\View\View.php(198): CodeIgniter\Exceptions\FrameworkException::forInvalidFile('welcomeMessage....')
#1 C:\wamp64\www\chopesgames\system\Common.php(1097): CodeIgniter\View\View->render('welcomeMessage', Array, true)
#2 C:\wamp64\www\chopesgames\app\Controllers\Home.php(9): view('welcomeMessage')
#3 C:\wamp64\www\chopesgames\system\CodeIgniter.php(824): App\Controllers\Home->index()
#4 C:\wamp64\www\chopesgames\system\CodeIgniter.php(410): CodeIgniter\CodeIgniter->runController(Object(App\Controllers\Home))
#5 C:\wamp64\www\chopesgames\system\CodeIgniter.php(318): CodeIgniter\CodeIgniter->handleRequest(NULL, Object(Config\Cache), false)
#6 C:\wamp64\www\chopesgames\public\index.php(37): CodeIgniter\CodeIgniter->run()
#7 {main}
CRITICAL - 2022-04-04 05:01:32 --> Invalid file: welcomeMessage.php
#0 C:\wamp64\www\chopesgames\system\View\View.php(198): CodeIgniter\Exceptions\FrameworkException::forInvalidFile('welcomeMessage....')
#1 C:\wamp64\www\chopesgames\system\Common.php(1097): CodeIgniter\View\View->render('welcomeMessage', Array, true)
#2 C:\wamp64\www\chopesgames\app\Controllers\Home.php(9): view('welcomeMessage')
#3 C:\wamp64\www\chopesgames\system\CodeIgniter.php(824): App\Controllers\Home->index()
#4 C:\wamp64\www\chopesgames\system\CodeIgniter.php(410): CodeIgniter\CodeIgniter->runController(Object(App\Controllers\Home))
#5 C:\wamp64\www\chopesgames\system\CodeIgniter.php(318): CodeIgniter\CodeIgniter->handleRequest(NULL, Object(Config\Cache), false)
#6 C:\wamp64\www\chopesgames\public\index.php(37): CodeIgniter\CodeIgniter->run()
#7 {main}
CRITICAL - 2022-04-04 05:03:28 --> Invalid file: welcomeMessage.php
#0 C:\wamp64\www\chopesgames\system\View\View.php(198): CodeIgniter\Exceptions\FrameworkException::forInvalidFile('welcomeMessage....')
#1 C:\wamp64\www\chopesgames\system\Common.php(1097): CodeIgniter\View\View->render('welcomeMessage', Array, true)
#2 C:\wamp64\www\chopesgames\app\Controllers\Home.php(9): view('welcomeMessage')
#3 C:\wamp64\www\chopesgames\system\CodeIgniter.php(824): App\Controllers\Home->index()
#4 C:\wamp64\www\chopesgames\system\CodeIgniter.php(410): CodeIgniter\CodeIgniter->runController(Object(App\Controllers\Home))
#5 C:\wamp64\www\chopesgames\system\CodeIgniter.php(318): CodeIgniter\CodeIgniter->handleRequest(NULL, Object(Config\Cache), false)
#6 C:\wamp64\www\chopesgames\public\index.php(37): CodeIgniter\CodeIgniter->run()
#7 {main}
CRITICAL - 2022-04-04 05:03:30 --> Invalid file: welcomeMessage.php
#0 C:\wamp64\www\chopesgames\system\View\View.php(198): CodeIgniter\Exceptions\FrameworkException::forInvalidFile('welcomeMessage....')
#1 C:\wamp64\www\chopesgames\system\Common.php(1097): CodeIgniter\View\View->render('welcomeMessage', Array, true)
#2 C:\wamp64\www\chopesgames\app\Controllers\Home.php(9): view('welcomeMessage')
#3 C:\wamp64\www\chopesgames\system\CodeIgniter.php(824): App\Controllers\Home->index()
#4 C:\wamp64\www\chopesgames\system\CodeIgniter.php(410): CodeIgniter\CodeIgniter->runController(Object(App\Controllers\Home))
#5 C:\wamp64\www\chopesgames\system\CodeIgniter.php(318): CodeIgniter\CodeIgniter->handleRequest(NULL, Object(Config\Cache), false)
#6 C:\wamp64\www\chopesgames\public\index.php(37): CodeIgniter\CodeIgniter->run()
#7 {main}
CRITICAL - 2022-04-04 05:03:30 --> Invalid file: welcomeMessage.php
#0 C:\wamp64\www\chopesgames\system\View\View.php(198): CodeIgniter\Exceptions\FrameworkException::forInvalidFile('welcomeMessage....')
#1 C:\wamp64\www\chopesgames\system\Common.php(1097): CodeIgniter\View\View->render('welcomeMessage', Array, true)
#2 C:\wamp64\www\chopesgames\app\Controllers\Home.php(9): view('welcomeMessage')
#3 C:\wamp64\www\chopesgames\system\CodeIgniter.php(824): App\Controllers\Home->index()
#4 C:\wamp64\www\chopesgames\system\CodeIgniter.php(410): CodeIgniter\CodeIgniter->runController(Object(App\Controllers\Home))
#5 C:\wamp64\www\chopesgames\system\CodeIgniter.php(318): CodeIgniter\CodeIgniter->handleRequest(NULL, Object(Config\Cache), false)
#6 C:\wamp64\www\chopesgames\public\index.php(37): CodeIgniter\CodeIgniter->run()
#7 {main}
CRITICAL - 2022-04-04 05:03:30 --> Invalid file: welcomeMessage.php
#0 C:\wamp64\www\chopesgames\system\View\View.php(198): CodeIgniter\Exceptions\FrameworkException::forInvalidFile('welcomeMessage....')
#1 C:\wamp64\www\chopesgames\system\Common.php(1097): CodeIgniter\View\View->render('welcomeMessage', Array, true)
#2 C:\wamp64\www\chopesgames\app\Controllers\Home.php(9): view('welcomeMessage')
#3 C:\wamp64\www\chopesgames\system\CodeIgniter.php(824): App\Controllers\Home->index()
#4 C:\wamp64\www\chopesgames\system\CodeIgniter.php(410): CodeIgniter\CodeIgniter->runController(Object(App\Controllers\Home))
#5 C:\wamp64\www\chopesgames\system\CodeIgniter.php(318): CodeIgniter\CodeIgniter->handleRequest(NULL, Object(Config\Cache), false)
#6 C:\wamp64\www\chopesgames\public\index.php(37): CodeIgniter\CodeIgniter->run()
#7 {main}
CRITICAL - 2022-04-04 05:03:32 --> Invalid file: welcomeMessage.php
#0 C:\wamp64\www\chopesgames\system\View\View.php(198): CodeIgniter\Exceptions\FrameworkException::forInvalidFile('welcomeMessage....')
#1 C:\wamp64\www\chopesgames\system\Common.php(1097): CodeIgniter\View\View->render('welcomeMessage', Array, true)
#2 C:\wamp64\www\chopesgames\app\Controllers\Home.php(9): view('welcomeMessage')
#3 C:\wamp64\www\chopesgames\system\CodeIgniter.php(824): App\Controllers\Home->index()
#4 C:\wamp64\www\chopesgames\system\CodeIgniter.php(410): CodeIgniter\CodeIgniter->runController(Object(App\Controllers\Home))
#5 C:\wamp64\www\chopesgames\system\CodeIgniter.php(318): CodeIgniter\CodeIgniter->handleRequest(NULL, Object(Config\Cache), false)
#6 C:\wamp64\www\chopesgames\public\index.php(37): CodeIgniter\CodeIgniter->run()
#7 {main}
CRITICAL - 2022-04-04 05:04:24 --> Invalid file: welcomeMessage.php
#0 C:\wamp64\www\chopesgames\system\View\View.php(198): CodeIgniter\Exceptions\FrameworkException::forInvalidFile('welcomeMessage....')
#1 C:\wamp64\www\chopesgames\system\Common.php(1097): CodeIgniter\View\View->render('welcomeMessage', Array, true)
#2 C:\wamp64\www\chopesgames\app\Controllers\Home.php(9): view('welcomeMessage')
#3 C:\wamp64\www\chopesgames\system\CodeIgniter.php(824): App\Controllers\Home->index()
#4 C:\wamp64\www\chopesgames\system\CodeIgniter.php(410): CodeIgniter\CodeIgniter->runController(Object(App\Controllers\Home))
#5 C:\wamp64\www\chopesgames\system\CodeIgniter.php(318): CodeIgniter\CodeIgniter->handleRequest(NULL, Object(Config\Cache), false)
#6 C:\wamp64\www\chopesgames\public\index.php(37): CodeIgniter\CodeIgniter->run()
#7 {main}
CRITICAL - 2022-04-04 05:04:27 --> Invalid file: welcomeMessage.php
#0 C:\wamp64\www\chopesgames\system\View\View.php(198): CodeIgniter\Exceptions\FrameworkException::forInvalidFile('welcomeMessage....')
#1 C:\wamp64\www\chopesgames\system\Common.php(1097): CodeIgniter\View\View->render('welcomeMessage', Array, true)
#2 C:\wamp64\www\chopesgames\app\Controllers\Home.php(9): view('welcomeMessage')
#3 C:\wamp64\www\chopesgames\system\CodeIgniter.php(824): App\Controllers\Home->index()
#4 C:\wamp64\www\chopesgames\system\CodeIgniter.php(410): CodeIgniter\CodeIgniter->runController(Object(App\Controllers\Home))
#5 C:\wamp64\www\chopesgames\system\CodeIgniter.php(318): CodeIgniter\CodeIgniter->handleRequest(NULL, Object(Config\Cache), false)
#6 C:\wamp64\www\chopesgames\public\index.php(37): CodeIgniter\CodeIgniter->run()
#7 {main}
CRITICAL - 2022-04-04 05:04:27 --> Invalid file: welcomeMessage.php
#0 C:\wamp64\www\chopesgames\system\View\View.php(198): CodeIgniter\Exceptions\FrameworkException::forInvalidFile('welcomeMessage....')
#1 C:\wamp64\www\chopesgames\system\Common.php(1097): CodeIgniter\View\View->render('welcomeMessage', Array, true)
#2 C:\wamp64\www\chopesgames\app\Controllers\Home.php(9): view('welcomeMessage')
#3 C:\wamp64\www\chopesgames\system\CodeIgniter.php(824): App\Controllers\Home->index()
#4 C:\wamp64\www\chopesgames\system\CodeIgniter.php(410): CodeIgniter\CodeIgniter->runController(Object(App\Controllers\Home))
#5 C:\wamp64\www\chopesgames\system\CodeIgniter.php(318): CodeIgniter\CodeIgniter->handleRequest(NULL, Object(Config\Cache), false)
#6 C:\wamp64\www\chopesgames\public\index.php(37): CodeIgniter\CodeIgniter->run()
#7 {main}
CRITICAL - 2022-04-04 05:04:28 --> Invalid file: welcomeMessage.php
#0 C:\wamp64\www\chopesgames\system\View\View.php(198): CodeIgniter\Exceptions\FrameworkException::forInvalidFile('welcomeMessage....')
#1 C:\wamp64\www\chopesgames\system\Common.php(1097): CodeIgniter\View\View->render('welcomeMessage', Array, true)
#2 C:\wamp64\www\chopesgames\app\Controllers\Home.php(9): view('welcomeMessage')
#3 C:\wamp64\www\chopesgames\system\CodeIgniter.php(824): App\Controllers\Home->index()
#4 C:\wamp64\www\chopesgames\system\CodeIgniter.php(410): CodeIgniter\CodeIgniter->runController(Object(App\Controllers\Home))
#5 C:\wamp64\www\chopesgames\system\CodeIgniter.php(318): CodeIgniter\CodeIgniter->handleRequest(NULL, Object(Config\Cache), false)
#6 C:\wamp64\www\chopesgames\public\index.php(37): CodeIgniter\CodeIgniter->run()
#7 {main}
CRITICAL - 2022-04-04 05:04:29 --> Invalid file: welcomeMessage.php
#0 C:\wamp64\www\chopesgames\system\View\View.php(198): CodeIgniter\Exceptions\FrameworkException::forInvalidFile('welcomeMessage....')
#1 C:\wamp64\www\chopesgames\system\Common.php(1097): CodeIgniter\View\View->render('welcomeMessage', Array, true)
#2 C:\wamp64\www\chopesgames\app\Controllers\Home.php(9): view('welcomeMessage')
#3 C:\wamp64\www\chopesgames\system\CodeIgniter.php(824): App\Controllers\Home->index()
#4 C:\wamp64\www\chopesgames\system\CodeIgniter.php(410): CodeIgniter\CodeIgniter->runController(Object(App\Controllers\Home))
#5 C:\wamp64\www\chopesgames\system\CodeIgniter.php(318): CodeIgniter\CodeIgniter->handleRequest(NULL, Object(Config\Cache), false)
#6 C:\wamp64\www\chopesgames\public\index.php(37): CodeIgniter\CodeIgniter->run()
#7 {main}
CRITICAL - 2022-04-04 12:48:34 --> Undefined variable: categories
#0 C:\wamp64\www\chopesgames\app\Views\templates\header.php(52): CodeIgniter\Debug\Exceptions->errorHandler(8, 'Undefined varia...', 'C:\\wamp64\\www\\c...', 52, Array)
#1 C:\wamp64\www\chopesgames\system\View\View.php(214): include('C:\\wamp64\\www\\c...')
#2 C:\wamp64\www\chopesgames\system\View\View.php(217): CodeIgniter\View\View->CodeIgniter\View\{closure}()
#3 C:\wamp64\www\chopesgames\system\Common.php(1097): CodeIgniter\View\View->render('templates/heade...', Array, true)
#4 C:\wamp64\www\chopesgames\app\Controllers\Visiteur.php(309): view('templates/heade...')
#5 C:\wamp64\www\chopesgames\system\CodeIgniter.php(824): App\Controllers\Visiteur->supprimerCompte()
#6 C:\wamp64\www\chopesgames\system\CodeIgniter.php(410): CodeIgniter\CodeIgniter->runController(Object(App\Controllers\Visiteur))
#7 C:\wamp64\www\chopesgames\system\CodeIgniter.php(318): CodeIgniter\CodeIgniter->handleRequest(NULL, Object(Config\Cache), false)
#8 C:\wamp64\www\chopesgames\public\index.php(37): CodeIgniter\CodeIgniter->run()
#9 C:\wamp64\www\chopesgames\system\Commands\Server\rewrite.php(43): require_once('C:\\wamp64\\www\\c...')
#10 {main}
CRITICAL - 2022-04-04 12:48:53 --> Undefined variable: categories
#0 C:\wamp64\www\chopesgames\app\Views\templates\header.php(52): CodeIgniter\Debug\Exceptions->errorHandler(8, 'Undefined varia...', 'C:\\wamp64\\www\\c...', 52, Array)
#1 C:\wamp64\www\chopesgames\system\View\View.php(214): include('C:\\wamp64\\www\\c...')
#2 C:\wamp64\www\chopesgames\system\View\View.php(217): CodeIgniter\View\View->CodeIgniter\View\{closure}()
#3 C:\wamp64\www\chopesgames\system\Common.php(1097): CodeIgniter\View\View->render('templates/heade...', Array, true)
#4 C:\wamp64\www\chopesgames\app\Controllers\Visiteur.php(309): view('templates/heade...')
#5 C:\wamp64\www\chopesgames\system\CodeIgniter.php(824): App\Controllers\Visiteur->supprimerCompte()
#6 C:\wamp64\www\chopesgames\system\CodeIgniter.php(410): CodeIgniter\CodeIgniter->runController(Object(App\Controllers\Visiteur))
#7 C:\wamp64\www\chopesgames\system\CodeIgniter.php(318): CodeIgniter\CodeIgniter->handleRequest(NULL, Object(Config\Cache), false)
#8 C:\wamp64\www\chopesgames\public\index.php(37): CodeIgniter\CodeIgniter->run()
#9 C:\wamp64\www\chopesgames\system\Commands\Server\rewrite.php(43): require_once('C:\\wamp64\\www\\c...')
#10 {main}
CRITICAL - 2022-04-04 12:49:44 --> Undefined variable: categories
#0 C:\wamp64\www\chopesgames\app\Views\templates\header.php(52): CodeIgniter\Debug\Exceptions->errorHandler(8, 'Undefined varia...', 'C:\\wamp64\\www\\c...', 52, Array)
#1 C:\wamp64\www\chopesgames\system\View\View.php(214): include('C:\\wamp64\\www\\c...')
#2 C:\wamp64\www\chopesgames\system\View\View.php(217): CodeIgniter\View\View->CodeIgniter\View\{closure}()
#3 C:\wamp64\www\chopesgames\system\Common.php(1097): CodeIgniter\View\View->render('templates/heade...', Array, true)
#4 C:\wamp64\www\chopesgames\app\Controllers\Visiteur.php(309): view('templates/heade...')
#5 C:\wamp64\www\chopesgames\system\CodeIgniter.php(824): App\Controllers\Visiteur->supprimerCompte()
#6 C:\wamp64\www\chopesgames\system\CodeIgniter.php(410): CodeIgniter\CodeIgniter->runController(Object(App\Controllers\Visiteur))
#7 C:\wamp64\www\chopesgames\system\CodeIgniter.php(318): CodeIgniter\CodeIgniter->handleRequest(NULL, Object(Config\Cache), false)
#8 C:\wamp64\www\chopesgames\public\index.php(37): CodeIgniter\CodeIgniter->run()
#9 C:\wamp64\www\chopesgames\system\Commands\Server\rewrite.php(43): require_once('C:\\wamp64\\www\\c...')
#10 {main}
CRITICAL - 2022-04-04 15:09:34 --> Undefined variable: categories
#0 C:\wamp64\www\chopesgames\app\Views\templates\header.php(52): CodeIgniter\Debug\Exceptions->errorHandler(8, 'Undefined varia...', 'C:\\wamp64\\www\\c...', 52, Array)
#1 C:\wamp64\www\chopesgames\system\View\View.php(214): include('C:\\wamp64\\www\\c...')
#2 C:\wamp64\www\chopesgames\system\View\View.php(217): CodeIgniter\View\View->CodeIgniter\View\{closure}()
#3 C:\wamp64\www\chopesgames\system\Common.php(1097): CodeIgniter\View\View->render('templates/heade...', Array, true)
#4 C:\wamp64\www\chopesgames\app\Controllers\Visiteur.php(311): view('templates/heade...')
#5 C:\wamp64\www\chopesgames\system\CodeIgniter.php(824): App\Controllers\Visiteur->supprimerCompte()
#6 C:\wamp64\www\chopesgames\system\CodeIgniter.php(410): CodeIgniter\CodeIgniter->runController(Object(App\Controllers\Visiteur))
#7 C:\wamp64\www\chopesgames\system\CodeIgniter.php(318): CodeIgniter\CodeIgniter->handleRequest(NULL, Object(Config\Cache), false)
#8 C:\wamp64\www\chopesgames\public\index.php(37): CodeIgniter\CodeIgniter->run()
#9 C:\wamp64\www\chopesgames\system\Commands\Server\rewrite.php(43): require_once('C:\\wamp64\\www\\c...')
#10 {main}
CRITICAL - 2022-04-04 16:07:11 --> Undefined variable: categories
#0 C:\wamp64\www\chopesgames\app\Views\templates\header.php(52): CodeIgniter\Debug\Exceptions->errorHandler(8, 'Undefined varia...', 'C:\\wamp64\\www\\c...', 52, Array)
#1 C:\wamp64\www\chopesgames\system\View\View.php(214): include('C:\\wamp64\\www\\c...')
#2 C:\wamp64\www\chopesgames\system\View\View.php(217): CodeIgniter\View\View->CodeIgniter\View\{closure}()
#3 C:\wamp64\www\chopesgames\system\Common.php(1097): CodeIgniter\View\View->render('templates/heade...', Array, true)
#4 C:\wamp64\www\chopesgames\app\Controllers\Visiteur.php(311): view('templates/heade...')
#5 C:\wamp64\www\chopesgames\system\CodeIgniter.php(824): App\Controllers\Visiteur->supprimerCompte()
#6 C:\wamp64\www\chopesgames\system\CodeIgniter.php(410): CodeIgniter\CodeIgniter->runController(Object(App\Controllers\Visiteur))
#7 C:\wamp64\www\chopesgames\system\CodeIgniter.php(318): CodeIgniter\CodeIgniter->handleRequest(NULL, Object(Config\Cache), false)
#8 C:\wamp64\www\chopesgames\public\index.php(37): CodeIgniter\CodeIgniter->run()
#9 C:\wamp64\www\chopesgames\system\Commands\Server\rewrite.php(43): require_once('C:\\wamp64\\www\\c...')
#10 {main}
CRITICAL - 2022-04-04 16:23:45 --> Undefined variable: categories
#0 C:\wamp64\www\chopesgames\app\Views\templates\header.php(52): CodeIgniter\Debug\Exceptions->errorHandler(8, 'Undefined varia...', 'C:\\wamp64\\www\\c...', 52, Array)
#1 C:\wamp64\www\chopesgames\system\View\View.php(214): include('C:\\wamp64\\www\\c...')
#2 C:\wamp64\www\chopesgames\system\View\View.php(217): CodeIgniter\View\View->CodeIgniter\View\{closure}()
#3 C:\wamp64\www\chopesgames\system\Common.php(1097): CodeIgniter\View\View->render('templates/heade...', Array, true)
#4 C:\wamp64\www\chopesgames\app\Controllers\Visiteur.php(309): view('templates/heade...')
#5 C:\wamp64\www\chopesgames\system\CodeIgniter.php(824): App\Controllers\Visiteur->supprimerCompte()
#6 C:\wamp64\www\chopesgames\system\CodeIgniter.php(410): CodeIgniter\CodeIgniter->runController(Object(App\Controllers\Visiteur))
#7 C:\wamp64\www\chopesgames\system\CodeIgniter.php(318): CodeIgniter\CodeIgniter->handleRequest(NULL, Object(Config\Cache), false)
#8 C:\wamp64\www\chopesgames\public\index.php(37): CodeIgniter\CodeIgniter->run()
#9 C:\wamp64\www\chopesgames\system\Commands\Server\rewrite.php(43): require_once('C:\\wamp64\\www\\c...')
#10 {main}
CRITICAL - 2022-04-04 16:23:49 --> Undefined variable: categories
#0 C:\wamp64\www\chopesgames\app\Views\templates\header.php(52): CodeIgniter\Debug\Exceptions->errorHandler(8, 'Undefined varia...', 'C:\\wamp64\\www\\c...', 52, Array)
#1 C:\wamp64\www\chopesgames\system\View\View.php(214): include('C:\\wamp64\\www\\c...')
#2 C:\wamp64\www\chopesgames\system\View\View.php(217): CodeIgniter\View\View->CodeIgniter\View\{closure}()
#3 C:\wamp64\www\chopesgames\system\Common.php(1097): CodeIgniter\View\View->render('templates/heade...', Array, true)
#4 C:\wamp64\www\chopesgames\app\Controllers\Visiteur.php(309): view('templates/heade...')
#5 C:\wamp64\www\chopesgames\system\CodeIgniter.php(824): App\Controllers\Visiteur->supprimerCompte()
#6 C:\wamp64\www\chopesgames\system\CodeIgniter.php(410): CodeIgniter\CodeIgniter->runController(Object(App\Controllers\Visiteur))
#7 C:\wamp64\www\chopesgames\system\CodeIgniter.php(318): CodeIgniter\CodeIgniter->handleRequest(NULL, Object(Config\Cache), false)
#8 C:\wamp64\www\chopesgames\public\index.php(37): CodeIgniter\CodeIgniter->run()
#9 C:\wamp64\www\chopesgames\system\Commands\Server\rewrite.php(43): require_once('C:\\wamp64\\www\\c...')
#10 {main}
CRITICAL - 2022-04-04 16:44:30 --> Undefined variable: categories
#0 C:\wamp64\www\chopesgames\app\Views\templates\header.php(52): CodeIgniter\Debug\Exceptions->errorHandler(8, 'Undefined varia...', 'C:\\wamp64\\www\\c...', 52, Array)
#1 C:\wamp64\www\chopesgames\system\View\View.php(214): include('C:\\wamp64\\www\\c...')
#2 C:\wamp64\www\chopesgames\system\View\View.php(217): CodeIgniter\View\View->CodeIgniter\View\{closure}()
#3 C:\wamp64\www\chopesgames\system\Common.php(1097): CodeIgniter\View\View->render('templates/heade...', Array, true)
#4 C:\wamp64\www\chopesgames\app\Controllers\Visiteur.php(315): view('templates/heade...')
#5 C:\wamp64\www\chopesgames\system\CodeIgniter.php(824): App\Controllers\Visiteur->supprimerCompte()
#6 C:\wamp64\www\chopesgames\system\CodeIgniter.php(410): CodeIgniter\CodeIgniter->runController(Object(App\Controllers\Visiteur))
#7 C:\wamp64\www\chopesgames\system\CodeIgniter.php(318): CodeIgniter\CodeIgniter->handleRequest(NULL, Object(Config\Cache), false)
#8 C:\wamp64\www\chopesgames\public\index.php(37): CodeIgniter\CodeIgniter->run()
#9 C:\wamp64\www\chopesgames\system\Commands\Server\rewrite.php(43): require_once('C:\\wamp64\\www\\c...')
#10 {main}
