ERROR - 2022-03-16 17:57:09 --> Champ 'id' inconnu dans where clause
CRITICAL - 2022-03-16 17:57:09 --> Champ 'id' inconnu dans where clause
#0 C:\wamp64\www\chopesgames\system\Database\MySQLi\Connection.php(292): mysqli->query('SELECT COUNT(*)...', 0)
#1 C:\wamp64\www\chopesgames\system\Database\BaseConnection.php(670): CodeIgniter\Database\MySQLi\Connection->execute('SELECT COUNT(*)...')
#2 C:\wamp64\www\chopesgames\system\Database\BaseConnection.php(598): CodeIgniter\Database\BaseConnection->simpleQuery('SELECT COUNT(*)...')
#3 C:\wamp64\www\chopesgames\system\Database\BaseBuilder.php(1527): CodeIgniter\Database\BaseConnection->query('SELECT COUNT(*)...', Array, false)
#4 C:\wamp64\www\chopesgames\system\Model.php(509): CodeIgniter\Database\BaseBuilder->countAllResults(true)
#5 C:\wamp64\www\chopesgames\system\Model.php(592): CodeIgniter\Model->countAllResults()
#6 C:\wamp64\www\chopesgames\system\BaseModel.php(655): CodeIgniter\Model->shouldUpdate(Array)
#7 C:\wamp64\www\chopesgames\app\Controllers\AdministrateurSuper.php(274): CodeIgniter\BaseModel->save(Array)
#8 C:\wamp64\www\chopesgames\system\CodeIgniter.php(824): App\Controllers\AdministrateurSuper->ajouterMarque()
#9 C:\wamp64\www\chopesgames\system\CodeIgniter.php(410): CodeIgniter\CodeIgniter->runController(Object(App\Controllers\AdministrateurSuper))
#10 C:\wamp64\www\chopesgames\system\CodeIgniter.php(318): CodeIgniter\CodeIgniter->handleRequest(NULL, Object(Config\Cache), false)
#11 C:\wamp64\www\chopesgames\public\index.php(37): CodeIgniter\CodeIgniter->run()
#12 C:\wamp64\www\chopesgames\system\Commands\Server\rewrite.php(43): require_once('C:\\wamp64\\www\\c...')
#13 {main}
ERROR - 2022-03-16 17:59:22 --> Champ 'id' inconnu dans where clause
CRITICAL - 2022-03-16 17:59:22 --> Champ 'id' inconnu dans where clause
#0 C:\wamp64\www\chopesgames\system\Database\MySQLi\Connection.php(292): mysqli->query('SELECT COUNT(*)...', 0)
#1 C:\wamp64\www\chopesgames\system\Database\BaseConnection.php(670): CodeIgniter\Database\MySQLi\Connection->execute('SELECT COUNT(*)...')
#2 C:\wamp64\www\chopesgames\system\Database\BaseConnection.php(598): CodeIgniter\Database\BaseConnection->simpleQuery('SELECT COUNT(*)...')
#3 C:\wamp64\www\chopesgames\system\Database\BaseBuilder.php(1527): CodeIgniter\Database\BaseConnection->query('SELECT COUNT(*)...', Array, false)
#4 C:\wamp64\www\chopesgames\system\Model.php(509): CodeIgniter\Database\BaseBuilder->countAllResults(true)
#5 C:\wamp64\www\chopesgames\system\Model.php(592): CodeIgniter\Model->countAllResults()
#6 C:\wamp64\www\chopesgames\system\BaseModel.php(655): CodeIgniter\Model->shouldUpdate(Array)
#7 C:\wamp64\www\chopesgames\app\Controllers\AdministrateurSuper.php(274): CodeIgniter\BaseModel->save(Array)
#8 C:\wamp64\www\chopesgames\system\CodeIgniter.php(824): App\Controllers\AdministrateurSuper->ajouterMarque()
#9 C:\wamp64\www\chopesgames\system\CodeIgniter.php(410): CodeIgniter\CodeIgniter->runController(Object(App\Controllers\AdministrateurSuper))
#10 C:\wamp64\www\chopesgames\system\CodeIgniter.php(318): CodeIgniter\CodeIgniter->handleRequest(NULL, Object(Config\Cache), false)
#11 C:\wamp64\www\chopesgames\public\index.php(37): CodeIgniter\CodeIgniter->run()
#12 C:\wamp64\www\chopesgames\system\Commands\Server\rewrite.php(43): require_once('C:\\wamp64\\www\\c...')
#13 {main}
ERROR - 2022-03-16 17:59:28 --> Champ 'id' inconnu dans where clause
CRITICAL - 2022-03-16 17:59:28 --> Champ 'id' inconnu dans where clause
#0 C:\wamp64\www\chopesgames\system\Database\MySQLi\Connection.php(292): mysqli->query('SELECT COUNT(*)...', 0)
#1 C:\wamp64\www\chopesgames\system\Database\BaseConnection.php(670): CodeIgniter\Database\MySQLi\Connection->execute('SELECT COUNT(*)...')
#2 C:\wamp64\www\chopesgames\system\Database\BaseConnection.php(598): CodeIgniter\Database\BaseConnection->simpleQuery('SELECT COUNT(*)...')
#3 C:\wamp64\www\chopesgames\system\Database\BaseBuilder.php(1527): CodeIgniter\Database\BaseConnection->query('SELECT COUNT(*)...', Array, false)
#4 C:\wamp64\www\chopesgames\system\Model.php(509): CodeIgniter\Database\BaseBuilder->countAllResults(true)
#5 C:\wamp64\www\chopesgames\system\Model.php(592): CodeIgniter\Model->countAllResults()
#6 C:\wamp64\www\chopesgames\system\BaseModel.php(655): CodeIgniter\Model->shouldUpdate(Array)
#7 C:\wamp64\www\chopesgames\app\Controllers\AdministrateurSuper.php(274): CodeIgniter\BaseModel->save(Array)
#8 C:\wamp64\www\chopesgames\system\CodeIgniter.php(824): App\Controllers\AdministrateurSuper->ajouterMarque()
#9 C:\wamp64\www\chopesgames\system\CodeIgniter.php(410): CodeIgniter\CodeIgniter->runController(Object(App\Controllers\AdministrateurSuper))
#10 C:\wamp64\www\chopesgames\system\CodeIgniter.php(318): CodeIgniter\CodeIgniter->handleRequest(NULL, Object(Config\Cache), false)
#11 C:\wamp64\www\chopesgames\public\index.php(37): CodeIgniter\CodeIgniter->run()
#12 C:\wamp64\www\chopesgames\system\Commands\Server\rewrite.php(43): require_once('C:\\wamp64\\www\\c...')
#13 {main}
ERROR - 2022-03-16 18:04:47 --> Champ 'id' inconnu dans where clause
CRITICAL - 2022-03-16 18:04:47 --> Champ 'id' inconnu dans where clause
#0 C:\wamp64\www\chopesgames\system\Database\MySQLi\Connection.php(292): mysqli->query('SELECT COUNT(*)...', 0)
#1 C:\wamp64\www\chopesgames\system\Database\BaseConnection.php(670): CodeIgniter\Database\MySQLi\Connection->execute('SELECT COUNT(*)...')
#2 C:\wamp64\www\chopesgames\system\Database\BaseConnection.php(598): CodeIgniter\Database\BaseConnection->simpleQuery('SELECT COUNT(*)...')
#3 C:\wamp64\www\chopesgames\system\Database\BaseBuilder.php(1527): CodeIgniter\Database\BaseConnection->query('SELECT COUNT(*)...', Array, false)
#4 C:\wamp64\www\chopesgames\system\Model.php(509): CodeIgniter\Database\BaseBuilder->countAllResults(true)
#5 C:\wamp64\www\chopesgames\system\Model.php(592): CodeIgniter\Model->countAllResults()
#6 C:\wamp64\www\chopesgames\system\BaseModel.php(655): CodeIgniter\Model->shouldUpdate(Array)
#7 C:\wamp64\www\chopesgames\app\Controllers\AdministrateurSuper.php(274): CodeIgniter\BaseModel->save(Array)
#8 C:\wamp64\www\chopesgames\system\CodeIgniter.php(824): App\Controllers\AdministrateurSuper->ajouterMarque()
#9 C:\wamp64\www\chopesgames\system\CodeIgniter.php(410): CodeIgniter\CodeIgniter->runController(Object(App\Controllers\AdministrateurSuper))
#10 C:\wamp64\www\chopesgames\system\CodeIgniter.php(318): CodeIgniter\CodeIgniter->handleRequest(NULL, Object(Config\Cache), false)
#11 C:\wamp64\www\chopesgames\public\index.php(37): CodeIgniter\CodeIgniter->run()
#12 C:\wamp64\www\chopesgames\system\Commands\Server\rewrite.php(43): require_once('C:\\wamp64\\www\\c...')
#13 {main}
ERROR - 2022-03-16 18:06:18 --> Champ 'id' inconnu dans where clause
CRITICAL - 2022-03-16 18:06:18 --> Champ 'id' inconnu dans where clause
#0 C:\wamp64\www\chopesgames\system\Database\MySQLi\Connection.php(292): mysqli->query('SELECT COUNT(*)...', 0)
#1 C:\wamp64\www\chopesgames\system\Database\BaseConnection.php(670): CodeIgniter\Database\MySQLi\Connection->execute('SELECT COUNT(*)...')
#2 C:\wamp64\www\chopesgames\system\Database\BaseConnection.php(598): CodeIgniter\Database\BaseConnection->simpleQuery('SELECT COUNT(*)...')
#3 C:\wamp64\www\chopesgames\system\Database\BaseBuilder.php(1527): CodeIgniter\Database\BaseConnection->query('SELECT COUNT(*)...', Array, false)
#4 C:\wamp64\www\chopesgames\system\Model.php(509): CodeIgniter\Database\BaseBuilder->countAllResults(true)
#5 C:\wamp64\www\chopesgames\system\Model.php(592): CodeIgniter\Model->countAllResults()
#6 C:\wamp64\www\chopesgames\system\BaseModel.php(655): CodeIgniter\Model->shouldUpdate(Array)
#7 C:\wamp64\www\chopesgames\app\Controllers\AdministrateurSuper.php(274): CodeIgniter\BaseModel->save(Array)
#8 C:\wamp64\www\chopesgames\system\CodeIgniter.php(824): App\Controllers\AdministrateurSuper->ajouterMarque()
#9 C:\wamp64\www\chopesgames\system\CodeIgniter.php(410): CodeIgniter\CodeIgniter->runController(Object(App\Controllers\AdministrateurSuper))
#10 C:\wamp64\www\chopesgames\system\CodeIgniter.php(318): CodeIgniter\CodeIgniter->handleRequest(NULL, Object(Config\Cache), false)
#11 C:\wamp64\www\chopesgames\public\index.php(37): CodeIgniter\CodeIgniter->run()
#12 C:\wamp64\www\chopesgames\system\Commands\Server\rewrite.php(43): require_once('C:\\wamp64\\www\\c...')
#13 {main}
