CRITICAL - 2022-04-27 09:09:34 --> Undefined index: NOCATEGORIE
#0 C:\wamp64\www\chopesgames1\app\Views\visiteur\accueil.php(54): CodeIgniter\Debug\Exceptions->errorHandler(8, 'Undefined index...', 'C:\\wamp64\\www\\c...', 54, Array)
#1 C:\wamp64\www\chopesgames1\system\View\View.php(214): include('C:\\wamp64\\www\\c...')
#2 C:\wamp64\www\chopesgames1\system\View\View.php(217): CodeIgniter\View\View->CodeIgniter\View\{closure}()
#3 C:\wamp64\www\chopesgames1\system\Common.php(1097): CodeIgniter\View\View->render('visiteur/accuei...', Array, true)
#4 C:\wamp64\www\chopesgames1\app\Controllers\Visiteur.php(27): view('visiteur/accuei...')
#5 C:\wamp64\www\chopesgames1\system\CodeIgniter.php(824): App\Controllers\Visiteur->accueil()
#6 C:\wamp64\www\chopesgames1\system\CodeIgniter.php(410): CodeIgniter\CodeIgniter->runController(Object(App\Controllers\Visiteur))
#7 C:\wamp64\www\chopesgames1\system\CodeIgniter.php(318): CodeIgniter\CodeIgniter->handleRequest(NULL, Object(Config\Cache), false)
#8 C:\wamp64\www\chopesgames1\public\index.php(37): CodeIgniter\CodeIgniter->run()
#9 {main}
CRITICAL - 2022-04-27 09:09:43 --> Undefined index: NOCATEGORIE
#0 C:\wamp64\www\chopesgames1\app\Views\visiteur\accueil.php(54): CodeIgniter\Debug\Exceptions->errorHandler(8, 'Undefined index...', 'C:\\wamp64\\www\\c...', 54, Array)
#1 C:\wamp64\www\chopesgames1\system\View\View.php(214): include('C:\\wamp64\\www\\c...')
#2 C:\wamp64\www\chopesgames1\system\View\View.php(217): CodeIgniter\View\View->CodeIgniter\View\{closure}()
#3 C:\wamp64\www\chopesgames1\system\Common.php(1097): CodeIgniter\View\View->render('visiteur/accuei...', Array, true)
#4 C:\wamp64\www\chopesgames1\app\Controllers\Visiteur.php(27): view('visiteur/accuei...')
#5 C:\wamp64\www\chopesgames1\system\CodeIgniter.php(824): App\Controllers\Visiteur->accueil()
#6 C:\wamp64\www\chopesgames1\system\CodeIgniter.php(410): CodeIgniter\CodeIgniter->runController(Object(App\Controllers\Visiteur))
#7 C:\wamp64\www\chopesgames1\system\CodeIgniter.php(318): CodeIgniter\CodeIgniter->handleRequest(NULL, Object(Config\Cache), false)
#8 C:\wamp64\www\chopesgames1\public\index.php(37): CodeIgniter\CodeIgniter->run()
#9 {main}
CRITICAL - 2022-04-27 09:09:44 --> Undefined index: NOCATEGORIE
#0 C:\wamp64\www\chopesgames1\app\Views\visiteur\accueil.php(54): CodeIgniter\Debug\Exceptions->errorHandler(8, 'Undefined index...', 'C:\\wamp64\\www\\c...', 54, Array)
#1 C:\wamp64\www\chopesgames1\system\View\View.php(214): include('C:\\wamp64\\www\\c...')
#2 C:\wamp64\www\chopesgames1\system\View\View.php(217): CodeIgniter\View\View->CodeIgniter\View\{closure}()
#3 C:\wamp64\www\chopesgames1\system\Common.php(1097): CodeIgniter\View\View->render('visiteur/accuei...', Array, true)
#4 C:\wamp64\www\chopesgames1\app\Controllers\Visiteur.php(27): view('visiteur/accuei...')
#5 C:\wamp64\www\chopesgames1\system\CodeIgniter.php(824): App\Controllers\Visiteur->accueil()
#6 C:\wamp64\www\chopesgames1\system\CodeIgniter.php(410): CodeIgniter\CodeIgniter->runController(Object(App\Controllers\Visiteur))
#7 C:\wamp64\www\chopesgames1\system\CodeIgniter.php(318): CodeIgniter\CodeIgniter->handleRequest(NULL, Object(Config\Cache), false)
#8 C:\wamp64\www\chopesgames1\public\index.php(37): CodeIgniter\CodeIgniter->run()
#9 {main}
CRITICAL - 2022-04-27 09:09:46 --> Undefined index: NOCATEGORIE
#0 C:\wamp64\www\chopesgames1\app\Views\visiteur\accueil.php(54): CodeIgniter\Debug\Exceptions->errorHandler(8, 'Undefined index...', 'C:\\wamp64\\www\\c...', 54, Array)
#1 C:\wamp64\www\chopesgames1\system\View\View.php(214): include('C:\\wamp64\\www\\c...')
#2 C:\wamp64\www\chopesgames1\system\View\View.php(217): CodeIgniter\View\View->CodeIgniter\View\{closure}()
#3 C:\wamp64\www\chopesgames1\system\Common.php(1097): CodeIgniter\View\View->render('visiteur/accuei...', Array, true)
#4 C:\wamp64\www\chopesgames1\app\Controllers\Visiteur.php(27): view('visiteur/accuei...')
#5 C:\wamp64\www\chopesgames1\system\CodeIgniter.php(824): App\Controllers\Visiteur->accueil()
#6 C:\wamp64\www\chopesgames1\system\CodeIgniter.php(410): CodeIgniter\CodeIgniter->runController(Object(App\Controllers\Visiteur))
#7 C:\wamp64\www\chopesgames1\system\CodeIgniter.php(318): CodeIgniter\CodeIgniter->handleRequest(NULL, Object(Config\Cache), false)
#8 C:\wamp64\www\chopesgames1\public\index.php(37): CodeIgniter\CodeIgniter->run()
#9 {main}
