CRITICAL - 2022-04-21 07:35:05 --> strtolower(): Passing null to parameter #1 ($string) of type string is deprecated
#0 [internal function]: CodeIgniter\Debug\Exceptions->errorHandler(8192, 'strtolower(): P...', 'C:\\wamp64\\www\\c...', 253)
#1 C:\wamp64\www\chopesgames\system\Validation\FormatRules.php(253): strtolower(NULL)
#2 C:\wamp64\www\chopesgames\system\HTTP\RequestTrait.php(151): CodeIgniter\Validation\FormatRules->valid_ip('::1')
#3 C:\wamp64\www\chopesgames\system\Config\Services.php(570): CodeIgniter\HTTP\Request->getIPAddress()
#4 C:\wamp64\www\chopesgames\system\Config\BaseService.php(248): CodeIgniter\Config\Services::session(Object(Config\App), false)
#5 C:\wamp64\www\chopesgames\system\Config\BaseService.php(189): CodeIgniter\Config\BaseService::__callStatic('session', Array)
#6 C:\wamp64\www\chopesgames\system\Config\Services.php(563): CodeIgniter\Config\BaseService::getSharedInstance('session', NULL)
#7 C:\wamp64\www\chopesgames\system\Config\BaseService.php(248): CodeIgniter\Config\Services::session()
#8 C:\wamp64\www\chopesgames\system\Common.php(909): CodeIgniter\Config\BaseService::__callStatic('session', Array)
#9 C:\wamp64\www\chopesgames\app\Views\templates\header.php(7): session()
#10 C:\wamp64\www\chopesgames\system\View\View.php(214): include('C:\\wamp64\\www\\c...')
#11 C:\wamp64\www\chopesgames\system\View\View.php(217): CodeIgniter\View\View->CodeIgniter\View\{closure}()
#12 C:\wamp64\www\chopesgames\system\Common.php(1097): CodeIgniter\View\View->render('templates/heade...', Array, true)
#13 C:\wamp64\www\chopesgames\app\Controllers\Visiteur.php(26): view('templates/heade...', Array)
#14 C:\wamp64\www\chopesgames\system\CodeIgniter.php(824): App\Controllers\Visiteur->accueil()
#15 C:\wamp64\www\chopesgames\system\CodeIgniter.php(410): CodeIgniter\CodeIgniter->runController(Object(App\Controllers\Visiteur))
#16 C:\wamp64\www\chopesgames\system\CodeIgniter.php(318): CodeIgniter\CodeIgniter->handleRequest(NULL, Object(Config\Cache), false)
#17 C:\wamp64\www\chopesgames\public\index.php(37): CodeIgniter\CodeIgniter->run()
#18 {main}
