CRITICAL - 2022-04-01 07:51:07 --> Invalid file: AdministrateurSuper/saisiNewsletter.php
#0 C:\wamp64\www\chopesgames\system\View\View.php(198): CodeIgniter\Exceptions\FrameworkException::forInvalidFile('AdministrateurS...')
#1 C:\wamp64\www\chopesgames\system\Common.php(1097): CodeIgniter\View\View->render('AdministrateurS...', Array, true)
#2 C:\wamp64\www\chopesgames\app\Controllers\AdministrateurSuper.php(392): view('AdministrateurS...')
#3 C:\wamp64\www\chopesgames\system\CodeIgniter.php(824): App\Controllers\AdministrateurSuper->saisiNewsletter()
#4 C:\wamp64\www\chopesgames\system\CodeIgniter.php(410): CodeIgniter\CodeIgniter->runController(Object(App\Controllers\AdministrateurSuper))
#5 C:\wamp64\www\chopesgames\system\CodeIgniter.php(318): CodeIgniter\CodeIgniter->handleRequest(NULL, Object(Config\Cache), false)
#6 C:\wamp64\www\chopesgames\public\index.php(37): CodeIgniter\CodeIgniter->run()
#7 C:\wamp64\www\chopesgames\system\Commands\Server\rewrite.php(43): require_once('C:\\wamp64\\www\\c...')
#8 {main}
CRITICAL - 2022-04-01 07:52:23 --> Invalid file: AdministrateurSuper/saisiNewsletter.php
#0 C:\wamp64\www\chopesgames\system\View\View.php(198): CodeIgniter\Exceptions\FrameworkException::forInvalidFile('AdministrateurS...')
#1 C:\wamp64\www\chopesgames\system\Common.php(1097): CodeIgniter\View\View->render('AdministrateurS...', Array, true)
#2 C:\wamp64\www\chopesgames\app\Controllers\AdministrateurSuper.php(392): view('AdministrateurS...')
#3 C:\wamp64\www\chopesgames\system\CodeIgniter.php(824): App\Controllers\AdministrateurSuper->saisiNewsletter()
#4 C:\wamp64\www\chopesgames\system\CodeIgniter.php(410): CodeIgniter\CodeIgniter->runController(Object(App\Controllers\AdministrateurSuper))
#5 C:\wamp64\www\chopesgames\system\CodeIgniter.php(318): CodeIgniter\CodeIgniter->handleRequest(NULL, Object(Config\Cache), false)
#6 C:\wamp64\www\chopesgames\public\index.php(37): CodeIgniter\CodeIgniter->run()
#7 C:\wamp64\www\chopesgames\system\Commands\Server\rewrite.php(43): require_once('C:\\wamp64\\www\\c...')
#8 {main}
CRITICAL - 2022-04-01 07:54:37 --> There is no data to insert.
#0 C:\wamp64\www\chopesgames\system\BaseModel.php(718): CodeIgniter\Database\Exceptions\DataException::forEmptyDataset('insert')
#1 C:\wamp64\www\chopesgames\system\Model.php(620): CodeIgniter\BaseModel->insert(Array, false)
#2 C:\wamp64\www\chopesgames\system\BaseModel.php(658): CodeIgniter\Model->insert(Array, false)
#3 C:\wamp64\www\chopesgames\app\Controllers\AdministrateurSuper.php(402): CodeIgniter\BaseModel->save(Array)
#4 C:\wamp64\www\chopesgames\system\CodeIgniter.php(824): App\Controllers\AdministrateurSuper->saisiNewsletter()
#5 C:\wamp64\www\chopesgames\system\CodeIgniter.php(410): CodeIgniter\CodeIgniter->runController(Object(App\Controllers\AdministrateurSuper))
#6 C:\wamp64\www\chopesgames\system\CodeIgniter.php(318): CodeIgniter\CodeIgniter->handleRequest(NULL, Object(Config\Cache), false)
#7 C:\wamp64\www\chopesgames\public\index.php(37): CodeIgniter\CodeIgniter->run()
#8 C:\wamp64\www\chopesgames\system\Commands\Server\rewrite.php(43): require_once('C:\\wamp64\\www\\c...')
#9 {main}
CRITICAL - 2022-04-01 08:20:27 --> There is no data to insert.
#0 C:\wamp64\www\chopesgames\system\BaseModel.php(718): CodeIgniter\Database\Exceptions\DataException::forEmptyDataset('insert')
#1 C:\wamp64\www\chopesgames\system\Model.php(620): CodeIgniter\BaseModel->insert(Array, false)
#2 C:\wamp64\www\chopesgames\system\BaseModel.php(658): CodeIgniter\Model->insert(Array, false)
#3 C:\wamp64\www\chopesgames\app\Controllers\AdministrateurSuper.php(402): CodeIgniter\BaseModel->save(Array)
#4 C:\wamp64\www\chopesgames\system\CodeIgniter.php(824): App\Controllers\AdministrateurSuper->saisiNewsletter()
#5 C:\wamp64\www\chopesgames\system\CodeIgniter.php(410): CodeIgniter\CodeIgniter->runController(Object(App\Controllers\AdministrateurSuper))
#6 C:\wamp64\www\chopesgames\system\CodeIgniter.php(318): CodeIgniter\CodeIgniter->handleRequest(NULL, Object(Config\Cache), false)
#7 C:\wamp64\www\chopesgames\public\index.php(37): CodeIgniter\CodeIgniter->run()
#8 C:\wamp64\www\chopesgames\system\Commands\Server\rewrite.php(43): require_once('C:\\wamp64\\www\\c...')
#9 {main}
CRITICAL - 2022-04-01 08:54:06 --> There is no data to insert.
#0 C:\wamp64\www\chopesgames\system\BaseModel.php(718): CodeIgniter\Database\Exceptions\DataException::forEmptyDataset('insert')
#1 C:\wamp64\www\chopesgames\system\Model.php(620): CodeIgniter\BaseModel->insert(Array, false)
#2 C:\wamp64\www\chopesgames\system\BaseModel.php(658): CodeIgniter\Model->insert(Array, false)
#3 C:\wamp64\www\chopesgames\app\Controllers\AdministrateurSuper.php(402): CodeIgniter\BaseModel->save(Array)
#4 C:\wamp64\www\chopesgames\system\CodeIgniter.php(824): App\Controllers\AdministrateurSuper->saisiNewsletter()
#5 C:\wamp64\www\chopesgames\system\CodeIgniter.php(410): CodeIgniter\CodeIgniter->runController(Object(App\Controllers\AdministrateurSuper))
#6 C:\wamp64\www\chopesgames\system\CodeIgniter.php(318): CodeIgniter\CodeIgniter->handleRequest(NULL, Object(Config\Cache), false)
#7 C:\wamp64\www\chopesgames\public\index.php(37): CodeIgniter\CodeIgniter->run()
#8 C:\wamp64\www\chopesgames\system\Commands\Server\rewrite.php(43): require_once('C:\\wamp64\\www\\c...')
#9 {main}
CRITICAL - 2022-04-01 08:54:16 --> There is no data to insert.
#0 C:\wamp64\www\chopesgames\system\BaseModel.php(718): CodeIgniter\Database\Exceptions\DataException::forEmptyDataset('insert')
#1 C:\wamp64\www\chopesgames\system\Model.php(620): CodeIgniter\BaseModel->insert(Array, false)
#2 C:\wamp64\www\chopesgames\system\BaseModel.php(658): CodeIgniter\Model->insert(Array, false)
#3 C:\wamp64\www\chopesgames\app\Controllers\AdministrateurSuper.php(402): CodeIgniter\BaseModel->save(Array)
#4 C:\wamp64\www\chopesgames\system\CodeIgniter.php(824): App\Controllers\AdministrateurSuper->saisiNewsletter()
#5 C:\wamp64\www\chopesgames\system\CodeIgniter.php(410): CodeIgniter\CodeIgniter->runController(Object(App\Controllers\AdministrateurSuper))
#6 C:\wamp64\www\chopesgames\system\CodeIgniter.php(318): CodeIgniter\CodeIgniter->handleRequest(NULL, Object(Config\Cache), false)
#7 C:\wamp64\www\chopesgames\public\index.php(37): CodeIgniter\CodeIgniter->run()
#8 C:\wamp64\www\chopesgames\system\Commands\Server\rewrite.php(43): require_once('C:\\wamp64\\www\\c...')
#9 {main}
CRITICAL - 2022-04-01 08:55:53 --> There is no data to insert.
#0 C:\wamp64\www\chopesgames\system\BaseModel.php(718): CodeIgniter\Database\Exceptions\DataException::forEmptyDataset('insert')
#1 C:\wamp64\www\chopesgames\system\Model.php(620): CodeIgniter\BaseModel->insert(Array, true)
#2 C:\wamp64\www\chopesgames\app\Controllers\AdministrateurSuper.php(402): CodeIgniter\Model->insert(Array)
#3 C:\wamp64\www\chopesgames\system\CodeIgniter.php(824): App\Controllers\AdministrateurSuper->saisiNewsletter()
#4 C:\wamp64\www\chopesgames\system\CodeIgniter.php(410): CodeIgniter\CodeIgniter->runController(Object(App\Controllers\AdministrateurSuper))
#5 C:\wamp64\www\chopesgames\system\CodeIgniter.php(318): CodeIgniter\CodeIgniter->handleRequest(NULL, Object(Config\Cache), false)
#6 C:\wamp64\www\chopesgames\public\index.php(37): CodeIgniter\CodeIgniter->run()
#7 C:\wamp64\www\chopesgames\system\Commands\Server\rewrite.php(43): require_once('C:\\wamp64\\www\\c...')
#8 {main}
ERROR - 2022-04-01 08:59:54 --> Duplicata du champ '0' pour la clef 'PRIMARY'
CRITICAL - 2022-04-01 08:59:54 --> Duplicata du champ '0' pour la clef 'PRIMARY'
#0 C:\wamp64\www\chopesgames\system\Database\MySQLi\Connection.php(292): mysqli->query('INSERT INTO `ne...', 0)
#1 C:\wamp64\www\chopesgames\system\Database\BaseConnection.php(670): CodeIgniter\Database\MySQLi\Connection->execute('INSERT INTO `ne...')
#2 C:\wamp64\www\chopesgames\system\Database\BaseConnection.php(598): CodeIgniter\Database\BaseConnection->simpleQuery('INSERT INTO `ne...')
#3 C:\wamp64\www\chopesgames\system\Database\BaseBuilder.php(1759): CodeIgniter\Database\BaseConnection->query('INSERT INTO `ne...', Array, false)
#4 C:\wamp64\www\chopesgames\system\Model.php(239): CodeIgniter\Database\BaseBuilder->insert()
#5 C:\wamp64\www\chopesgames\system\BaseModel.php(738): CodeIgniter\Model->doInsert(Array)
#6 C:\wamp64\www\chopesgames\system\Model.php(620): CodeIgniter\BaseModel->insert(Array, false)
#7 C:\wamp64\www\chopesgames\system\BaseModel.php(658): CodeIgniter\Model->insert(Array, false)
#8 C:\wamp64\www\chopesgames\app\Controllers\AdministrateurSuper.php(405): CodeIgniter\BaseModel->save(Array)
#9 C:\wamp64\www\chopesgames\system\CodeIgniter.php(824): App\Controllers\AdministrateurSuper->saisiNewsletter()
#10 C:\wamp64\www\chopesgames\system\CodeIgniter.php(410): CodeIgniter\CodeIgniter->runController(Object(App\Controllers\AdministrateurSuper))
#11 C:\wamp64\www\chopesgames\system\CodeIgniter.php(318): CodeIgniter\CodeIgniter->handleRequest(NULL, Object(Config\Cache), false)
#12 C:\wamp64\www\chopesgames\public\index.php(37): CodeIgniter\CodeIgniter->run()
#13 C:\wamp64\www\chopesgames\system\Commands\Server\rewrite.php(43): require_once('C:\\wamp64\\www\\c...')
#14 {main}
ERROR - 2022-04-01 09:00:10 --> Duplicata du champ '0' pour la clef 'PRIMARY'
CRITICAL - 2022-04-01 09:00:10 --> Duplicata du champ '0' pour la clef 'PRIMARY'
#0 C:\wamp64\www\chopesgames\system\Database\MySQLi\Connection.php(292): mysqli->query('INSERT INTO `ne...', 0)
#1 C:\wamp64\www\chopesgames\system\Database\BaseConnection.php(670): CodeIgniter\Database\MySQLi\Connection->execute('INSERT INTO `ne...')
#2 C:\wamp64\www\chopesgames\system\Database\BaseConnection.php(598): CodeIgniter\Database\BaseConnection->simpleQuery('INSERT INTO `ne...')
#3 C:\wamp64\www\chopesgames\system\Database\BaseBuilder.php(1759): CodeIgniter\Database\BaseConnection->query('INSERT INTO `ne...', Array, false)
#4 C:\wamp64\www\chopesgames\system\Model.php(239): CodeIgniter\Database\BaseBuilder->insert()
#5 C:\wamp64\www\chopesgames\system\BaseModel.php(738): CodeIgniter\Model->doInsert(Array)
#6 C:\wamp64\www\chopesgames\system\Model.php(620): CodeIgniter\BaseModel->insert(Array, false)
#7 C:\wamp64\www\chopesgames\system\BaseModel.php(658): CodeIgniter\Model->insert(Array, false)
#8 C:\wamp64\www\chopesgames\app\Controllers\AdministrateurSuper.php(405): CodeIgniter\BaseModel->save(Array)
#9 C:\wamp64\www\chopesgames\system\CodeIgniter.php(824): App\Controllers\AdministrateurSuper->saisiNewsletter()
#10 C:\wamp64\www\chopesgames\system\CodeIgniter.php(410): CodeIgniter\CodeIgniter->runController(Object(App\Controllers\AdministrateurSuper))
#11 C:\wamp64\www\chopesgames\system\CodeIgniter.php(318): CodeIgniter\CodeIgniter->handleRequest(NULL, Object(Config\Cache), false)
#12 C:\wamp64\www\chopesgames\public\index.php(37): CodeIgniter\CodeIgniter->run()
#13 C:\wamp64\www\chopesgames\system\Commands\Server\rewrite.php(43): require_once('C:\\wamp64\\www\\c...')
#14 {main}
ERROR - 2022-04-01 09:01:20 --> Duplicata du champ '0' pour la clef 'PRIMARY'
CRITICAL - 2022-04-01 09:01:20 --> Duplicata du champ '0' pour la clef 'PRIMARY'
#0 C:\wamp64\www\chopesgames\system\Database\MySQLi\Connection.php(292): mysqli->query('INSERT INTO `ne...', 0)
#1 C:\wamp64\www\chopesgames\system\Database\BaseConnection.php(670): CodeIgniter\Database\MySQLi\Connection->execute('INSERT INTO `ne...')
#2 C:\wamp64\www\chopesgames\system\Database\BaseConnection.php(598): CodeIgniter\Database\BaseConnection->simpleQuery('INSERT INTO `ne...')
#3 C:\wamp64\www\chopesgames\system\Database\BaseBuilder.php(1759): CodeIgniter\Database\BaseConnection->query('INSERT INTO `ne...', Array, false)
#4 C:\wamp64\www\chopesgames\system\Model.php(239): CodeIgniter\Database\BaseBuilder->insert()
#5 C:\wamp64\www\chopesgames\system\BaseModel.php(738): CodeIgniter\Model->doInsert(Array)
#6 C:\wamp64\www\chopesgames\system\Model.php(620): CodeIgniter\BaseModel->insert(Array, false)
#7 C:\wamp64\www\chopesgames\system\BaseModel.php(658): CodeIgniter\Model->insert(Array, false)
#8 C:\wamp64\www\chopesgames\app\Controllers\AdministrateurSuper.php(405): CodeIgniter\BaseModel->save(Array)
#9 C:\wamp64\www\chopesgames\system\CodeIgniter.php(824): App\Controllers\AdministrateurSuper->saisiNewsletter()
#10 C:\wamp64\www\chopesgames\system\CodeIgniter.php(410): CodeIgniter\CodeIgniter->runController(Object(App\Controllers\AdministrateurSuper))
#11 C:\wamp64\www\chopesgames\system\CodeIgniter.php(318): CodeIgniter\CodeIgniter->handleRequest(NULL, Object(Config\Cache), false)
#12 C:\wamp64\www\chopesgames\public\index.php(37): CodeIgniter\CodeIgniter->run()
#13 C:\wamp64\www\chopesgames\system\Commands\Server\rewrite.php(43): require_once('C:\\wamp64\\www\\c...')
#14 {main}
ERROR - 2022-04-01 09:03:58 --> Duplicata du champ '0' pour la clef 'PRIMARY'
CRITICAL - 2022-04-01 09:03:58 --> Duplicata du champ '0' pour la clef 'PRIMARY'
#0 C:\wamp64\www\chopesgames\system\Database\MySQLi\Connection.php(292): mysqli->query('INSERT INTO `ne...', 0)
#1 C:\wamp64\www\chopesgames\system\Database\BaseConnection.php(670): CodeIgniter\Database\MySQLi\Connection->execute('INSERT INTO `ne...')
#2 C:\wamp64\www\chopesgames\system\Database\BaseConnection.php(598): CodeIgniter\Database\BaseConnection->simpleQuery('INSERT INTO `ne...')
#3 C:\wamp64\www\chopesgames\system\Database\BaseBuilder.php(1759): CodeIgniter\Database\BaseConnection->query('INSERT INTO `ne...', Array, false)
#4 C:\wamp64\www\chopesgames\system\Model.php(239): CodeIgniter\Database\BaseBuilder->insert()
#5 C:\wamp64\www\chopesgames\system\BaseModel.php(738): CodeIgniter\Model->doInsert(Array)
#6 C:\wamp64\www\chopesgames\system\Model.php(620): CodeIgniter\BaseModel->insert(Array, false)
#7 C:\wamp64\www\chopesgames\system\BaseModel.php(658): CodeIgniter\Model->insert(Array, false)
#8 C:\wamp64\www\chopesgames\app\Controllers\AdministrateurSuper.php(405): CodeIgniter\BaseModel->save(Array)
#9 C:\wamp64\www\chopesgames\system\CodeIgniter.php(824): App\Controllers\AdministrateurSuper->saisiNewsletter()
#10 C:\wamp64\www\chopesgames\system\CodeIgniter.php(410): CodeIgniter\CodeIgniter->runController(Object(App\Controllers\AdministrateurSuper))
#11 C:\wamp64\www\chopesgames\system\CodeIgniter.php(318): CodeIgniter\CodeIgniter->handleRequest(NULL, Object(Config\Cache), false)
#12 C:\wamp64\www\chopesgames\public\index.php(37): CodeIgniter\CodeIgniter->run()
#13 C:\wamp64\www\chopesgames\system\Commands\Server\rewrite.php(43): require_once('C:\\wamp64\\www\\c...')
#14 {main}
ERROR - 2022-04-01 09:07:02 --> Duplicata du champ '0' pour la clef 'PRIMARY'
CRITICAL - 2022-04-01 09:07:02 --> Duplicata du champ '0' pour la clef 'PRIMARY'
#0 C:\wamp64\www\chopesgames\system\Database\MySQLi\Connection.php(292): mysqli->query('INSERT INTO `ne...', 0)
#1 C:\wamp64\www\chopesgames\system\Database\BaseConnection.php(670): CodeIgniter\Database\MySQLi\Connection->execute('INSERT INTO `ne...')
#2 C:\wamp64\www\chopesgames\system\Database\BaseConnection.php(598): CodeIgniter\Database\BaseConnection->simpleQuery('INSERT INTO `ne...')
#3 C:\wamp64\www\chopesgames\system\Database\BaseBuilder.php(1759): CodeIgniter\Database\BaseConnection->query('INSERT INTO `ne...', Array, false)
#4 C:\wamp64\www\chopesgames\system\Model.php(239): CodeIgniter\Database\BaseBuilder->insert()
#5 C:\wamp64\www\chopesgames\system\BaseModel.php(738): CodeIgniter\Model->doInsert(Array)
#6 C:\wamp64\www\chopesgames\system\Model.php(620): CodeIgniter\BaseModel->insert(Array, false)
#7 C:\wamp64\www\chopesgames\system\BaseModel.php(658): CodeIgniter\Model->insert(Array, false)
#8 C:\wamp64\www\chopesgames\app\Controllers\AdministrateurSuper.php(405): CodeIgniter\BaseModel->save(Array)
#9 C:\wamp64\www\chopesgames\system\CodeIgniter.php(824): App\Controllers\AdministrateurSuper->saisiNewsletter()
#10 C:\wamp64\www\chopesgames\system\CodeIgniter.php(410): CodeIgniter\CodeIgniter->runController(Object(App\Controllers\AdministrateurSuper))
#11 C:\wamp64\www\chopesgames\system\CodeIgniter.php(318): CodeIgniter\CodeIgniter->handleRequest(NULL, Object(Config\Cache), false)
#12 C:\wamp64\www\chopesgames\public\index.php(37): CodeIgniter\CodeIgniter->run()
#13 C:\wamp64\www\chopesgames\system\Commands\Server\rewrite.php(43): require_once('C:\\wamp64\\www\\c...')
#14 {main}
ERROR - 2022-04-01 09:08:17 --> Duplicata du champ '0' pour la clef 'PRIMARY'
CRITICAL - 2022-04-01 09:08:17 --> Duplicata du champ '0' pour la clef 'PRIMARY'
#0 C:\wamp64\www\chopesgames\system\Database\MySQLi\Connection.php(292): mysqli->query('INSERT INTO `ne...', 0)
#1 C:\wamp64\www\chopesgames\system\Database\BaseConnection.php(670): CodeIgniter\Database\MySQLi\Connection->execute('INSERT INTO `ne...')
#2 C:\wamp64\www\chopesgames\system\Database\BaseConnection.php(598): CodeIgniter\Database\BaseConnection->simpleQuery('INSERT INTO `ne...')
#3 C:\wamp64\www\chopesgames\system\Database\BaseBuilder.php(1759): CodeIgniter\Database\BaseConnection->query('INSERT INTO `ne...', Array, false)
#4 C:\wamp64\www\chopesgames\system\Model.php(239): CodeIgniter\Database\BaseBuilder->insert()
#5 C:\wamp64\www\chopesgames\system\BaseModel.php(738): CodeIgniter\Model->doInsert(Array)
#6 C:\wamp64\www\chopesgames\system\Model.php(620): CodeIgniter\BaseModel->insert(Array, false)
#7 C:\wamp64\www\chopesgames\system\BaseModel.php(658): CodeIgniter\Model->insert(Array, false)
#8 C:\wamp64\www\chopesgames\app\Controllers\AdministrateurSuper.php(405): CodeIgniter\BaseModel->save(Array)
#9 C:\wamp64\www\chopesgames\system\CodeIgniter.php(824): App\Controllers\AdministrateurSuper->saisiNewsletter()
#10 C:\wamp64\www\chopesgames\system\CodeIgniter.php(410): CodeIgniter\CodeIgniter->runController(Object(App\Controllers\AdministrateurSuper))
#11 C:\wamp64\www\chopesgames\system\CodeIgniter.php(318): CodeIgniter\CodeIgniter->handleRequest(NULL, Object(Config\Cache), false)
#12 C:\wamp64\www\chopesgames\public\index.php(37): CodeIgniter\CodeIgniter->run()
#13 C:\wamp64\www\chopesgames\system\Commands\Server\rewrite.php(43): require_once('C:\\wamp64\\www\\c...')
#14 {main}
ERROR - 2022-04-01 09:09:16 --> Duplicata du champ '0' pour la clef 'PRIMARY'
CRITICAL - 2022-04-01 09:09:16 --> Duplicata du champ '0' pour la clef 'PRIMARY'
#0 C:\wamp64\www\chopesgames\system\Database\MySQLi\Connection.php(292): mysqli->query('INSERT INTO `ne...', 0)
#1 C:\wamp64\www\chopesgames\system\Database\BaseConnection.php(670): CodeIgniter\Database\MySQLi\Connection->execute('INSERT INTO `ne...')
#2 C:\wamp64\www\chopesgames\system\Database\BaseConnection.php(598): CodeIgniter\Database\BaseConnection->simpleQuery('INSERT INTO `ne...')
#3 C:\wamp64\www\chopesgames\system\Database\BaseBuilder.php(1759): CodeIgniter\Database\BaseConnection->query('INSERT INTO `ne...', Array, false)
#4 C:\wamp64\www\chopesgames\system\Model.php(239): CodeIgniter\Database\BaseBuilder->insert()
#5 C:\wamp64\www\chopesgames\system\BaseModel.php(738): CodeIgniter\Model->doInsert(Array)
#6 C:\wamp64\www\chopesgames\system\Model.php(620): CodeIgniter\BaseModel->insert(Array, false)
#7 C:\wamp64\www\chopesgames\system\BaseModel.php(658): CodeIgniter\Model->insert(Array, false)
#8 C:\wamp64\www\chopesgames\app\Controllers\AdministrateurSuper.php(405): CodeIgniter\BaseModel->save(Array)
#9 C:\wamp64\www\chopesgames\system\CodeIgniter.php(824): App\Controllers\AdministrateurSuper->saisiNewsletter()
#10 C:\wamp64\www\chopesgames\system\CodeIgniter.php(410): CodeIgniter\CodeIgniter->runController(Object(App\Controllers\AdministrateurSuper))
#11 C:\wamp64\www\chopesgames\system\CodeIgniter.php(318): CodeIgniter\CodeIgniter->handleRequest(NULL, Object(Config\Cache), false)
#12 C:\wamp64\www\chopesgames\public\index.php(37): CodeIgniter\CodeIgniter->run()
#13 C:\wamp64\www\chopesgames\system\Commands\Server\rewrite.php(43): require_once('C:\\wamp64\\www\\c...')
#14 {main}
CRITICAL - 2022-04-01 09:36:15 --> Undefined index: objet
#0 C:\wamp64\www\chopesgames\app\Controllers\AdministrateurSuper.php(422): CodeIgniter\Debug\Exceptions->errorHandler(8, 'Undefined index...', 'C:\\wamp64\\www\\c...', 422, Array)
#1 C:\wamp64\www\chopesgames\app\Controllers\AdministrateurSuper.php(406): App\Controllers\AdministrateurSuper->sendEmail(4)
#2 C:\wamp64\www\chopesgames\system\CodeIgniter.php(824): App\Controllers\AdministrateurSuper->saisiNewsletter()
#3 C:\wamp64\www\chopesgames\system\CodeIgniter.php(410): CodeIgniter\CodeIgniter->runController(Object(App\Controllers\AdministrateurSuper))
#4 C:\wamp64\www\chopesgames\system\CodeIgniter.php(318): CodeIgniter\CodeIgniter->handleRequest(NULL, Object(Config\Cache), false)
#5 C:\wamp64\www\chopesgames\public\index.php(37): CodeIgniter\CodeIgniter->run()
#6 C:\wamp64\www\chopesgames\system\Commands\Server\rewrite.php(43): require_once('C:\\wamp64\\www\\c...')
#7 {main}
