CRITICAL - 2022-04-28 04:54:36 --> Undefined variable: marques
#0 C:\wamp64\www\chopesgames1\app\Views\visiteur\listerProduits.php(55): CodeIgniter\Debug\Exceptions->errorHandler(8, 'Undefined varia...', 'C:\\wamp64\\www\\c...', 55, Array)
#1 C:\wamp64\www\chopesgames1\system\View\View.php(214): include('C:\\wamp64\\www\\c...')
#2 C:\wamp64\www\chopesgames1\system\View\View.php(217): CodeIgniter\View\View->CodeIgniter\View\{closure}()
#3 C:\wamp64\www\chopesgames1\system\Common.php(1097): CodeIgniter\View\View->render('visiteur/lister...', Array, true)
#4 C:\wamp64\www\chopesgames1\app\Controllers\Visiteur.php(96): view('visiteur/lister...')
#5 C:\wamp64\www\chopesgames1\system\CodeIgniter.php(824): App\Controllers\Visiteur->listerProduitsCategorie('11')
#6 C:\wamp64\www\chopesgames1\system\CodeIgniter.php(410): CodeIgniter\CodeIgniter->runController(Object(App\Controllers\Visiteur))
#7 C:\wamp64\www\chopesgames1\system\CodeIgniter.php(318): CodeIgniter\CodeIgniter->handleRequest(NULL, Object(Config\Cache), false)
#8 C:\wamp64\www\chopesgames1\public\index.php(37): CodeIgniter\CodeIgniter->run()
#9 {main}
CRITICAL - 2022-04-28 04:54:40 --> Undefined variable: marques
#0 C:\wamp64\www\chopesgames1\app\Views\visiteur\listerProduits.php(55): CodeIgniter\Debug\Exceptions->errorHandler(8, 'Undefined varia...', 'C:\\wamp64\\www\\c...', 55, Array)
#1 C:\wamp64\www\chopesgames1\system\View\View.php(214): include('C:\\wamp64\\www\\c...')
#2 C:\wamp64\www\chopesgames1\system\View\View.php(217): CodeIgniter\View\View->CodeIgniter\View\{closure}()
#3 C:\wamp64\www\chopesgames1\system\Common.php(1097): CodeIgniter\View\View->render('visiteur/lister...', Array, true)
#4 C:\wamp64\www\chopesgames1\app\Controllers\Visiteur.php(96): view('visiteur/lister...')
#5 C:\wamp64\www\chopesgames1\system\CodeIgniter.php(824): App\Controllers\Visiteur->listerProduitsCategorie('11')
#6 C:\wamp64\www\chopesgames1\system\CodeIgniter.php(410): CodeIgniter\CodeIgniter->runController(Object(App\Controllers\Visiteur))
#7 C:\wamp64\www\chopesgames1\system\CodeIgniter.php(318): CodeIgniter\CodeIgniter->handleRequest(NULL, Object(Config\Cache), false)
#8 C:\wamp64\www\chopesgames1\public\index.php(37): CodeIgniter\CodeIgniter->run()
#9 {main}
CRITICAL - 2022-04-28 04:54:48 --> Undefined variable: marques
#0 C:\wamp64\www\chopesgames1\app\Views\visiteur\listerProduits.php(55): CodeIgniter\Debug\Exceptions->errorHandler(8, 'Undefined varia...', 'C:\\wamp64\\www\\c...', 55, Array)
#1 C:\wamp64\www\chopesgames1\system\View\View.php(214): include('C:\\wamp64\\www\\c...')
#2 C:\wamp64\www\chopesgames1\system\View\View.php(217): CodeIgniter\View\View->CodeIgniter\View\{closure}()
#3 C:\wamp64\www\chopesgames1\system\Common.php(1097): CodeIgniter\View\View->render('visiteur/lister...', Array, true)
#4 C:\wamp64\www\chopesgames1\app\Controllers\Visiteur.php(96): view('visiteur/lister...')
#5 C:\wamp64\www\chopesgames1\system\CodeIgniter.php(824): App\Controllers\Visiteur->listerProduitsCategorie('16')
#6 C:\wamp64\www\chopesgames1\system\CodeIgniter.php(410): CodeIgniter\CodeIgniter->runController(Object(App\Controllers\Visiteur))
#7 C:\wamp64\www\chopesgames1\system\CodeIgniter.php(318): CodeIgniter\CodeIgniter->handleRequest(NULL, Object(Config\Cache), false)
#8 C:\wamp64\www\chopesgames1\public\index.php(37): CodeIgniter\CodeIgniter->run()
#9 {main}
CRITICAL - 2022-04-28 04:54:59 --> Undefined variable: marques
#0 C:\wamp64\www\chopesgames1\app\Views\visiteur\listerProduits.php(55): CodeIgniter\Debug\Exceptions->errorHandler(8, 'Undefined varia...', 'C:\\wamp64\\www\\c...', 55, Array)
#1 C:\wamp64\www\chopesgames1\system\View\View.php(214): include('C:\\wamp64\\www\\c...')
#2 C:\wamp64\www\chopesgames1\system\View\View.php(217): CodeIgniter\View\View->CodeIgniter\View\{closure}()
#3 C:\wamp64\www\chopesgames1\system\Common.php(1097): CodeIgniter\View\View->render('visiteur/lister...', Array, true)
#4 C:\wamp64\www\chopesgames1\app\Controllers\Visiteur.php(96): view('visiteur/lister...')
#5 C:\wamp64\www\chopesgames1\system\CodeIgniter.php(824): App\Controllers\Visiteur->listerProduitsCategorie('4')
#6 C:\wamp64\www\chopesgames1\system\CodeIgniter.php(410): CodeIgniter\CodeIgniter->runController(Object(App\Controllers\Visiteur))
#7 C:\wamp64\www\chopesgames1\system\CodeIgniter.php(318): CodeIgniter\CodeIgniter->handleRequest(NULL, Object(Config\Cache), false)
#8 C:\wamp64\www\chopesgames1\public\index.php(37): CodeIgniter\CodeIgniter->run()
#9 {main}
CRITICAL - 2022-04-28 04:55:35 --> Undefined variable: marques
#0 C:\wamp64\www\chopesgames1\app\Views\visiteur\listerProduits.php(55): CodeIgniter\Debug\Exceptions->errorHandler(8, 'Undefined varia...', 'C:\\wamp64\\www\\c...', 55, Array)
#1 C:\wamp64\www\chopesgames1\system\View\View.php(214): include('C:\\wamp64\\www\\c...')
#2 C:\wamp64\www\chopesgames1\system\View\View.php(217): CodeIgniter\View\View->CodeIgniter\View\{closure}()
#3 C:\wamp64\www\chopesgames1\system\Common.php(1097): CodeIgniter\View\View->render('visiteur/lister...', Array, true)
#4 C:\wamp64\www\chopesgames1\app\Controllers\Visiteur.php(96): view('visiteur/lister...')
#5 C:\wamp64\www\chopesgames1\system\CodeIgniter.php(824): App\Controllers\Visiteur->listerProduitsCategorie('11')
#6 C:\wamp64\www\chopesgames1\system\CodeIgniter.php(410): CodeIgniter\CodeIgniter->runController(Object(App\Controllers\Visiteur))
#7 C:\wamp64\www\chopesgames1\system\CodeIgniter.php(318): CodeIgniter\CodeIgniter->handleRequest(NULL, Object(Config\Cache), false)
#8 C:\wamp64\www\chopesgames1\public\index.php(37): CodeIgniter\CodeIgniter->run()
#9 {main}
CRITICAL - 2022-04-28 04:56:41 --> Undefined variable: marques
#0 C:\wamp64\www\chopesgames1\app\Views\visiteur\listerProduits.php(55): CodeIgniter\Debug\Exceptions->errorHandler(8, 'Undefined varia...', 'C:\\wamp64\\www\\c...', 55, Array)
#1 C:\wamp64\www\chopesgames1\system\View\View.php(214): include('C:\\wamp64\\www\\c...')
#2 C:\wamp64\www\chopesgames1\system\View\View.php(217): CodeIgniter\View\View->CodeIgniter\View\{closure}()
#3 C:\wamp64\www\chopesgames1\system\Common.php(1097): CodeIgniter\View\View->render('visiteur/lister...', Array, true)
#4 C:\wamp64\www\chopesgames1\app\Controllers\Visiteur.php(96): view('visiteur/lister...')
#5 C:\wamp64\www\chopesgames1\system\CodeIgniter.php(824): App\Controllers\Visiteur->listerProduitsCategorie('11')
#6 C:\wamp64\www\chopesgames1\system\CodeIgniter.php(410): CodeIgniter\CodeIgniter->runController(Object(App\Controllers\Visiteur))
#7 C:\wamp64\www\chopesgames1\system\CodeIgniter.php(318): CodeIgniter\CodeIgniter->handleRequest(NULL, Object(Config\Cache), false)
#8 C:\wamp64\www\chopesgames1\public\index.php(37): CodeIgniter\CodeIgniter->run()
#9 {main}
CRITICAL - 2022-04-28 04:58:28 --> Undefined variable: marques
#0 C:\wamp64\www\chopesgames1\app\Views\visiteur\listerProduits.php(55): CodeIgniter\Debug\Exceptions->errorHandler(8, 'Undefined varia...', 'C:\\wamp64\\www\\c...', 55, Array)
#1 C:\wamp64\www\chopesgames1\system\View\View.php(214): include('C:\\wamp64\\www\\c...')
#2 C:\wamp64\www\chopesgames1\system\View\View.php(217): CodeIgniter\View\View->CodeIgniter\View\{closure}()
#3 C:\wamp64\www\chopesgames1\system\Common.php(1097): CodeIgniter\View\View->render('visiteur/lister...', Array, true)
#4 C:\wamp64\www\chopesgames1\app\Controllers\Visiteur.php(96): view('visiteur/lister...')
#5 C:\wamp64\www\chopesgames1\system\CodeIgniter.php(824): App\Controllers\Visiteur->listerProduitsCategorie('4')
#6 C:\wamp64\www\chopesgames1\system\CodeIgniter.php(410): CodeIgniter\CodeIgniter->runController(Object(App\Controllers\Visiteur))
#7 C:\wamp64\www\chopesgames1\system\CodeIgniter.php(318): CodeIgniter\CodeIgniter->handleRequest(NULL, Object(Config\Cache), false)
#8 C:\wamp64\www\chopesgames1\public\index.php(37): CodeIgniter\CodeIgniter->run()
#9 {main}
CRITICAL - 2022-04-28 06:14:27 --> Invalid file: welcomeMessage.php
#0 C:\wamp64\www\chopesgames1\system\View\View.php(198): CodeIgniter\Exceptions\FrameworkException::forInvalidFile('welcomeMessage....')
#1 C:\wamp64\www\chopesgames1\system\Common.php(1097): CodeIgniter\View\View->render('welcomeMessage', Array, true)
#2 C:\wamp64\www\chopesgames1\app\Controllers\Home.php(9): view('welcomeMessage')
#3 C:\wamp64\www\chopesgames1\system\CodeIgniter.php(824): App\Controllers\Home->index()
#4 C:\wamp64\www\chopesgames1\system\CodeIgniter.php(410): CodeIgniter\CodeIgniter->runController(Object(App\Controllers\Home))
#5 C:\wamp64\www\chopesgames1\system\CodeIgniter.php(318): CodeIgniter\CodeIgniter->handleRequest(NULL, Object(Config\Cache), false)
#6 C:\wamp64\www\chopesgames1\public\index.php(37): CodeIgniter\CodeIgniter->run()
#7 {main}
CRITICAL - 2022-04-28 06:14:56 --> Invalid file: welcomeMessage.php
#0 C:\wamp64\www\chopesgames1\system\View\View.php(198): CodeIgniter\Exceptions\FrameworkException::forInvalidFile('welcomeMessage....')
#1 C:\wamp64\www\chopesgames1\system\Common.php(1097): CodeIgniter\View\View->render('welcomeMessage', Array, true)
#2 C:\wamp64\www\chopesgames1\app\Controllers\Home.php(9): view('welcomeMessage')
#3 C:\wamp64\www\chopesgames1\system\CodeIgniter.php(824): App\Controllers\Home->index()
#4 C:\wamp64\www\chopesgames1\system\CodeIgniter.php(410): CodeIgniter\CodeIgniter->runController(Object(App\Controllers\Home))
#5 C:\wamp64\www\chopesgames1\system\CodeIgniter.php(318): CodeIgniter\CodeIgniter->handleRequest(NULL, Object(Config\Cache), false)
#6 C:\wamp64\www\chopesgames1\public\index.php(37): CodeIgniter\CodeIgniter->run()
#7 {main}
CRITICAL - 2022-04-28 06:15:30 --> Invalid file: welcomeMessage.php
#0 C:\wamp64\www\chopesgames1\system\View\View.php(198): CodeIgniter\Exceptions\FrameworkException::forInvalidFile('welcomeMessage....')
#1 C:\wamp64\www\chopesgames1\system\Common.php(1097): CodeIgniter\View\View->render('welcomeMessage', Array, true)
#2 C:\wamp64\www\chopesgames1\app\Controllers\Home.php(9): view('welcomeMessage')
#3 C:\wamp64\www\chopesgames1\system\CodeIgniter.php(824): App\Controllers\Home->index()
#4 C:\wamp64\www\chopesgames1\system\CodeIgniter.php(410): CodeIgniter\CodeIgniter->runController(Object(App\Controllers\Home))
#5 C:\wamp64\www\chopesgames1\system\CodeIgniter.php(318): CodeIgniter\CodeIgniter->handleRequest(NULL, Object(Config\Cache), false)
#6 C:\wamp64\www\chopesgames1\public\index.php(37): CodeIgniter\CodeIgniter->run()
#7 {main}
CRITICAL - 2022-04-28 06:39:16 --> Undefined variable: marques
#0 C:\wamp64\www\chopesgames1\app\Views\visiteur\listerProduits.php(58): CodeIgniter\Debug\Exceptions->errorHandler(8, 'Undefined varia...', 'C:\\wamp64\\www\\c...', 58, Array)
#1 C:\wamp64\www\chopesgames1\system\View\View.php(214): include('C:\\wamp64\\www\\c...')
#2 C:\wamp64\www\chopesgames1\system\View\View.php(217): CodeIgniter\View\View->CodeIgniter\View\{closure}()
#3 C:\wamp64\www\chopesgames1\system\Common.php(1097): CodeIgniter\View\View->render('visiteur/lister...', Array, true)
#4 C:\wamp64\www\chopesgames1\app\Controllers\Visiteur.php(96): view('visiteur/lister...')
#5 C:\wamp64\www\chopesgames1\system\CodeIgniter.php(824): App\Controllers\Visiteur->listerProduitsCategorie('4')
#6 C:\wamp64\www\chopesgames1\system\CodeIgniter.php(410): CodeIgniter\CodeIgniter->runController(Object(App\Controllers\Visiteur))
#7 C:\wamp64\www\chopesgames1\system\CodeIgniter.php(318): CodeIgniter\CodeIgniter->handleRequest(NULL, Object(Config\Cache), false)
#8 C:\wamp64\www\chopesgames1\public\index.php(37): CodeIgniter\CodeIgniter->run()
#9 {main}
CRITICAL - 2022-04-28 07:38:51 --> Undefined index: NOMMARQUE
#0 C:\wamp64\www\chopesgames1\app\Views\visiteur\listerProduits.php(18): CodeIgniter\Debug\Exceptions->errorHandler(8, 'Undefined index...', 'C:\\wamp64\\www\\c...', 18, Array)
#1 C:\wamp64\www\chopesgames1\system\View\View.php(214): include('C:\\wamp64\\www\\c...')
#2 C:\wamp64\www\chopesgames1\system\View\View.php(217): CodeIgniter\View\View->CodeIgniter\View\{closure}()
#3 C:\wamp64\www\chopesgames1\system\Common.php(1097): CodeIgniter\View\View->render('visiteur/lister...', Array, true)
#4 C:\wamp64\www\chopesgames1\app\Controllers\Visiteur.php(50): view('visiteur/lister...')
#5 C:\wamp64\www\chopesgames1\system\CodeIgniter.php(824): App\Controllers\Visiteur->listerProduits()
#6 C:\wamp64\www\chopesgames1\system\CodeIgniter.php(410): CodeIgniter\CodeIgniter->runController(Object(App\Controllers\Visiteur))
#7 C:\wamp64\www\chopesgames1\system\CodeIgniter.php(318): CodeIgniter\CodeIgniter->handleRequest(NULL, Object(Config\Cache), false)
#8 C:\wamp64\www\chopesgames1\public\index.php(37): CodeIgniter\CodeIgniter->run()
#9 {main}
CRITICAL - 2022-04-28 07:39:02 --> Undefined index: NOMMARQUE
#0 C:\wamp64\www\chopesgames1\app\Views\visiteur\listerProduits.php(18): CodeIgniter\Debug\Exceptions->errorHandler(8, 'Undefined index...', 'C:\\wamp64\\www\\c...', 18, Array)
#1 C:\wamp64\www\chopesgames1\system\View\View.php(214): include('C:\\wamp64\\www\\c...')
#2 C:\wamp64\www\chopesgames1\system\View\View.php(217): CodeIgniter\View\View->CodeIgniter\View\{closure}()
#3 C:\wamp64\www\chopesgames1\system\Common.php(1097): CodeIgniter\View\View->render('visiteur/lister...', Array, true)
#4 C:\wamp64\www\chopesgames1\app\Controllers\Visiteur.php(50): view('visiteur/lister...')
#5 C:\wamp64\www\chopesgames1\system\CodeIgniter.php(824): App\Controllers\Visiteur->listerProduits()
#6 C:\wamp64\www\chopesgames1\system\CodeIgniter.php(410): CodeIgniter\CodeIgniter->runController(Object(App\Controllers\Visiteur))
#7 C:\wamp64\www\chopesgames1\system\CodeIgniter.php(318): CodeIgniter\CodeIgniter->handleRequest(NULL, Object(Config\Cache), false)
#8 C:\wamp64\www\chopesgames1\public\index.php(37): CodeIgniter\CodeIgniter->run()
#9 {main}
CRITICAL - 2022-04-28 07:41:57 --> Undefined index: NOMMARQUE
#0 C:\wamp64\www\chopesgames1\app\Views\visiteur\listerProduits.php(18): CodeIgniter\Debug\Exceptions->errorHandler(8, 'Undefined index...', 'C:\\wamp64\\www\\c...', 18, Array)
#1 C:\wamp64\www\chopesgames1\system\View\View.php(214): include('C:\\wamp64\\www\\c...')
#2 C:\wamp64\www\chopesgames1\system\View\View.php(217): CodeIgniter\View\View->CodeIgniter\View\{closure}()
#3 C:\wamp64\www\chopesgames1\system\Common.php(1097): CodeIgniter\View\View->render('visiteur/lister...', Array, true)
#4 C:\wamp64\www\chopesgames1\app\Controllers\Visiteur.php(50): view('visiteur/lister...')
#5 C:\wamp64\www\chopesgames1\system\CodeIgniter.php(824): App\Controllers\Visiteur->listerProduits()
#6 C:\wamp64\www\chopesgames1\system\CodeIgniter.php(410): CodeIgniter\CodeIgniter->runController(Object(App\Controllers\Visiteur))
#7 C:\wamp64\www\chopesgames1\system\CodeIgniter.php(318): CodeIgniter\CodeIgniter->handleRequest(NULL, Object(Config\Cache), false)
#8 C:\wamp64\www\chopesgames1\public\index.php(37): CodeIgniter\CodeIgniter->run()
#9 {main}
CRITICAL - 2022-04-28 07:43:09 --> Undefined index: NOMMARQUE
#0 C:\wamp64\www\chopesgames1\app\Views\visiteur\listerProduits.php(18): CodeIgniter\Debug\Exceptions->errorHandler(8, 'Undefined index...', 'C:\\wamp64\\www\\c...', 18, Array)
#1 C:\wamp64\www\chopesgames1\system\View\View.php(214): include('C:\\wamp64\\www\\c...')
#2 C:\wamp64\www\chopesgames1\system\View\View.php(217): CodeIgniter\View\View->CodeIgniter\View\{closure}()
#3 C:\wamp64\www\chopesgames1\system\Common.php(1097): CodeIgniter\View\View->render('visiteur/lister...', Array, true)
#4 C:\wamp64\www\chopesgames1\app\Controllers\Visiteur.php(50): view('visiteur/lister...')
#5 C:\wamp64\www\chopesgames1\system\CodeIgniter.php(824): App\Controllers\Visiteur->listerProduits()
#6 C:\wamp64\www\chopesgames1\system\CodeIgniter.php(410): CodeIgniter\CodeIgniter->runController(Object(App\Controllers\Visiteur))
#7 C:\wamp64\www\chopesgames1\system\CodeIgniter.php(318): CodeIgniter\CodeIgniter->handleRequest(NULL, Object(Config\Cache), false)
#8 C:\wamp64\www\chopesgames1\public\index.php(37): CodeIgniter\CodeIgniter->run()
#9 {main}
CRITICAL - 2022-04-28 07:43:10 --> Undefined index: NOMMARQUE
#0 C:\wamp64\www\chopesgames1\app\Views\visiteur\listerProduits.php(18): CodeIgniter\Debug\Exceptions->errorHandler(8, 'Undefined index...', 'C:\\wamp64\\www\\c...', 18, Array)
#1 C:\wamp64\www\chopesgames1\system\View\View.php(214): include('C:\\wamp64\\www\\c...')
#2 C:\wamp64\www\chopesgames1\system\View\View.php(217): CodeIgniter\View\View->CodeIgniter\View\{closure}()
#3 C:\wamp64\www\chopesgames1\system\Common.php(1097): CodeIgniter\View\View->render('visiteur/lister...', Array, true)
#4 C:\wamp64\www\chopesgames1\app\Controllers\Visiteur.php(50): view('visiteur/lister...')
#5 C:\wamp64\www\chopesgames1\system\CodeIgniter.php(824): App\Controllers\Visiteur->listerProduits()
#6 C:\wamp64\www\chopesgames1\system\CodeIgniter.php(410): CodeIgniter\CodeIgniter->runController(Object(App\Controllers\Visiteur))
#7 C:\wamp64\www\chopesgames1\system\CodeIgniter.php(318): CodeIgniter\CodeIgniter->handleRequest(NULL, Object(Config\Cache), false)
#8 C:\wamp64\www\chopesgames1\public\index.php(37): CodeIgniter\CodeIgniter->run()
#9 {main}
CRITICAL - 2022-04-28 07:44:19 --> Undefined index: NOMMARQUE
#0 C:\wamp64\www\chopesgames1\app\Views\visiteur\listerProduits.php(18): CodeIgniter\Debug\Exceptions->errorHandler(8, 'Undefined index...', 'C:\\wamp64\\www\\c...', 18, Array)
#1 C:\wamp64\www\chopesgames1\system\View\View.php(214): include('C:\\wamp64\\www\\c...')
#2 C:\wamp64\www\chopesgames1\system\View\View.php(217): CodeIgniter\View\View->CodeIgniter\View\{closure}()
#3 C:\wamp64\www\chopesgames1\system\Common.php(1097): CodeIgniter\View\View->render('visiteur/lister...', Array, true)
#4 C:\wamp64\www\chopesgames1\app\Controllers\Visiteur.php(50): view('visiteur/lister...')
#5 C:\wamp64\www\chopesgames1\system\CodeIgniter.php(824): App\Controllers\Visiteur->listerProduits()
#6 C:\wamp64\www\chopesgames1\system\CodeIgniter.php(410): CodeIgniter\CodeIgniter->runController(Object(App\Controllers\Visiteur))
#7 C:\wamp64\www\chopesgames1\system\CodeIgniter.php(318): CodeIgniter\CodeIgniter->handleRequest(NULL, Object(Config\Cache), false)
#8 C:\wamp64\www\chopesgames1\public\index.php(37): CodeIgniter\CodeIgniter->run()
#9 {main}
CRITICAL - 2022-04-28 07:44:28 --> Undefined index: NOMMARQUE
#0 C:\wamp64\www\chopesgames1\app\Views\visiteur\listerProduits.php(18): CodeIgniter\Debug\Exceptions->errorHandler(8, 'Undefined index...', 'C:\\wamp64\\www\\c...', 18, Array)
#1 C:\wamp64\www\chopesgames1\system\View\View.php(214): include('C:\\wamp64\\www\\c...')
#2 C:\wamp64\www\chopesgames1\system\View\View.php(217): CodeIgniter\View\View->CodeIgniter\View\{closure}()
#3 C:\wamp64\www\chopesgames1\system\Common.php(1097): CodeIgniter\View\View->render('visiteur/lister...', Array, true)
#4 C:\wamp64\www\chopesgames1\app\Controllers\Visiteur.php(50): view('visiteur/lister...')
#5 C:\wamp64\www\chopesgames1\system\CodeIgniter.php(824): App\Controllers\Visiteur->listerProduits()
#6 C:\wamp64\www\chopesgames1\system\CodeIgniter.php(410): CodeIgniter\CodeIgniter->runController(Object(App\Controllers\Visiteur))
#7 C:\wamp64\www\chopesgames1\system\CodeIgniter.php(318): CodeIgniter\CodeIgniter->handleRequest(NULL, Object(Config\Cache), false)
#8 C:\wamp64\www\chopesgames1\public\index.php(37): CodeIgniter\CodeIgniter->run()
#9 {main}
CRITICAL - 2022-04-28 07:45:42 --> Undefined index: NOMMARQUE
#0 C:\wamp64\www\chopesgames1\app\Views\visiteur\listerProduits.php(18): CodeIgniter\Debug\Exceptions->errorHandler(8, 'Undefined index...', 'C:\\wamp64\\www\\c...', 18, Array)
#1 C:\wamp64\www\chopesgames1\system\View\View.php(214): include('C:\\wamp64\\www\\c...')
#2 C:\wamp64\www\chopesgames1\system\View\View.php(217): CodeIgniter\View\View->CodeIgniter\View\{closure}()
#3 C:\wamp64\www\chopesgames1\system\Common.php(1097): CodeIgniter\View\View->render('visiteur/lister...', Array, true)
#4 C:\wamp64\www\chopesgames1\app\Controllers\Visiteur.php(50): view('visiteur/lister...')
#5 C:\wamp64\www\chopesgames1\system\CodeIgniter.php(824): App\Controllers\Visiteur->listerProduits()
#6 C:\wamp64\www\chopesgames1\system\CodeIgniter.php(410): CodeIgniter\CodeIgniter->runController(Object(App\Controllers\Visiteur))
#7 C:\wamp64\www\chopesgames1\system\CodeIgniter.php(318): CodeIgniter\CodeIgniter->handleRequest(NULL, Object(Config\Cache), false)
#8 C:\wamp64\www\chopesgames1\public\index.php(37): CodeIgniter\CodeIgniter->run()
#9 {main}
CRITICAL - 2022-04-28 07:46:48 --> Undefined index: NOMMARQUE
#0 C:\wamp64\www\chopesgames1\app\Views\visiteur\listerProduits.php(18): CodeIgniter\Debug\Exceptions->errorHandler(8, 'Undefined index...', 'C:\\wamp64\\www\\c...', 18, Array)
#1 C:\wamp64\www\chopesgames1\system\View\View.php(214): include('C:\\wamp64\\www\\c...')
#2 C:\wamp64\www\chopesgames1\system\View\View.php(217): CodeIgniter\View\View->CodeIgniter\View\{closure}()
#3 C:\wamp64\www\chopesgames1\system\Common.php(1097): CodeIgniter\View\View->render('visiteur/lister...', Array, true)
#4 C:\wamp64\www\chopesgames1\app\Controllers\Visiteur.php(50): view('visiteur/lister...')
#5 C:\wamp64\www\chopesgames1\system\CodeIgniter.php(824): App\Controllers\Visiteur->listerProduits()
#6 C:\wamp64\www\chopesgames1\system\CodeIgniter.php(410): CodeIgniter\CodeIgniter->runController(Object(App\Controllers\Visiteur))
#7 C:\wamp64\www\chopesgames1\system\CodeIgniter.php(318): CodeIgniter\CodeIgniter->handleRequest(NULL, Object(Config\Cache), false)
#8 C:\wamp64\www\chopesgames1\public\index.php(37): CodeIgniter\CodeIgniter->run()
#9 {main}
CRITICAL - 2022-04-28 07:48:47 --> Undefined index: NOMMARQUE
#0 C:\wamp64\www\chopesgames1\app\Views\visiteur\listerProduits.php(18): CodeIgniter\Debug\Exceptions->errorHandler(8, 'Undefined index...', 'C:\\wamp64\\www\\c...', 18, Array)
#1 C:\wamp64\www\chopesgames1\system\View\View.php(214): include('C:\\wamp64\\www\\c...')
#2 C:\wamp64\www\chopesgames1\system\View\View.php(217): CodeIgniter\View\View->CodeIgniter\View\{closure}()
#3 C:\wamp64\www\chopesgames1\system\Common.php(1097): CodeIgniter\View\View->render('visiteur/lister...', Array, true)
#4 C:\wamp64\www\chopesgames1\app\Controllers\Visiteur.php(50): view('visiteur/lister...')
#5 C:\wamp64\www\chopesgames1\system\CodeIgniter.php(824): App\Controllers\Visiteur->listerProduits()
#6 C:\wamp64\www\chopesgames1\system\CodeIgniter.php(410): CodeIgniter\CodeIgniter->runController(Object(App\Controllers\Visiteur))
#7 C:\wamp64\www\chopesgames1\system\CodeIgniter.php(318): CodeIgniter\CodeIgniter->handleRequest(NULL, Object(Config\Cache), false)
#8 C:\wamp64\www\chopesgames1\public\index.php(37): CodeIgniter\CodeIgniter->run()
#9 {main}
CRITICAL - 2022-04-28 07:49:38 --> Undefined index: NOMMARQUE
#0 C:\wamp64\www\chopesgames1\app\Views\visiteur\listerProduits.php(18): CodeIgniter\Debug\Exceptions->errorHandler(8, 'Undefined index...', 'C:\\wamp64\\www\\c...', 18, Array)
#1 C:\wamp64\www\chopesgames1\system\View\View.php(214): include('C:\\wamp64\\www\\c...')
#2 C:\wamp64\www\chopesgames1\system\View\View.php(217): CodeIgniter\View\View->CodeIgniter\View\{closure}()
#3 C:\wamp64\www\chopesgames1\system\Common.php(1097): CodeIgniter\View\View->render('visiteur/lister...', Array, true)
#4 C:\wamp64\www\chopesgames1\app\Controllers\Visiteur.php(50): view('visiteur/lister...')
#5 C:\wamp64\www\chopesgames1\system\CodeIgniter.php(824): App\Controllers\Visiteur->listerProduits()
#6 C:\wamp64\www\chopesgames1\system\CodeIgniter.php(410): CodeIgniter\CodeIgniter->runController(Object(App\Controllers\Visiteur))
#7 C:\wamp64\www\chopesgames1\system\CodeIgniter.php(318): CodeIgniter\CodeIgniter->handleRequest(NULL, Object(Config\Cache), false)
#8 C:\wamp64\www\chopesgames1\public\index.php(37): CodeIgniter\CodeIgniter->run()
#9 {main}
CRITICAL - 2022-04-28 07:49:41 --> Undefined index: NOMMARQUE
#0 C:\wamp64\www\chopesgames1\app\Views\visiteur\listerProduits.php(18): CodeIgniter\Debug\Exceptions->errorHandler(8, 'Undefined index...', 'C:\\wamp64\\www\\c...', 18, Array)
#1 C:\wamp64\www\chopesgames1\system\View\View.php(214): include('C:\\wamp64\\www\\c...')
#2 C:\wamp64\www\chopesgames1\system\View\View.php(217): CodeIgniter\View\View->CodeIgniter\View\{closure}()
#3 C:\wamp64\www\chopesgames1\system\Common.php(1097): CodeIgniter\View\View->render('visiteur/lister...', Array, true)
#4 C:\wamp64\www\chopesgames1\app\Controllers\Visiteur.php(50): view('visiteur/lister...')
#5 C:\wamp64\www\chopesgames1\system\CodeIgniter.php(824): App\Controllers\Visiteur->listerProduits()
#6 C:\wamp64\www\chopesgames1\system\CodeIgniter.php(410): CodeIgniter\CodeIgniter->runController(Object(App\Controllers\Visiteur))
#7 C:\wamp64\www\chopesgames1\system\CodeIgniter.php(318): CodeIgniter\CodeIgniter->handleRequest(NULL, Object(Config\Cache), false)
#8 C:\wamp64\www\chopesgames1\public\index.php(37): CodeIgniter\CodeIgniter->run()
#9 {main}
CRITICAL - 2022-04-28 07:49:52 --> Undefined index: NOMMARQUE
#0 C:\wamp64\www\chopesgames1\app\Views\visiteur\listerProduits.php(18): CodeIgniter\Debug\Exceptions->errorHandler(8, 'Undefined index...', 'C:\\wamp64\\www\\c...', 18, Array)
#1 C:\wamp64\www\chopesgames1\system\View\View.php(214): include('C:\\wamp64\\www\\c...')
#2 C:\wamp64\www\chopesgames1\system\View\View.php(217): CodeIgniter\View\View->CodeIgniter\View\{closure}()
#3 C:\wamp64\www\chopesgames1\system\Common.php(1097): CodeIgniter\View\View->render('visiteur/lister...', Array, true)
#4 C:\wamp64\www\chopesgames1\app\Controllers\Visiteur.php(50): view('visiteur/lister...')
#5 C:\wamp64\www\chopesgames1\system\CodeIgniter.php(824): App\Controllers\Visiteur->listerProduits()
#6 C:\wamp64\www\chopesgames1\system\CodeIgniter.php(410): CodeIgniter\CodeIgniter->runController(Object(App\Controllers\Visiteur))
#7 C:\wamp64\www\chopesgames1\system\CodeIgniter.php(318): CodeIgniter\CodeIgniter->handleRequest(NULL, Object(Config\Cache), false)
#8 C:\wamp64\www\chopesgames1\public\index.php(37): CodeIgniter\CodeIgniter->run()
#9 {main}
CRITICAL - 2022-04-28 07:50:34 --> Undefined index: NOMMARQUE
#0 C:\wamp64\www\chopesgames1\app\Views\visiteur\listerProduits.php(18): CodeIgniter\Debug\Exceptions->errorHandler(8, 'Undefined index...', 'C:\\wamp64\\www\\c...', 18, Array)
#1 C:\wamp64\www\chopesgames1\system\View\View.php(214): include('C:\\wamp64\\www\\c...')
#2 C:\wamp64\www\chopesgames1\system\View\View.php(217): CodeIgniter\View\View->CodeIgniter\View\{closure}()
#3 C:\wamp64\www\chopesgames1\system\Common.php(1097): CodeIgniter\View\View->render('visiteur/lister...', Array, true)
#4 C:\wamp64\www\chopesgames1\app\Controllers\Visiteur.php(50): view('visiteur/lister...')
#5 C:\wamp64\www\chopesgames1\system\CodeIgniter.php(824): App\Controllers\Visiteur->listerProduits()
#6 C:\wamp64\www\chopesgames1\system\CodeIgniter.php(410): CodeIgniter\CodeIgniter->runController(Object(App\Controllers\Visiteur))
#7 C:\wamp64\www\chopesgames1\system\CodeIgniter.php(318): CodeIgniter\CodeIgniter->handleRequest(NULL, Object(Config\Cache), false)
#8 C:\wamp64\www\chopesgames1\public\index.php(37): CodeIgniter\CodeIgniter->run()
#9 {main}
CRITICAL - 2022-04-28 07:53:29 --> Undefined index: NOMMARQUE
#0 C:\wamp64\www\chopesgames1\app\Views\visiteur\listerProduits.php(18): CodeIgniter\Debug\Exceptions->errorHandler(8, 'Undefined index...', 'C:\\wamp64\\www\\c...', 18, Array)
#1 C:\wamp64\www\chopesgames1\system\View\View.php(214): include('C:\\wamp64\\www\\c...')
#2 C:\wamp64\www\chopesgames1\system\View\View.php(217): CodeIgniter\View\View->CodeIgniter\View\{closure}()
#3 C:\wamp64\www\chopesgames1\system\Common.php(1097): CodeIgniter\View\View->render('visiteur/lister...', Array, true)
#4 C:\wamp64\www\chopesgames1\app\Controllers\Visiteur.php(50): view('visiteur/lister...')
#5 C:\wamp64\www\chopesgames1\system\CodeIgniter.php(824): App\Controllers\Visiteur->listerProduits()
#6 C:\wamp64\www\chopesgames1\system\CodeIgniter.php(410): CodeIgniter\CodeIgniter->runController(Object(App\Controllers\Visiteur))
#7 C:\wamp64\www\chopesgames1\system\CodeIgniter.php(318): CodeIgniter\CodeIgniter->handleRequest(NULL, Object(Config\Cache), false)
#8 C:\wamp64\www\chopesgames1\public\index.php(37): CodeIgniter\CodeIgniter->run()
#9 {main}
CRITICAL - 2022-04-28 08:20:54 --> Undefined index: NOMMARQUE
#0 C:\wamp64\www\chopesgames1\app\Views\visiteur\listerProduits.php(18): CodeIgniter\Debug\Exceptions->errorHandler(8, 'Undefined index...', 'C:\\wamp64\\www\\c...', 18, Array)
#1 C:\wamp64\www\chopesgames1\system\View\View.php(214): include('C:\\wamp64\\www\\c...')
#2 C:\wamp64\www\chopesgames1\system\View\View.php(217): CodeIgniter\View\View->CodeIgniter\View\{closure}()
#3 C:\wamp64\www\chopesgames1\system\Common.php(1097): CodeIgniter\View\View->render('visiteur/lister...', Array, true)
#4 C:\wamp64\www\chopesgames1\app\Controllers\Visiteur.php(50): view('visiteur/lister...')
#5 C:\wamp64\www\chopesgames1\system\CodeIgniter.php(824): App\Controllers\Visiteur->listerProduits()
#6 C:\wamp64\www\chopesgames1\system\CodeIgniter.php(410): CodeIgniter\CodeIgniter->runController(Object(App\Controllers\Visiteur))
#7 C:\wamp64\www\chopesgames1\system\CodeIgniter.php(318): CodeIgniter\CodeIgniter->handleRequest(NULL, Object(Config\Cache), false)
#8 C:\wamp64\www\chopesgames1\public\index.php(37): CodeIgniter\CodeIgniter->run()
#9 {main}
CRITICAL - 2022-04-28 08:29:59 --> Undefined index: NOMMARQUE
#0 C:\wamp64\www\chopesgames1\app\Views\visiteur\listerProduits.php(18): CodeIgniter\Debug\Exceptions->errorHandler(8, 'Undefined index...', 'C:\\wamp64\\www\\c...', 18, Array)
#1 C:\wamp64\www\chopesgames1\system\View\View.php(214): include('C:\\wamp64\\www\\c...')
#2 C:\wamp64\www\chopesgames1\system\View\View.php(217): CodeIgniter\View\View->CodeIgniter\View\{closure}()
#3 C:\wamp64\www\chopesgames1\system\Common.php(1097): CodeIgniter\View\View->render('visiteur/lister...', Array, true)
#4 C:\wamp64\www\chopesgames1\app\Controllers\Visiteur.php(50): view('visiteur/lister...')
#5 C:\wamp64\www\chopesgames1\system\CodeIgniter.php(824): App\Controllers\Visiteur->listerProduits()
#6 C:\wamp64\www\chopesgames1\system\CodeIgniter.php(410): CodeIgniter\CodeIgniter->runController(Object(App\Controllers\Visiteur))
#7 C:\wamp64\www\chopesgames1\system\CodeIgniter.php(318): CodeIgniter\CodeIgniter->handleRequest(NULL, Object(Config\Cache), false)
#8 C:\wamp64\www\chopesgames1\public\index.php(37): CodeIgniter\CodeIgniter->run()
#9 {main}
CRITICAL - 2022-04-28 08:36:28 --> Undefined index: NOMMARQUE
#0 C:\wamp64\www\chopesgames1\app\Views\visiteur\listerProduits.php(18): CodeIgniter\Debug\Exceptions->errorHandler(8, 'Undefined index...', 'C:\\wamp64\\www\\c...', 18, Array)
#1 C:\wamp64\www\chopesgames1\system\View\View.php(214): include('C:\\wamp64\\www\\c...')
#2 C:\wamp64\www\chopesgames1\system\View\View.php(217): CodeIgniter\View\View->CodeIgniter\View\{closure}()
#3 C:\wamp64\www\chopesgames1\system\Common.php(1097): CodeIgniter\View\View->render('visiteur/lister...', Array, true)
#4 C:\wamp64\www\chopesgames1\app\Controllers\Visiteur.php(50): view('visiteur/lister...')
#5 C:\wamp64\www\chopesgames1\system\CodeIgniter.php(824): App\Controllers\Visiteur->listerProduits()
#6 C:\wamp64\www\chopesgames1\system\CodeIgniter.php(410): CodeIgniter\CodeIgniter->runController(Object(App\Controllers\Visiteur))
#7 C:\wamp64\www\chopesgames1\system\CodeIgniter.php(318): CodeIgniter\CodeIgniter->handleRequest(NULL, Object(Config\Cache), false)
#8 C:\wamp64\www\chopesgames1\public\index.php(37): CodeIgniter\CodeIgniter->run()
#9 {main}
CRITICAL - 2022-04-28 08:36:34 --> Undefined index: NOMMARQUE
#0 C:\wamp64\www\chopesgames1\app\Views\visiteur\listerProduits.php(18): CodeIgniter\Debug\Exceptions->errorHandler(8, 'Undefined index...', 'C:\\wamp64\\www\\c...', 18, Array)
#1 C:\wamp64\www\chopesgames1\system\View\View.php(214): include('C:\\wamp64\\www\\c...')
#2 C:\wamp64\www\chopesgames1\system\View\View.php(217): CodeIgniter\View\View->CodeIgniter\View\{closure}()
#3 C:\wamp64\www\chopesgames1\system\Common.php(1097): CodeIgniter\View\View->render('visiteur/lister...', Array, true)
#4 C:\wamp64\www\chopesgames1\app\Controllers\Visiteur.php(50): view('visiteur/lister...')
#5 C:\wamp64\www\chopesgames1\system\CodeIgniter.php(824): App\Controllers\Visiteur->listerProduits()
#6 C:\wamp64\www\chopesgames1\system\CodeIgniter.php(410): CodeIgniter\CodeIgniter->runController(Object(App\Controllers\Visiteur))
#7 C:\wamp64\www\chopesgames1\system\CodeIgniter.php(318): CodeIgniter\CodeIgniter->handleRequest(NULL, Object(Config\Cache), false)
#8 C:\wamp64\www\chopesgames1\public\index.php(37): CodeIgniter\CodeIgniter->run()
#9 {main}
CRITICAL - 2022-04-28 08:36:36 --> Undefined index: NOMMARQUE
#0 C:\wamp64\www\chopesgames1\app\Views\visiteur\listerProduits.php(18): CodeIgniter\Debug\Exceptions->errorHandler(8, 'Undefined index...', 'C:\\wamp64\\www\\c...', 18, Array)
#1 C:\wamp64\www\chopesgames1\system\View\View.php(214): include('C:\\wamp64\\www\\c...')
#2 C:\wamp64\www\chopesgames1\system\View\View.php(217): CodeIgniter\View\View->CodeIgniter\View\{closure}()
#3 C:\wamp64\www\chopesgames1\system\Common.php(1097): CodeIgniter\View\View->render('visiteur/lister...', Array, true)
#4 C:\wamp64\www\chopesgames1\app\Controllers\Visiteur.php(50): view('visiteur/lister...')
#5 C:\wamp64\www\chopesgames1\system\CodeIgniter.php(824): App\Controllers\Visiteur->listerProduits()
#6 C:\wamp64\www\chopesgames1\system\CodeIgniter.php(410): CodeIgniter\CodeIgniter->runController(Object(App\Controllers\Visiteur))
#7 C:\wamp64\www\chopesgames1\system\CodeIgniter.php(318): CodeIgniter\CodeIgniter->handleRequest(NULL, Object(Config\Cache), false)
#8 C:\wamp64\www\chopesgames1\public\index.php(37): CodeIgniter\CodeIgniter->run()
#9 {main}
CRITICAL - 2022-04-28 08:37:18 --> Undefined index: NOMMARQUE
#0 C:\wamp64\www\chopesgames1\app\Views\visiteur\listerProduits.php(18): CodeIgniter\Debug\Exceptions->errorHandler(8, 'Undefined index...', 'C:\\wamp64\\www\\c...', 18, Array)
#1 C:\wamp64\www\chopesgames1\system\View\View.php(214): include('C:\\wamp64\\www\\c...')
#2 C:\wamp64\www\chopesgames1\system\View\View.php(217): CodeIgniter\View\View->CodeIgniter\View\{closure}()
#3 C:\wamp64\www\chopesgames1\system\Common.php(1097): CodeIgniter\View\View->render('visiteur/lister...', Array, true)
#4 C:\wamp64\www\chopesgames1\app\Controllers\Visiteur.php(50): view('visiteur/lister...')
#5 C:\wamp64\www\chopesgames1\system\CodeIgniter.php(824): App\Controllers\Visiteur->listerProduits()
#6 C:\wamp64\www\chopesgames1\system\CodeIgniter.php(410): CodeIgniter\CodeIgniter->runController(Object(App\Controllers\Visiteur))
#7 C:\wamp64\www\chopesgames1\system\CodeIgniter.php(318): CodeIgniter\CodeIgniter->handleRequest(NULL, Object(Config\Cache), false)
#8 C:\wamp64\www\chopesgames1\public\index.php(37): CodeIgniter\CodeIgniter->run()
#9 {main}
CRITICAL - 2022-04-28 08:37:19 --> Undefined index: NOMMARQUE
#0 C:\wamp64\www\chopesgames1\app\Views\visiteur\listerProduits.php(18): CodeIgniter\Debug\Exceptions->errorHandler(8, 'Undefined index...', 'C:\\wamp64\\www\\c...', 18, Array)
#1 C:\wamp64\www\chopesgames1\system\View\View.php(214): include('C:\\wamp64\\www\\c...')
#2 C:\wamp64\www\chopesgames1\system\View\View.php(217): CodeIgniter\View\View->CodeIgniter\View\{closure}()
#3 C:\wamp64\www\chopesgames1\system\Common.php(1097): CodeIgniter\View\View->render('visiteur/lister...', Array, true)
#4 C:\wamp64\www\chopesgames1\app\Controllers\Visiteur.php(50): view('visiteur/lister...')
#5 C:\wamp64\www\chopesgames1\system\CodeIgniter.php(824): App\Controllers\Visiteur->listerProduits()
#6 C:\wamp64\www\chopesgames1\system\CodeIgniter.php(410): CodeIgniter\CodeIgniter->runController(Object(App\Controllers\Visiteur))
#7 C:\wamp64\www\chopesgames1\system\CodeIgniter.php(318): CodeIgniter\CodeIgniter->handleRequest(NULL, Object(Config\Cache), false)
#8 C:\wamp64\www\chopesgames1\public\index.php(37): CodeIgniter\CodeIgniter->run()
#9 {main}
CRITICAL - 2022-04-28 08:37:23 --> Undefined index: NOMMARQUE
#0 C:\wamp64\www\chopesgames1\app\Views\visiteur\listerProduits.php(18): CodeIgniter\Debug\Exceptions->errorHandler(8, 'Undefined index...', 'C:\\wamp64\\www\\c...', 18, Array)
#1 C:\wamp64\www\chopesgames1\system\View\View.php(214): include('C:\\wamp64\\www\\c...')
#2 C:\wamp64\www\chopesgames1\system\View\View.php(217): CodeIgniter\View\View->CodeIgniter\View\{closure}()
#3 C:\wamp64\www\chopesgames1\system\Common.php(1097): CodeIgniter\View\View->render('visiteur/lister...', Array, true)
#4 C:\wamp64\www\chopesgames1\app\Controllers\Visiteur.php(50): view('visiteur/lister...')
#5 C:\wamp64\www\chopesgames1\system\CodeIgniter.php(824): App\Controllers\Visiteur->listerProduits()
#6 C:\wamp64\www\chopesgames1\system\CodeIgniter.php(410): CodeIgniter\CodeIgniter->runController(Object(App\Controllers\Visiteur))
#7 C:\wamp64\www\chopesgames1\system\CodeIgniter.php(318): CodeIgniter\CodeIgniter->handleRequest(NULL, Object(Config\Cache), false)
#8 C:\wamp64\www\chopesgames1\public\index.php(37): CodeIgniter\CodeIgniter->run()
#9 {main}
CRITICAL - 2022-04-28 08:37:34 --> Undefined index: NOMMARQUE
#0 C:\wamp64\www\chopesgames1\app\Views\visiteur\listerProduits.php(18): CodeIgniter\Debug\Exceptions->errorHandler(8, 'Undefined index...', 'C:\\wamp64\\www\\c...', 18, Array)
#1 C:\wamp64\www\chopesgames1\system\View\View.php(214): include('C:\\wamp64\\www\\c...')
#2 C:\wamp64\www\chopesgames1\system\View\View.php(217): CodeIgniter\View\View->CodeIgniter\View\{closure}()
#3 C:\wamp64\www\chopesgames1\system\Common.php(1097): CodeIgniter\View\View->render('visiteur/lister...', Array, true)
#4 C:\wamp64\www\chopesgames1\app\Controllers\Visiteur.php(50): view('visiteur/lister...')
#5 C:\wamp64\www\chopesgames1\system\CodeIgniter.php(824): App\Controllers\Visiteur->listerProduits()
#6 C:\wamp64\www\chopesgames1\system\CodeIgniter.php(410): CodeIgniter\CodeIgniter->runController(Object(App\Controllers\Visiteur))
#7 C:\wamp64\www\chopesgames1\system\CodeIgniter.php(318): CodeIgniter\CodeIgniter->handleRequest(NULL, Object(Config\Cache), false)
#8 C:\wamp64\www\chopesgames1\public\index.php(37): CodeIgniter\CodeIgniter->run()
#9 {main}
CRITICAL - 2022-04-28 08:37:36 --> Undefined index: NOMMARQUE
#0 C:\wamp64\www\chopesgames1\app\Views\visiteur\listerProduits.php(18): CodeIgniter\Debug\Exceptions->errorHandler(8, 'Undefined index...', 'C:\\wamp64\\www\\c...', 18, Array)
#1 C:\wamp64\www\chopesgames1\system\View\View.php(214): include('C:\\wamp64\\www\\c...')
#2 C:\wamp64\www\chopesgames1\system\View\View.php(217): CodeIgniter\View\View->CodeIgniter\View\{closure}()
#3 C:\wamp64\www\chopesgames1\system\Common.php(1097): CodeIgniter\View\View->render('visiteur/lister...', Array, true)
#4 C:\wamp64\www\chopesgames1\app\Controllers\Visiteur.php(50): view('visiteur/lister...')
#5 C:\wamp64\www\chopesgames1\system\CodeIgniter.php(824): App\Controllers\Visiteur->listerProduits()
#6 C:\wamp64\www\chopesgames1\system\CodeIgniter.php(410): CodeIgniter\CodeIgniter->runController(Object(App\Controllers\Visiteur))
#7 C:\wamp64\www\chopesgames1\system\CodeIgniter.php(318): CodeIgniter\CodeIgniter->handleRequest(NULL, Object(Config\Cache), false)
#8 C:\wamp64\www\chopesgames1\public\index.php(37): CodeIgniter\CodeIgniter->run()
#9 {main}
CRITICAL - 2022-04-28 08:45:25 --> Undefined variable: modeleClient
#0 C:\wamp64\www\chopesgames1\app\Controllers\Visiteur.php(314): CodeIgniter\Debug\Exceptions->errorHandler(8, 'Undefined varia...', 'C:\\wamp64\\www\\c...', 314, Array)
#1 C:\wamp64\www\chopesgames1\system\CodeIgniter.php(824): App\Controllers\Visiteur->supprimerCompte()
#2 C:\wamp64\www\chopesgames1\system\CodeIgniter.php(410): CodeIgniter\CodeIgniter->runController(Object(App\Controllers\Visiteur))
#3 C:\wamp64\www\chopesgames1\system\CodeIgniter.php(318): CodeIgniter\CodeIgniter->handleRequest(NULL, Object(Config\Cache), false)
#4 C:\wamp64\www\chopesgames1\public\index.php(37): CodeIgniter\CodeIgniter->run()
#5 {main}
CRITICAL - 2022-04-28 08:51:39 --> Call to undefined method App\Models\ModeleClient::supprimerCompte
#0 C:\wamp64\www\chopesgames1\app\Controllers\Visiteur.php(320): CodeIgniter\Model->__call('supprimerCompte', Array)
#1 C:\wamp64\www\chopesgames1\system\CodeIgniter.php(824): App\Controllers\Visiteur->supprimerCompte()
#2 C:\wamp64\www\chopesgames1\system\CodeIgniter.php(410): CodeIgniter\CodeIgniter->runController(Object(App\Controllers\Visiteur))
#3 C:\wamp64\www\chopesgames1\system\CodeIgniter.php(318): CodeIgniter\CodeIgniter->handleRequest(NULL, Object(Config\Cache), false)
#4 C:\wamp64\www\chopesgames1\public\index.php(37): CodeIgniter\CodeIgniter->run()
#5 {main}
CRITICAL - 2022-04-28 08:53:59 --> Call to undefined method App\Models\ModeleClient::supprimerCompte
#0 C:\wamp64\www\chopesgames1\app\Controllers\Visiteur.php(320): CodeIgniter\Model->__call('supprimerCompte', Array)
#1 C:\wamp64\www\chopesgames1\system\CodeIgniter.php(824): App\Controllers\Visiteur->supprimerCompte()
#2 C:\wamp64\www\chopesgames1\system\CodeIgniter.php(410): CodeIgniter\CodeIgniter->runController(Object(App\Controllers\Visiteur))
#3 C:\wamp64\www\chopesgames1\system\CodeIgniter.php(318): CodeIgniter\CodeIgniter->handleRequest(NULL, Object(Config\Cache), false)
#4 C:\wamp64\www\chopesgames1\public\index.php(37): CodeIgniter\CodeIgniter->run()
#5 {main}
CRITICAL - 2022-04-28 08:54:04 --> Call to undefined method App\Models\ModeleClient::supprimerCompte
#0 C:\wamp64\www\chopesgames1\app\Controllers\Visiteur.php(320): CodeIgniter\Model->__call('supprimerCompte', Array)
#1 C:\wamp64\www\chopesgames1\system\CodeIgniter.php(824): App\Controllers\Visiteur->supprimerCompte()
#2 C:\wamp64\www\chopesgames1\system\CodeIgniter.php(410): CodeIgniter\CodeIgniter->runController(Object(App\Controllers\Visiteur))
#3 C:\wamp64\www\chopesgames1\system\CodeIgniter.php(318): CodeIgniter\CodeIgniter->handleRequest(NULL, Object(Config\Cache), false)
#4 C:\wamp64\www\chopesgames1\public\index.php(37): CodeIgniter\CodeIgniter->run()
#5 {main}
CRITICAL - 2022-04-28 09:12:12 --> Call to undefined method App\Models\ModeleClient::supprimerCompte
#0 C:\wamp64\www\chopesgames1\app\Controllers\Visiteur.php(320): CodeIgniter\Model->__call('supprimerCompte', Array)
#1 C:\wamp64\www\chopesgames1\system\CodeIgniter.php(824): App\Controllers\Visiteur->supprimerCompte()
#2 C:\wamp64\www\chopesgames1\system\CodeIgniter.php(410): CodeIgniter\CodeIgniter->runController(Object(App\Controllers\Visiteur))
#3 C:\wamp64\www\chopesgames1\system\CodeIgniter.php(318): CodeIgniter\CodeIgniter->handleRequest(NULL, Object(Config\Cache), false)
#4 C:\wamp64\www\chopesgames1\public\index.php(37): CodeIgniter\CodeIgniter->run()
#5 {main}
CRITICAL - 2022-04-28 09:12:15 --> Call to undefined method App\Models\ModeleClient::supprimerCompte
#0 C:\wamp64\www\chopesgames1\app\Controllers\Visiteur.php(320): CodeIgniter\Model->__call('supprimerCompte', Array)
#1 C:\wamp64\www\chopesgames1\system\CodeIgniter.php(824): App\Controllers\Visiteur->supprimerCompte()
#2 C:\wamp64\www\chopesgames1\system\CodeIgniter.php(410): CodeIgniter\CodeIgniter->runController(Object(App\Controllers\Visiteur))
#3 C:\wamp64\www\chopesgames1\system\CodeIgniter.php(318): CodeIgniter\CodeIgniter->handleRequest(NULL, Object(Config\Cache), false)
#4 C:\wamp64\www\chopesgames1\public\index.php(37): CodeIgniter\CodeIgniter->run()
#5 {main}
ERROR - 2022-04-28 09:35:49 --> Erreur de syntaxe près de '), (), (), (), (), (), ())' à la ligne 1
CRITICAL - 2022-04-28 09:35:49 --> Erreur de syntaxe près de '), (), (), (), (), (), ())' à la ligne 1
#0 C:\wamp64\www\chopesgames1\system\Database\MySQLi\Connection.php(292): mysqli->query('INSERT INTO `cl...', 0)
#1 C:\wamp64\www\chopesgames1\system\Database\BaseConnection.php(670): CodeIgniter\Database\MySQLi\Connection->execute('INSERT INTO `cl...')
#2 C:\wamp64\www\chopesgames1\system\Database\BaseConnection.php(598): CodeIgniter\Database\BaseConnection->simpleQuery('INSERT INTO `cl...')
#3 C:\wamp64\www\chopesgames1\system\Database\BaseBuilder.php(1759): CodeIgniter\Database\BaseConnection->query('INSERT INTO `cl...', Array, false)
#4 C:\wamp64\www\chopesgames1\system\Model.php(239): CodeIgniter\Database\BaseBuilder->insert()
#5 C:\wamp64\www\chopesgames1\system\BaseModel.php(738): CodeIgniter\Model->doInsert(Array)
#6 C:\wamp64\www\chopesgames1\system\Model.php(620): CodeIgniter\BaseModel->insert(Array, false)
#7 C:\wamp64\www\chopesgames1\system\BaseModel.php(658): CodeIgniter\Model->insert(Array, false)
#8 C:\wamp64\www\chopesgames1\app\Controllers\Visiteur.php(318): CodeIgniter\BaseModel->save(Array)
#9 C:\wamp64\www\chopesgames1\system\CodeIgniter.php(824): App\Controllers\Visiteur->supprimerCompte()
#10 C:\wamp64\www\chopesgames1\system\CodeIgniter.php(410): CodeIgniter\CodeIgniter->runController(Object(App\Controllers\Visiteur))
#11 C:\wamp64\www\chopesgames1\system\CodeIgniter.php(318): CodeIgniter\CodeIgniter->handleRequest(NULL, Object(Config\Cache), false)
#12 C:\wamp64\www\chopesgames1\public\index.php(37): CodeIgniter\CodeIgniter->run()
#13 {main}
ERROR - 2022-04-28 09:44:57 --> Erreur de syntaxe près de '), (), (), (), (), (), ())' à la ligne 1
CRITICAL - 2022-04-28 09:44:57 --> Erreur de syntaxe près de '), (), (), (), (), (), ())' à la ligne 1
#0 C:\wamp64\www\chopesgames1\system\Database\MySQLi\Connection.php(292): mysqli->query('INSERT INTO `cl...', 0)
#1 C:\wamp64\www\chopesgames1\system\Database\BaseConnection.php(670): CodeIgniter\Database\MySQLi\Connection->execute('INSERT INTO `cl...')
#2 C:\wamp64\www\chopesgames1\system\Database\BaseConnection.php(598): CodeIgniter\Database\BaseConnection->simpleQuery('INSERT INTO `cl...')
#3 C:\wamp64\www\chopesgames1\system\Database\BaseBuilder.php(1759): CodeIgniter\Database\BaseConnection->query('INSERT INTO `cl...', Array, false)
#4 C:\wamp64\www\chopesgames1\system\Model.php(239): CodeIgniter\Database\BaseBuilder->insert()
#5 C:\wamp64\www\chopesgames1\system\BaseModel.php(738): CodeIgniter\Model->doInsert(Array)
#6 C:\wamp64\www\chopesgames1\system\Model.php(620): CodeIgniter\BaseModel->insert(Array, false)
#7 C:\wamp64\www\chopesgames1\system\BaseModel.php(658): CodeIgniter\Model->insert(Array, false)
#8 C:\wamp64\www\chopesgames1\app\Controllers\Visiteur.php(318): CodeIgniter\BaseModel->save(Array)
#9 C:\wamp64\www\chopesgames1\system\CodeIgniter.php(824): App\Controllers\Visiteur->supprimerCompte()
#10 C:\wamp64\www\chopesgames1\system\CodeIgniter.php(410): CodeIgniter\CodeIgniter->runController(Object(App\Controllers\Visiteur))
#11 C:\wamp64\www\chopesgames1\system\CodeIgniter.php(318): CodeIgniter\CodeIgniter->handleRequest(NULL, Object(Config\Cache), false)
#12 C:\wamp64\www\chopesgames1\public\index.php(37): CodeIgniter\CodeIgniter->run()
#13 {main}
CRITICAL - 2022-04-28 09:45:35 --> Undefined variable: compte
#0 C:\wamp64\www\chopesgames1\app\Controllers\Visiteur.php(318): CodeIgniter\Debug\Exceptions->errorHandler(8, 'Undefined varia...', 'C:\\wamp64\\www\\c...', 318, Array)
#1 C:\wamp64\www\chopesgames1\system\CodeIgniter.php(824): App\Controllers\Visiteur->supprimerCompte()
#2 C:\wamp64\www\chopesgames1\system\CodeIgniter.php(410): CodeIgniter\CodeIgniter->runController(Object(App\Controllers\Visiteur))
#3 C:\wamp64\www\chopesgames1\system\CodeIgniter.php(318): CodeIgniter\CodeIgniter->handleRequest(NULL, Object(Config\Cache), false)
#4 C:\wamp64\www\chopesgames1\public\index.php(37): CodeIgniter\CodeIgniter->run()
#5 {main}
CRITICAL - 2022-04-28 09:45:40 --> Undefined variable: compte
#0 C:\wamp64\www\chopesgames1\app\Controllers\Visiteur.php(318): CodeIgniter\Debug\Exceptions->errorHandler(8, 'Undefined varia...', 'C:\\wamp64\\www\\c...', 318, Array)
#1 C:\wamp64\www\chopesgames1\system\CodeIgniter.php(824): App\Controllers\Visiteur->supprimerCompte()
#2 C:\wamp64\www\chopesgames1\system\CodeIgniter.php(410): CodeIgniter\CodeIgniter->runController(Object(App\Controllers\Visiteur))
#3 C:\wamp64\www\chopesgames1\system\CodeIgniter.php(318): CodeIgniter\CodeIgniter->handleRequest(NULL, Object(Config\Cache), false)
#4 C:\wamp64\www\chopesgames1\public\index.php(37): CodeIgniter\CodeIgniter->run()
#5 {main}
CRITICAL - 2022-04-28 09:45:49 --> Call to undefined function form_open()
#0 C:\wamp64\www\chopesgames1\system\View\View.php(214): include()
#1 C:\wamp64\www\chopesgames1\system\View\View.php(217): CodeIgniter\View\View->CodeIgniter\View\{closure}()
#2 C:\wamp64\www\chopesgames1\system\Common.php(1097): CodeIgniter\View\View->render('visiteur/Enregi...', Array, true)
#3 C:\wamp64\www\chopesgames1\app\Controllers\Visiteur.php(319): view('visiteur/Enregi...')
#4 C:\wamp64\www\chopesgames1\system\CodeIgniter.php(824): App\Controllers\Visiteur->supprimerCompte()
#5 C:\wamp64\www\chopesgames1\system\CodeIgniter.php(410): CodeIgniter\CodeIgniter->runController(Object(App\Controllers\Visiteur))
#6 C:\wamp64\www\chopesgames1\system\CodeIgniter.php(318): CodeIgniter\CodeIgniter->handleRequest(NULL, Object(Config\Cache), false)
#7 C:\wamp64\www\chopesgames1\public\index.php(37): CodeIgniter\CodeIgniter->run()
#8 {main}
CRITICAL - 2022-04-28 09:46:08 --> Call to undefined function form_open()
#0 C:\wamp64\www\chopesgames1\system\View\View.php(214): include()
#1 C:\wamp64\www\chopesgames1\system\View\View.php(217): CodeIgniter\View\View->CodeIgniter\View\{closure}()
#2 C:\wamp64\www\chopesgames1\system\Common.php(1097): CodeIgniter\View\View->render('visiteur/suppri...', Array, true)
#3 C:\wamp64\www\chopesgames1\app\Controllers\Visiteur.php(319): view('visiteur/suppri...')
#4 C:\wamp64\www\chopesgames1\system\CodeIgniter.php(824): App\Controllers\Visiteur->supprimerCompte()
#5 C:\wamp64\www\chopesgames1\system\CodeIgniter.php(410): CodeIgniter\CodeIgniter->runController(Object(App\Controllers\Visiteur))
#6 C:\wamp64\www\chopesgames1\system\CodeIgniter.php(318): CodeIgniter\CodeIgniter->handleRequest(NULL, Object(Config\Cache), false)
#7 C:\wamp64\www\chopesgames1\public\index.php(37): CodeIgniter\CodeIgniter->run()
#8 {main}
