ERROR - 2022-01-03 04:01:13 --> Error connecting to the database: Base 'ppe_chopesgames' inconnue
CRITICAL - 2022-01-03 04:01:13 --> Unable to connect to the database.
Main connection [MySQLi]: Base 'ppe_chopesgames' inconnue
#0 D:\COURS\DEVELOPPEMENT WEB\chopesgames\system\Database\BaseConnection.php(577): CodeIgniter\Database\BaseConnection->initialize()
#1 D:\COURS\DEVELOPPEMENT WEB\chopesgames\system\Database\BaseBuilder.php(1443): CodeIgniter\Database\BaseConnection->query('SELECT *\nFROM `...', Array, false)
#2 D:\COURS\DEVELOPPEMENT WEB\chopesgames\system\Model.php(183): CodeIgniter\Database\BaseBuilder->get()
#3 D:\COURS\DEVELOPPEMENT WEB\chopesgames\system\BaseModel.php(584): CodeIgniter\Model->doFindAll(0, 0)
#4 D:\COURS\DEVELOPPEMENT WEB\chopesgames\app\Models\ModeleProduit.php(27): CodeIgniter\BaseModel->findAll()
#5 D:\COURS\DEVELOPPEMENT WEB\chopesgames\app\Controllers\Visiteur.php(20): App\Models\ModeleProduit->retourner_vitrine()
#6 D:\COURS\DEVELOPPEMENT WEB\chopesgames\system\CodeIgniter.php(824): App\Controllers\Visiteur->accueil()
#7 D:\COURS\DEVELOPPEMENT WEB\chopesgames\system\CodeIgniter.php(410): CodeIgniter\CodeIgniter->runController(Object(App\Controllers\Visiteur))
#8 D:\COURS\DEVELOPPEMENT WEB\chopesgames\system\CodeIgniter.php(318): CodeIgniter\CodeIgniter->handleRequest(NULL, Object(Config\Cache), false)
#9 D:\COURS\DEVELOPPEMENT WEB\chopesgames\public\index.php(37): CodeIgniter\CodeIgniter->run()
#10 D:\COURS\DEVELOPPEMENT WEB\chopesgames\system\Commands\Server\rewrite.php(43): require_once('D:\\COURS\\DEVELO...')
#11 {main}
ERROR - 2022-01-03 04:04:45 --> Error connecting to the database: Base 'ppe_chopesgames' inconnue
CRITICAL - 2022-01-03 04:04:45 --> Unable to connect to the database.
Main connection [MySQLi]: Base 'ppe_chopesgames' inconnue
#0 D:\COURS\DEVELOPPEMENT WEB\chopesgames\system\Database\BaseConnection.php(577): CodeIgniter\Database\BaseConnection->initialize()
#1 D:\COURS\DEVELOPPEMENT WEB\chopesgames\system\Database\BaseBuilder.php(1443): CodeIgniter\Database\BaseConnection->query('SELECT *\nFROM `...', Array, false)
#2 D:\COURS\DEVELOPPEMENT WEB\chopesgames\system\Model.php(183): CodeIgniter\Database\BaseBuilder->get()
#3 D:\COURS\DEVELOPPEMENT WEB\chopesgames\system\BaseModel.php(584): CodeIgniter\Model->doFindAll(0, 0)
#4 D:\COURS\DEVELOPPEMENT WEB\chopesgames\app\Models\ModeleProduit.php(27): CodeIgniter\BaseModel->findAll()
#5 D:\COURS\DEVELOPPEMENT WEB\chopesgames\app\Controllers\Visiteur.php(20): App\Models\ModeleProduit->retourner_vitrine()
#6 D:\COURS\DEVELOPPEMENT WEB\chopesgames\system\CodeIgniter.php(824): App\Controllers\Visiteur->accueil()
#7 D:\COURS\DEVELOPPEMENT WEB\chopesgames\system\CodeIgniter.php(410): CodeIgniter\CodeIgniter->runController(Object(App\Controllers\Visiteur))
#8 D:\COURS\DEVELOPPEMENT WEB\chopesgames\system\CodeIgniter.php(318): CodeIgniter\CodeIgniter->handleRequest(NULL, Object(Config\Cache), false)
#9 D:\COURS\DEVELOPPEMENT WEB\chopesgames\public\index.php(37): CodeIgniter\CodeIgniter->run()
#10 D:\COURS\DEVELOPPEMENT WEB\chopesgames\system\Commands\Server\rewrite.php(43): require_once('D:\\COURS\\DEVELO...')
#11 {main}
