CRITICAL - 2022-03-31 03:26:25 --> Call to undefined method CodeIgniter\Session\Session::userdata()
#0 C:\wamp64\www\chopesgames\system\View\View.php(214): include()
#1 C:\wamp64\www\chopesgames\system\View\View.php(217): CodeIgniter\View\View->CodeIgniter\View\{closure}()
#2 C:\wamp64\www\chopesgames\system\Common.php(1097): CodeIgniter\View\View->render('templates/heade...', Array, true)
#3 C:\wamp64\www\chopesgames\app\Controllers\Visiteur.php(26): view('templates/heade...', Array)
#4 C:\wamp64\www\chopesgames\system\CodeIgniter.php(824): App\Controllers\Visiteur->accueil()
#5 C:\wamp64\www\chopesgames\system\CodeIgniter.php(410): CodeIgniter\CodeIgniter->runController(Object(App\Controllers\Visiteur))
#6 C:\wamp64\www\chopesgames\system\CodeIgniter.php(318): CodeIgniter\CodeIgniter->handleRequest(NULL, Object(Config\Cache), false)
#7 C:\wamp64\www\chopesgames\public\index.php(37): CodeIgniter\CodeIgniter->run()
#8 C:\wamp64\www\chopesgames\system\Commands\Server\rewrite.php(43): require_once('C:\\wamp64\\www\\c...')
#9 {main}
CRITICAL - 2022-03-31 03:26:41 --> Call to undefined method CodeIgniter\Session\Session::userdata()
#0 C:\wamp64\www\chopesgames\system\View\View.php(214): include()
#1 C:\wamp64\www\chopesgames\system\View\View.php(217): CodeIgniter\View\View->CodeIgniter\View\{closure}()
#2 C:\wamp64\www\chopesgames\system\Common.php(1097): CodeIgniter\View\View->render('templates/heade...', Array, true)
#3 C:\wamp64\www\chopesgames\app\Controllers\Visiteur.php(399): view('templates/heade...', Array)
#4 C:\wamp64\www\chopesgames\system\CodeIgniter.php(824): App\Controllers\Visiteur->connexionAdministrateur()
#5 C:\wamp64\www\chopesgames\system\CodeIgniter.php(410): CodeIgniter\CodeIgniter->runController(Object(App\Controllers\Visiteur))
#6 C:\wamp64\www\chopesgames\system\CodeIgniter.php(318): CodeIgniter\CodeIgniter->handleRequest(NULL, Object(Config\Cache), false)
#7 C:\wamp64\www\chopesgames\public\index.php(37): CodeIgniter\CodeIgniter->run()
#8 C:\wamp64\www\chopesgames\system\Commands\Server\rewrite.php(43): require_once('C:\\wamp64\\www\\c...')
#9 {main}
CRITICAL - 2022-03-31 03:26:42 --> Call to undefined method CodeIgniter\Session\Session::userdata()
#0 C:\wamp64\www\chopesgames\system\View\View.php(214): include()
#1 C:\wamp64\www\chopesgames\system\View\View.php(217): CodeIgniter\View\View->CodeIgniter\View\{closure}()
#2 C:\wamp64\www\chopesgames\system\Common.php(1097): CodeIgniter\View\View->render('templates/heade...', Array, true)
#3 C:\wamp64\www\chopesgames\app\Controllers\Visiteur.php(26): view('templates/heade...', Array)
#4 C:\wamp64\www\chopesgames\system\CodeIgniter.php(824): App\Controllers\Visiteur->accueil()
#5 C:\wamp64\www\chopesgames\system\CodeIgniter.php(410): CodeIgniter\CodeIgniter->runController(Object(App\Controllers\Visiteur))
#6 C:\wamp64\www\chopesgames\system\CodeIgniter.php(318): CodeIgniter\CodeIgniter->handleRequest(NULL, Object(Config\Cache), false)
#7 C:\wamp64\www\chopesgames\public\index.php(37): CodeIgniter\CodeIgniter->run()
#8 C:\wamp64\www\chopesgames\system\Commands\Server\rewrite.php(43): require_once('C:\\wamp64\\www\\c...')
#9 {main}
CRITICAL - 2022-03-31 03:26:48 --> Call to undefined method CodeIgniter\Session\Session::userdata()
#0 C:\wamp64\www\chopesgames\system\View\View.php(214): include()
#1 C:\wamp64\www\chopesgames\system\View\View.php(217): CodeIgniter\View\View->CodeIgniter\View\{closure}()
#2 C:\wamp64\www\chopesgames\system\Common.php(1097): CodeIgniter\View\View->render('templates/heade...', Array, true)
#3 C:\wamp64\www\chopesgames\app\Controllers\Visiteur.php(26): view('templates/heade...', Array)
#4 C:\wamp64\www\chopesgames\system\CodeIgniter.php(824): App\Controllers\Visiteur->accueil()
#5 C:\wamp64\www\chopesgames\system\CodeIgniter.php(410): CodeIgniter\CodeIgniter->runController(Object(App\Controllers\Visiteur))
#6 C:\wamp64\www\chopesgames\system\CodeIgniter.php(318): CodeIgniter\CodeIgniter->handleRequest(NULL, Object(Config\Cache), false)
#7 C:\wamp64\www\chopesgames\public\index.php(37): CodeIgniter\CodeIgniter->run()
#8 C:\wamp64\www\chopesgames\system\Commands\Server\rewrite.php(43): require_once('C:\\wamp64\\www\\c...')
#9 {main}
